CRITICAL - 2023-06-12 02:01:36 --> count(): Argument #1 ($value) must be of type Countable|array, bool given
in FCPATH\public\admin_mod\borrow_book.php on line 66.
 1 APPPATH\Views\admin\administrator.php(134): include()
 2 SYSTEMPATH\View\View.php(213): include('E:\\xampp-regina\\htdocs\\library_regina\\app\\Views\\admin\\administrator.php')
 3 SYSTEMPATH\View\View.php(216): CodeIgniter\View\View->CodeIgniter\View\{closure}()
 4 SYSTEMPATH\Common.php(1184): CodeIgniter\View\View->render('admin/administrator', [], true)
 5 APPPATH\Controllers\Admin.php(5): view('admin/administrator')
 6 SYSTEMPATH\CodeIgniter.php(934): App\Controllers\Admin->index()
 7 SYSTEMPATH\CodeIgniter.php(499): CodeIgniter\CodeIgniter->runController(Object(App\Controllers\Admin))
 8 SYSTEMPATH\CodeIgniter.php(368): CodeIgniter\CodeIgniter->handleRequest(null, Object(Config\Cache), false)
 9 FCPATH\index.php(64): CodeIgniter\CodeIgniter->run()
CRITICAL - 2023-06-12 02:15:22 --> Illegal offset type
in FCPATH\public\admin_mod\borrow_book.php on line 70.
 1 APPPATH\Views\admin\administrator.php(134): include()
 2 SYSTEMPATH\View\View.php(213): include('E:\\xampp-regina\\htdocs\\library_regina\\app\\Views\\admin\\administrator.php')
 3 SYSTEMPATH\View\View.php(216): CodeIgniter\View\View->CodeIgniter\View\{closure}()
 4 SYSTEMPATH\Common.php(1184): CodeIgniter\View\View->render('admin/administrator', [], true)
 5 APPPATH\Controllers\Admin.php(5): view('admin/administrator')
 6 SYSTEMPATH\CodeIgniter.php(934): App\Controllers\Admin->index()
 7 SYSTEMPATH\CodeIgniter.php(499): CodeIgniter\CodeIgniter->runController(Object(App\Controllers\Admin))
 8 SYSTEMPATH\CodeIgniter.php(368): CodeIgniter\CodeIgniter->handleRequest(null, Object(Config\Cache), false)
 9 FCPATH\index.php(64): CodeIgniter\CodeIgniter->run()
CRITICAL - 2023-06-12 02:15:49 --> Illegal offset type
in FCPATH\public\admin_mod\borrow_book.php on line 70.
 1 APPPATH\Views\admin\administrator.php(134): include()
 2 SYSTEMPATH\View\View.php(213): include('E:\\xampp-regina\\htdocs\\library_regina\\app\\Views\\admin\\administrator.php')
 3 SYSTEMPATH\View\View.php(216): CodeIgniter\View\View->CodeIgniter\View\{closure}()
 4 SYSTEMPATH\Common.php(1184): CodeIgniter\View\View->render('admin/administrator', [], true)
 5 APPPATH\Controllers\Admin.php(5): view('admin/administrator')
 6 SYSTEMPATH\CodeIgniter.php(934): App\Controllers\Admin->index()
 7 SYSTEMPATH\CodeIgniter.php(499): CodeIgniter\CodeIgniter->runController(Object(App\Controllers\Admin))
 8 SYSTEMPATH\CodeIgniter.php(368): CodeIgniter\CodeIgniter->handleRequest(null, Object(Config\Cache), false)
 9 FCPATH\index.php(64): CodeIgniter\CodeIgniter->run()
CRITICAL - 2023-06-12 02:19:31 --> Undefined array key "00001"
in FCPATH\public\admin_mod\borrow_book.php on line 70.
 1 FCPATH\public\admin_mod\borrow_book.php(70): CodeIgniter\Debug\Exceptions->errorHandler(2, 'Undefined array key "00001"', 'E:\\xampp-regina\\htdocs\\library_regina\\public\\admin_mod\\borrow_book.php', 70)
 2 APPPATH\Views\admin\administrator.php(134): include('E:\\xampp-regina\\htdocs\\library_regina\\public\\admin_mod\\borrow_book.php')
 3 SYSTEMPATH\View\View.php(213): include('E:\\xampp-regina\\htdocs\\library_regina\\app\\Views\\admin\\administrator.php')
 4 SYSTEMPATH\View\View.php(216): CodeIgniter\View\View->CodeIgniter\View\{closure}()
 5 SYSTEMPATH\Common.php(1184): CodeIgniter\View\View->render('admin/administrator', [], true)
 6 APPPATH\Controllers\Admin.php(5): view('admin/administrator')
 7 SYSTEMPATH\CodeIgniter.php(934): App\Controllers\Admin->index()
 8 SYSTEMPATH\CodeIgniter.php(499): CodeIgniter\CodeIgniter->runController(Object(App\Controllers\Admin))
 9 SYSTEMPATH\CodeIgniter.php(368): CodeIgniter\CodeIgniter->handleRequest(null, Object(Config\Cache), false)
10 FCPATH\index.php(64): CodeIgniter\CodeIgniter->run()
CRITICAL - 2023-06-12 02:20:35 --> Cannot use [] for reading
in FCPATH\public\admin_mod\borrow_book.php on line 66.
 1 [internal function]: CodeIgniter\Debug\Exceptions->shutdownHandler()
CRITICAL - 2023-06-12 02:29:39 --> Undefined array key 0
in FCPATH\public\admin_mod\borrow_book.php on line 79.
 1 FCPATH\public\admin_mod\borrow_book.php(79): CodeIgniter\Debug\Exceptions->errorHandler(2, 'Undefined array key 0', 'E:\\xampp-regina\\htdocs\\library_regina\\public\\admin_mod\\borrow_book.php', 79)
 2 APPPATH\Views\admin\administrator.php(134): include('E:\\xampp-regina\\htdocs\\library_regina\\public\\admin_mod\\borrow_book.php')
 3 SYSTEMPATH\View\View.php(213): include('E:\\xampp-regina\\htdocs\\library_regina\\app\\Views\\admin\\administrator.php')
 4 SYSTEMPATH\View\View.php(216): CodeIgniter\View\View->CodeIgniter\View\{closure}()
 5 SYSTEMPATH\Common.php(1184): CodeIgniter\View\View->render('admin/administrator', [], true)
 6 APPPATH\Controllers\Admin.php(5): view('admin/administrator')
 7 SYSTEMPATH\CodeIgniter.php(934): App\Controllers\Admin->index()
 8 SYSTEMPATH\CodeIgniter.php(499): CodeIgniter\CodeIgniter->runController(Object(App\Controllers\Admin))
 9 SYSTEMPATH\CodeIgniter.php(368): CodeIgniter\CodeIgniter->handleRequest(null, Object(Config\Cache), false)
10 FCPATH\index.php(64): CodeIgniter\CodeIgniter->run()
CRITICAL - 2023-06-12 02:33:45 --> Undefined array key 0
in FCPATH\public\admin_mod\borrow_book.php on line 80.
 1 FCPATH\public\admin_mod\borrow_book.php(80): CodeIgniter\Debug\Exceptions->errorHandler(2, 'Undefined array key 0', 'E:\\xampp-regina\\htdocs\\library_regina\\public\\admin_mod\\borrow_book.php', 80)
 2 APPPATH\Views\admin\administrator.php(134): include('E:\\xampp-regina\\htdocs\\library_regina\\public\\admin_mod\\borrow_book.php')
 3 SYSTEMPATH\View\View.php(213): include('E:\\xampp-regina\\htdocs\\library_regina\\app\\Views\\admin\\administrator.php')
 4 SYSTEMPATH\View\View.php(216): CodeIgniter\View\View->CodeIgniter\View\{closure}()
 5 SYSTEMPATH\Common.php(1184): CodeIgniter\View\View->render('admin/administrator', [], true)
 6 APPPATH\Controllers\Admin.php(5): view('admin/administrator')
 7 SYSTEMPATH\CodeIgniter.php(934): App\Controllers\Admin->index()
 8 SYSTEMPATH\CodeIgniter.php(499): CodeIgniter\CodeIgniter->runController(Object(App\Controllers\Admin))
 9 SYSTEMPATH\CodeIgniter.php(368): CodeIgniter\CodeIgniter->handleRequest(null, Object(Config\Cache), false)
10 FCPATH\index.php(64): CodeIgniter\CodeIgniter->run()
CRITICAL - 2023-06-12 02:37:45 --> Undefined array key 0
in FCPATH\public\admin_mod\borrow_book.php on line 80.
 1 FCPATH\public\admin_mod\borrow_book.php(80): CodeIgniter\Debug\Exceptions->errorHandler(2, 'Undefined array key 0', 'E:\\xampp-regina\\htdocs\\library_regina\\public\\admin_mod\\borrow_book.php', 80)
 2 APPPATH\Views\admin\administrator.php(134): include('E:\\xampp-regina\\htdocs\\library_regina\\public\\admin_mod\\borrow_book.php')
 3 SYSTEMPATH\View\View.php(213): include('E:\\xampp-regina\\htdocs\\library_regina\\app\\Views\\admin\\administrator.php')
 4 SYSTEMPATH\View\View.php(216): CodeIgniter\View\View->CodeIgniter\View\{closure}()
 5 SYSTEMPATH\Common.php(1184): CodeIgniter\View\View->render('admin/administrator', [], true)
 6 APPPATH\Controllers\Admin.php(5): view('admin/administrator')
 7 SYSTEMPATH\CodeIgniter.php(934): App\Controllers\Admin->index()
 8 SYSTEMPATH\CodeIgniter.php(499): CodeIgniter\CodeIgniter->runController(Object(App\Controllers\Admin))
 9 SYSTEMPATH\CodeIgniter.php(368): CodeIgniter\CodeIgniter->handleRequest(null, Object(Config\Cache), false)
10 FCPATH\index.php(64): CodeIgniter\CodeIgniter->run()
CRITICAL - 2023-06-12 02:40:41 --> Undefined array key 0
in FCPATH\public\admin_mod\borrow_book.php on line 80.
 1 FCPATH\public\admin_mod\borrow_book.php(80): CodeIgniter\Debug\Exceptions->errorHandler(2, 'Undefined array key 0', 'E:\\xampp-regina\\htdocs\\library_regina\\public\\admin_mod\\borrow_book.php', 80)
 2 APPPATH\Views\admin\administrator.php(134): include('E:\\xampp-regina\\htdocs\\library_regina\\public\\admin_mod\\borrow_book.php')
 3 SYSTEMPATH\View\View.php(213): include('E:\\xampp-regina\\htdocs\\library_regina\\app\\Views\\admin\\administrator.php')
 4 SYSTEMPATH\View\View.php(216): CodeIgniter\View\View->CodeIgniter\View\{closure}()
 5 SYSTEMPATH\Common.php(1184): CodeIgniter\View\View->render('admin/administrator', [], true)
 6 APPPATH\Controllers\Admin.php(5): view('admin/administrator')
 7 SYSTEMPATH\CodeIgniter.php(934): App\Controllers\Admin->index()
 8 SYSTEMPATH\CodeIgniter.php(499): CodeIgniter\CodeIgniter->runController(Object(App\Controllers\Admin))
 9 SYSTEMPATH\CodeIgniter.php(368): CodeIgniter\CodeIgniter->handleRequest(null, Object(Config\Cache), false)
10 FCPATH\index.php(64): CodeIgniter\CodeIgniter->run()
CRITICAL - 2023-06-12 02:44:03 --> Undefined array key 0
in FCPATH\public\admin_mod\borrow_book.php on line 80.
 1 FCPATH\public\admin_mod\borrow_book.php(80): CodeIgniter\Debug\Exceptions->errorHandler(2, 'Undefined array key 0', 'E:\\xampp-regina\\htdocs\\library_regina\\public\\admin_mod\\borrow_book.php', 80)
 2 APPPATH\Views\admin\administrator.php(134): include('E:\\xampp-regina\\htdocs\\library_regina\\public\\admin_mod\\borrow_book.php')
 3 SYSTEMPATH\View\View.php(213): include('E:\\xampp-regina\\htdocs\\library_regina\\app\\Views\\admin\\administrator.php')
 4 SYSTEMPATH\View\View.php(216): CodeIgniter\View\View->CodeIgniter\View\{closure}()
 5 SYSTEMPATH\Common.php(1184): CodeIgniter\View\View->render('admin/administrator', [], true)
 6 APPPATH\Controllers\Admin.php(5): view('admin/administrator')
 7 SYSTEMPATH\CodeIgniter.php(934): App\Controllers\Admin->index()
 8 SYSTEMPATH\CodeIgniter.php(499): CodeIgniter\CodeIgniter->runController(Object(App\Controllers\Admin))
 9 SYSTEMPATH\CodeIgniter.php(368): CodeIgniter\CodeIgniter->handleRequest(null, Object(Config\Cache), false)
10 FCPATH\index.php(64): CodeIgniter\CodeIgniter->run()
CRITICAL - 2023-06-12 02:48:10 --> Undefined array key 0
in FCPATH\public\admin_mod\borrow_book.php on line 80.
 1 FCPATH\public\admin_mod\borrow_book.php(80): CodeIgniter\Debug\Exceptions->errorHandler(2, 'Undefined array key 0', 'E:\\xampp-regina\\htdocs\\library_regina\\public\\admin_mod\\borrow_book.php', 80)
 2 APPPATH\Views\admin\administrator.php(134): include('E:\\xampp-regina\\htdocs\\library_regina\\public\\admin_mod\\borrow_book.php')
 3 SYSTEMPATH\View\View.php(213): include('E:\\xampp-regina\\htdocs\\library_regina\\app\\Views\\admin\\administrator.php')
 4 SYSTEMPATH\View\View.php(216): CodeIgniter\View\View->CodeIgniter\View\{closure}()
 5 SYSTEMPATH\Common.php(1184): CodeIgniter\View\View->render('admin/administrator', [], true)
 6 APPPATH\Controllers\Admin.php(5): view('admin/administrator')
 7 SYSTEMPATH\CodeIgniter.php(934): App\Controllers\Admin->index()
 8 SYSTEMPATH\CodeIgniter.php(499): CodeIgniter\CodeIgniter->runController(Object(App\Controllers\Admin))
 9 SYSTEMPATH\CodeIgniter.php(368): CodeIgniter\CodeIgniter->handleRequest(null, Object(Config\Cache), false)
10 FCPATH\index.php(64): CodeIgniter\CodeIgniter->run()
CRITICAL - 2023-06-12 03:26:42 --> Undefined variable $count_bb
in FCPATH\public\admin_mod\borrow_book.php on line 73.
 1 FCPATH\public\admin_mod\borrow_book.php(73): CodeIgniter\Debug\Exceptions->errorHandler(2, 'Undefined variable $count_bb', 'E:\\xampp-regina\\htdocs\\library_regina\\public\\admin_mod\\borrow_book.php', 73)
 2 APPPATH\Views\admin\administrator.php(134): include('E:\\xampp-regina\\htdocs\\library_regina\\public\\admin_mod\\borrow_book.php')
 3 SYSTEMPATH\View\View.php(213): include('E:\\xampp-regina\\htdocs\\library_regina\\app\\Views\\admin\\administrator.php')
 4 SYSTEMPATH\View\View.php(216): CodeIgniter\View\View->CodeIgniter\View\{closure}()
 5 SYSTEMPATH\Common.php(1184): CodeIgniter\View\View->render('admin/administrator', [], true)
 6 APPPATH\Controllers\Admin.php(5): view('admin/administrator')
 7 SYSTEMPATH\CodeIgniter.php(934): App\Controllers\Admin->index()
 8 SYSTEMPATH\CodeIgniter.php(499): CodeIgniter\CodeIgniter->runController(Object(App\Controllers\Admin))
 9 SYSTEMPATH\CodeIgniter.php(368): CodeIgniter\CodeIgniter->handleRequest(null, Object(Config\Cache), false)
10 FCPATH\index.php(64): CodeIgniter\CodeIgniter->run()
CRITICAL - 2023-06-12 03:48:53 --> Undefined array key "00001"
in FCPATH\public\admin_mod\borrow_book.php on line 84.
 1 FCPATH\public\admin_mod\borrow_book.php(84): CodeIgniter\Debug\Exceptions->errorHandler(2, 'Undefined array key "00001"', 'E:\\xampp-regina\\htdocs\\library_regina\\public\\admin_mod\\borrow_book.php', 84)
 2 APPPATH\Views\admin\administrator.php(134): include('E:\\xampp-regina\\htdocs\\library_regina\\public\\admin_mod\\borrow_book.php')
 3 SYSTEMPATH\View\View.php(213): include('E:\\xampp-regina\\htdocs\\library_regina\\app\\Views\\admin\\administrator.php')
 4 SYSTEMPATH\View\View.php(216): CodeIgniter\View\View->CodeIgniter\View\{closure}()
 5 SYSTEMPATH\Common.php(1184): CodeIgniter\View\View->render('admin/administrator', [], true)
 6 APPPATH\Controllers\Admin.php(5): view('admin/administrator')
 7 SYSTEMPATH\CodeIgniter.php(934): App\Controllers\Admin->index()
 8 SYSTEMPATH\CodeIgniter.php(499): CodeIgniter\CodeIgniter->runController(Object(App\Controllers\Admin))
 9 SYSTEMPATH\CodeIgniter.php(368): CodeIgniter\CodeIgniter->handleRequest(null, Object(Config\Cache), false)
10 FCPATH\index.php(64): CodeIgniter\CodeIgniter->run()
CRITICAL - 2023-06-12 03:49:35 --> Undefined array key "00001"
in FCPATH\public\admin_mod\borrow_book.php on line 84.
 1 FCPATH\public\admin_mod\borrow_book.php(84): CodeIgniter\Debug\Exceptions->errorHandler(2, 'Undefined array key "00001"', 'E:\\xampp-regina\\htdocs\\library_regina\\public\\admin_mod\\borrow_book.php', 84)
 2 APPPATH\Views\admin\administrator.php(134): include('E:\\xampp-regina\\htdocs\\library_regina\\public\\admin_mod\\borrow_book.php')
 3 SYSTEMPATH\View\View.php(213): include('E:\\xampp-regina\\htdocs\\library_regina\\app\\Views\\admin\\administrator.php')
 4 SYSTEMPATH\View\View.php(216): CodeIgniter\View\View->CodeIgniter\View\{closure}()
 5 SYSTEMPATH\Common.php(1184): CodeIgniter\View\View->render('admin/administrator', [], true)
 6 APPPATH\Controllers\Admin.php(5): view('admin/administrator')
 7 SYSTEMPATH\CodeIgniter.php(934): App\Controllers\Admin->index()
 8 SYSTEMPATH\CodeIgniter.php(499): CodeIgniter\CodeIgniter->runController(Object(App\Controllers\Admin))
 9 SYSTEMPATH\CodeIgniter.php(368): CodeIgniter\CodeIgniter->handleRequest(null, Object(Config\Cache), false)
10 FCPATH\index.php(64): CodeIgniter\CodeIgniter->run()
CRITICAL - 2023-06-12 04:27:03 --> array_count_values(): Argument #1 ($array) must be of type array, string given
in FCPATH\public\admin_mod\borrow_book.php on line 79.
 1 FCPATH\public\admin_mod\borrow_book.php(79): array_count_values('00006')
 2 APPPATH\Views\admin\administrator.php(134): include('E:\\xampp-regina\\htdocs\\library_regina\\public\\admin_mod\\borrow_book.php')
 3 SYSTEMPATH\View\View.php(213): include('E:\\xampp-regina\\htdocs\\library_regina\\app\\Views\\admin\\administrator.php')
 4 SYSTEMPATH\View\View.php(216): CodeIgniter\View\View->CodeIgniter\View\{closure}()
 5 SYSTEMPATH\Common.php(1184): CodeIgniter\View\View->render('admin/administrator', [], true)
 6 APPPATH\Controllers\Admin.php(5): view('admin/administrator')
 7 SYSTEMPATH\CodeIgniter.php(934): App\Controllers\Admin->index()
 8 SYSTEMPATH\CodeIgniter.php(499): CodeIgniter\CodeIgniter->runController(Object(App\Controllers\Admin))
 9 SYSTEMPATH\CodeIgniter.php(368): CodeIgniter\CodeIgniter->handleRequest(null, Object(Config\Cache), false)
10 FCPATH\index.php(64): CodeIgniter\CodeIgniter->run()
CRITICAL - 2023-06-12 04:29:03 --> Undefined variable $bb_error
in FCPATH\public\admin_mod\borrow_book.php on line 88.
 1 FCPATH\public\admin_mod\borrow_book.php(88): CodeIgniter\Debug\Exceptions->errorHandler(2, 'Undefined variable $bb_error', 'E:\\xampp-regina\\htdocs\\library_regina\\public\\admin_mod\\borrow_book.php', 88)
 2 APPPATH\Views\admin\administrator.php(134): include('E:\\xampp-regina\\htdocs\\library_regina\\public\\admin_mod\\borrow_book.php')
 3 SYSTEMPATH\View\View.php(213): include('E:\\xampp-regina\\htdocs\\library_regina\\app\\Views\\admin\\administrator.php')
 4 SYSTEMPATH\View\View.php(216): CodeIgniter\View\View->CodeIgniter\View\{closure}()
 5 SYSTEMPATH\Common.php(1184): CodeIgniter\View\View->render('admin/administrator', [], true)
 6 APPPATH\Controllers\Admin.php(5): view('admin/administrator')
 7 SYSTEMPATH\CodeIgniter.php(934): App\Controllers\Admin->index()
 8 SYSTEMPATH\CodeIgniter.php(499): CodeIgniter\CodeIgniter->runController(Object(App\Controllers\Admin))
 9 SYSTEMPATH\CodeIgniter.php(368): CodeIgniter\CodeIgniter->handleRequest(null, Object(Config\Cache), false)
10 FCPATH\index.php(64): CodeIgniter\CodeIgniter->run()
CRITICAL - 2023-06-12 04:30:23 --> Array to string conversion
in FCPATH\public\admin_mod\borrow_book.php on line 104.
 1 FCPATH\public\admin_mod\borrow_book.php(104): CodeIgniter\Debug\Exceptions->errorHandler(2, 'Array to string conversion', 'E:\\xampp-regina\\htdocs\\library_regina\\public\\admin_mod\\borrow_book.php', 104)
 2 APPPATH\Views\admin\administrator.php(134): include('E:\\xampp-regina\\htdocs\\library_regina\\public\\admin_mod\\borrow_book.php')
 3 SYSTEMPATH\View\View.php(213): include('E:\\xampp-regina\\htdocs\\library_regina\\app\\Views\\admin\\administrator.php')
 4 SYSTEMPATH\View\View.php(216): CodeIgniter\View\View->CodeIgniter\View\{closure}()
 5 SYSTEMPATH\Common.php(1184): CodeIgniter\View\View->render('admin/administrator', [], true)
 6 APPPATH\Controllers\Admin.php(5): view('admin/administrator')
 7 SYSTEMPATH\CodeIgniter.php(934): App\Controllers\Admin->index()
 8 SYSTEMPATH\CodeIgniter.php(499): CodeIgniter\CodeIgniter->runController(Object(App\Controllers\Admin))
 9 SYSTEMPATH\CodeIgniter.php(368): CodeIgniter\CodeIgniter->handleRequest(null, Object(Config\Cache), false)
10 FCPATH\index.php(64): CodeIgniter\CodeIgniter->run()
CRITICAL - 2023-06-12 04:33:24 --> Array to string conversion
in FCPATH\public\admin_mod\borrow_book.php on line 104.
 1 FCPATH\public\admin_mod\borrow_book.php(104): CodeIgniter\Debug\Exceptions->errorHandler(2, 'Array to string conversion', 'E:\\xampp-regina\\htdocs\\library_regina\\public\\admin_mod\\borrow_book.php', 104)
 2 APPPATH\Views\admin\administrator.php(134): include('E:\\xampp-regina\\htdocs\\library_regina\\public\\admin_mod\\borrow_book.php')
 3 SYSTEMPATH\View\View.php(213): include('E:\\xampp-regina\\htdocs\\library_regina\\app\\Views\\admin\\administrator.php')
 4 SYSTEMPATH\View\View.php(216): CodeIgniter\View\View->CodeIgniter\View\{closure}()
 5 SYSTEMPATH\Common.php(1184): CodeIgniter\View\View->render('admin/administrator', [], true)
 6 APPPATH\Controllers\Admin.php(5): view('admin/administrator')
 7 SYSTEMPATH\CodeIgniter.php(934): App\Controllers\Admin->index()
 8 SYSTEMPATH\CodeIgniter.php(499): CodeIgniter\CodeIgniter->runController(Object(App\Controllers\Admin))
 9 SYSTEMPATH\CodeIgniter.php(368): CodeIgniter\CodeIgniter->handleRequest(null, Object(Config\Cache), false)
10 FCPATH\index.php(64): CodeIgniter\CodeIgniter->run()
CRITICAL - 2023-06-12 04:33:54 --> Array to string conversion
in FCPATH\public\admin_mod\borrow_book.php on line 104.
 1 FCPATH\public\admin_mod\borrow_book.php(104): CodeIgniter\Debug\Exceptions->errorHandler(2, 'Array to string conversion', 'E:\\xampp-regina\\htdocs\\library_regina\\public\\admin_mod\\borrow_book.php', 104)
 2 APPPATH\Views\admin\administrator.php(134): include('E:\\xampp-regina\\htdocs\\library_regina\\public\\admin_mod\\borrow_book.php')
 3 SYSTEMPATH\View\View.php(213): include('E:\\xampp-regina\\htdocs\\library_regina\\app\\Views\\admin\\administrator.php')
 4 SYSTEMPATH\View\View.php(216): CodeIgniter\View\View->CodeIgniter\View\{closure}()
 5 SYSTEMPATH\Common.php(1184): CodeIgniter\View\View->render('admin/administrator', [], true)
 6 APPPATH\Controllers\Admin.php(5): view('admin/administrator')
 7 SYSTEMPATH\CodeIgniter.php(934): App\Controllers\Admin->index()
 8 SYSTEMPATH\CodeIgniter.php(499): CodeIgniter\CodeIgniter->runController(Object(App\Controllers\Admin))
 9 SYSTEMPATH\CodeIgniter.php(368): CodeIgniter\CodeIgniter->handleRequest(null, Object(Config\Cache), false)
10 FCPATH\index.php(64): CodeIgniter\CodeIgniter->run()
CRITICAL - 2023-06-12 04:38:53 --> Array to string conversion
in FCPATH\public\admin_mod\borrow_book.php on line 105.
 1 FCPATH\public\admin_mod\borrow_book.php(105): CodeIgniter\Debug\Exceptions->errorHandler(2, 'Array to string conversion', 'E:\\xampp-regina\\htdocs\\library_regina\\public\\admin_mod\\borrow_book.php', 105)
 2 APPPATH\Views\admin\administrator.php(134): include('E:\\xampp-regina\\htdocs\\library_regina\\public\\admin_mod\\borrow_book.php')
 3 SYSTEMPATH\View\View.php(213): include('E:\\xampp-regina\\htdocs\\library_regina\\app\\Views\\admin\\administrator.php')
 4 SYSTEMPATH\View\View.php(216): CodeIgniter\View\View->CodeIgniter\View\{closure}()
 5 SYSTEMPATH\Common.php(1184): CodeIgniter\View\View->render('admin/administrator', [], true)
 6 APPPATH\Controllers\Admin.php(5): view('admin/administrator')
 7 SYSTEMPATH\CodeIgniter.php(934): App\Controllers\Admin->index()
 8 SYSTEMPATH\CodeIgniter.php(499): CodeIgniter\CodeIgniter->runController(Object(App\Controllers\Admin))
 9 SYSTEMPATH\CodeIgniter.php(368): CodeIgniter\CodeIgniter->handleRequest(null, Object(Config\Cache), false)
10 FCPATH\index.php(64): CodeIgniter\CodeIgniter->run()
CRITICAL - 2023-06-12 04:46:08 --> Undefined array key "00006"
in FCPATH\public\admin_mod\borrow_book.php on line 80.
 1 FCPATH\public\admin_mod\borrow_book.php(80): CodeIgniter\Debug\Exceptions->errorHandler(2, 'Undefined array key "00006"', 'E:\\xampp-regina\\htdocs\\library_regina\\public\\admin_mod\\borrow_book.php', 80)
 2 APPPATH\Views\admin\administrator.php(134): include('E:\\xampp-regina\\htdocs\\library_regina\\public\\admin_mod\\borrow_book.php')
 3 SYSTEMPATH\View\View.php(213): include('E:\\xampp-regina\\htdocs\\library_regina\\app\\Views\\admin\\administrator.php')
 4 SYSTEMPATH\View\View.php(216): CodeIgniter\View\View->CodeIgniter\View\{closure}()
 5 SYSTEMPATH\Common.php(1184): CodeIgniter\View\View->render('admin/administrator', [], true)
 6 APPPATH\Controllers\Admin.php(5): view('admin/administrator')
 7 SYSTEMPATH\CodeIgniter.php(934): App\Controllers\Admin->index()
 8 SYSTEMPATH\CodeIgniter.php(499): CodeIgniter\CodeIgniter->runController(Object(App\Controllers\Admin))
 9 SYSTEMPATH\CodeIgniter.php(368): CodeIgniter\CodeIgniter->handleRequest(null, Object(Config\Cache), false)
10 FCPATH\index.php(64): CodeIgniter\CodeIgniter->run()
CRITICAL - 2023-06-12 04:50:30 --> Undefined array key "one"
in FCPATH\public\admin_mod\borrow_book.php on line 91.
 1 FCPATH\public\admin_mod\borrow_book.php(91): CodeIgniter\Debug\Exceptions->errorHandler(2, 'Undefined array key "one"', 'E:\\xampp-regina\\htdocs\\library_regina\\public\\admin_mod\\borrow_book.php', 91)
 2 APPPATH\Views\admin\administrator.php(134): include('E:\\xampp-regina\\htdocs\\library_regina\\public\\admin_mod\\borrow_book.php')
 3 SYSTEMPATH\View\View.php(213): include('E:\\xampp-regina\\htdocs\\library_regina\\app\\Views\\admin\\administrator.php')
 4 SYSTEMPATH\View\View.php(216): CodeIgniter\View\View->CodeIgniter\View\{closure}()
 5 SYSTEMPATH\Common.php(1184): CodeIgniter\View\View->render('admin/administrator', [], true)
 6 APPPATH\Controllers\Admin.php(5): view('admin/administrator')
 7 SYSTEMPATH\CodeIgniter.php(934): App\Controllers\Admin->index()
 8 SYSTEMPATH\CodeIgniter.php(499): CodeIgniter\CodeIgniter->runController(Object(App\Controllers\Admin))
 9 SYSTEMPATH\CodeIgniter.php(368): CodeIgniter\CodeIgniter->handleRequest(null, Object(Config\Cache), false)
10 FCPATH\index.php(64): CodeIgniter\CodeIgniter->run()
CRITICAL - 2023-06-12 04:52:21 --> Undefined variable $check
in FCPATH\public\admin_mod\borrow_book.php on line 91.
 1 FCPATH\public\admin_mod\borrow_book.php(91): CodeIgniter\Debug\Exceptions->errorHandler(2, 'Undefined variable $check', 'E:\\xampp-regina\\htdocs\\library_regina\\public\\admin_mod\\borrow_book.php', 91)
 2 APPPATH\Views\admin\administrator.php(134): include('E:\\xampp-regina\\htdocs\\library_regina\\public\\admin_mod\\borrow_book.php')
 3 SYSTEMPATH\View\View.php(213): include('E:\\xampp-regina\\htdocs\\library_regina\\app\\Views\\admin\\administrator.php')
 4 SYSTEMPATH\View\View.php(216): CodeIgniter\View\View->CodeIgniter\View\{closure}()
 5 SYSTEMPATH\Common.php(1184): CodeIgniter\View\View->render('admin/administrator', [], true)
 6 APPPATH\Controllers\Admin.php(5): view('admin/administrator')
 7 SYSTEMPATH\CodeIgniter.php(934): App\Controllers\Admin->index()
 8 SYSTEMPATH\CodeIgniter.php(499): CodeIgniter\CodeIgniter->runController(Object(App\Controllers\Admin))
 9 SYSTEMPATH\CodeIgniter.php(368): CodeIgniter\CodeIgniter->handleRequest(null, Object(Config\Cache), false)
10 FCPATH\index.php(64): CodeIgniter\CodeIgniter->run()
CRITICAL - 2023-06-12 04:52:59 --> Undefined array key "one"
in FCPATH\public\admin_mod\borrow_book.php on line 91.
 1 FCPATH\public\admin_mod\borrow_book.php(91): CodeIgniter\Debug\Exceptions->errorHandler(2, 'Undefined array key "one"', 'E:\\xampp-regina\\htdocs\\library_regina\\public\\admin_mod\\borrow_book.php', 91)
 2 APPPATH\Views\admin\administrator.php(134): include('E:\\xampp-regina\\htdocs\\library_regina\\public\\admin_mod\\borrow_book.php')
 3 SYSTEMPATH\View\View.php(213): include('E:\\xampp-regina\\htdocs\\library_regina\\app\\Views\\admin\\administrator.php')
 4 SYSTEMPATH\View\View.php(216): CodeIgniter\View\View->CodeIgniter\View\{closure}()
 5 SYSTEMPATH\Common.php(1184): CodeIgniter\View\View->render('admin/administrator', [], true)
 6 APPPATH\Controllers\Admin.php(5): view('admin/administrator')
 7 SYSTEMPATH\CodeIgniter.php(934): App\Controllers\Admin->index()
 8 SYSTEMPATH\CodeIgniter.php(499): CodeIgniter\CodeIgniter->runController(Object(App\Controllers\Admin))
 9 SYSTEMPATH\CodeIgniter.php(368): CodeIgniter\CodeIgniter->handleRequest(null, Object(Config\Cache), false)
10 FCPATH\index.php(64): CodeIgniter\CodeIgniter->run()
CRITICAL - 2023-06-12 04:56:14 --> Undefined array key "one"
in FCPATH\public\admin_mod\borrow_book.php on line 91.
 1 FCPATH\public\admin_mod\borrow_book.php(91): CodeIgniter\Debug\Exceptions->errorHandler(2, 'Undefined array key "one"', 'E:\\xampp-regina\\htdocs\\library_regina\\public\\admin_mod\\borrow_book.php', 91)
 2 APPPATH\Views\admin\administrator.php(134): include('E:\\xampp-regina\\htdocs\\library_regina\\public\\admin_mod\\borrow_book.php')
 3 SYSTEMPATH\View\View.php(213): include('E:\\xampp-regina\\htdocs\\library_regina\\app\\Views\\admin\\administrator.php')
 4 SYSTEMPATH\View\View.php(216): CodeIgniter\View\View->CodeIgniter\View\{closure}()
 5 SYSTEMPATH\Common.php(1184): CodeIgniter\View\View->render('admin/administrator', [], true)
 6 APPPATH\Controllers\Admin.php(5): view('admin/administrator')
 7 SYSTEMPATH\CodeIgniter.php(934): App\Controllers\Admin->index()
 8 SYSTEMPATH\CodeIgniter.php(499): CodeIgniter\CodeIgniter->runController(Object(App\Controllers\Admin))
 9 SYSTEMPATH\CodeIgniter.php(368): CodeIgniter\CodeIgniter->handleRequest(null, Object(Config\Cache), false)
10 FCPATH\index.php(64): CodeIgniter\CodeIgniter->run()
CRITICAL - 2023-06-12 04:58:06 --> Undefined array key "one"
in FCPATH\public\admin_mod\borrow_book.php on line 91.
 1 FCPATH\public\admin_mod\borrow_book.php(91): CodeIgniter\Debug\Exceptions->errorHandler(2, 'Undefined array key "one"', 'E:\\xampp-regina\\htdocs\\library_regina\\public\\admin_mod\\borrow_book.php', 91)
 2 APPPATH\Views\admin\administrator.php(134): include('E:\\xampp-regina\\htdocs\\library_regina\\public\\admin_mod\\borrow_book.php')
 3 SYSTEMPATH\View\View.php(213): include('E:\\xampp-regina\\htdocs\\library_regina\\app\\Views\\admin\\administrator.php')
 4 SYSTEMPATH\View\View.php(216): CodeIgniter\View\View->CodeIgniter\View\{closure}()
 5 SYSTEMPATH\Common.php(1184): CodeIgniter\View\View->render('admin/administrator', [], true)
 6 APPPATH\Controllers\Admin.php(5): view('admin/administrator')
 7 SYSTEMPATH\CodeIgniter.php(934): App\Controllers\Admin->index()
 8 SYSTEMPATH\CodeIgniter.php(499): CodeIgniter\CodeIgniter->runController(Object(App\Controllers\Admin))
 9 SYSTEMPATH\CodeIgniter.php(368): CodeIgniter\CodeIgniter->handleRequest(null, Object(Config\Cache), false)
10 FCPATH\index.php(64): CodeIgniter\CodeIgniter->run()
CRITICAL - 2023-06-12 04:59:15 --> Undefined array key "one"
in FCPATH\public\admin_mod\borrow_book.php on line 92.
 1 FCPATH\public\admin_mod\borrow_book.php(92): CodeIgniter\Debug\Exceptions->errorHandler(2, 'Undefined array key "one"', 'E:\\xampp-regina\\htdocs\\library_regina\\public\\admin_mod\\borrow_book.php', 92)
 2 APPPATH\Views\admin\administrator.php(134): include('E:\\xampp-regina\\htdocs\\library_regina\\public\\admin_mod\\borrow_book.php')
 3 SYSTEMPATH\View\View.php(213): include('E:\\xampp-regina\\htdocs\\library_regina\\app\\Views\\admin\\administrator.php')
 4 SYSTEMPATH\View\View.php(216): CodeIgniter\View\View->CodeIgniter\View\{closure}()
 5 SYSTEMPATH\Common.php(1184): CodeIgniter\View\View->render('admin/administrator', [], true)
 6 APPPATH\Controllers\Admin.php(5): view('admin/administrator')
 7 SYSTEMPATH\CodeIgniter.php(934): App\Controllers\Admin->index()
 8 SYSTEMPATH\CodeIgniter.php(499): CodeIgniter\CodeIgniter->runController(Object(App\Controllers\Admin))
 9 SYSTEMPATH\CodeIgniter.php(368): CodeIgniter\CodeIgniter->handleRequest(null, Object(Config\Cache), false)
10 FCPATH\index.php(64): CodeIgniter\CodeIgniter->run()
CRITICAL - 2023-06-12 05:04:10 --> Array callback must have exactly two elements
in FCPATH\public\admin_mod\borrow_book.php on line 91.
 1 APPPATH\Views\admin\administrator.php(134): include()
 2 SYSTEMPATH\View\View.php(213): include('E:\\xampp-regina\\htdocs\\library_regina\\app\\Views\\admin\\administrator.php')
 3 SYSTEMPATH\View\View.php(216): CodeIgniter\View\View->CodeIgniter\View\{closure}()
 4 SYSTEMPATH\Common.php(1184): CodeIgniter\View\View->render('admin/administrator', [], true)
 5 APPPATH\Controllers\Admin.php(5): view('admin/administrator')
 6 SYSTEMPATH\CodeIgniter.php(934): App\Controllers\Admin->index()
 7 SYSTEMPATH\CodeIgniter.php(499): CodeIgniter\CodeIgniter->runController(Object(App\Controllers\Admin))
 8 SYSTEMPATH\CodeIgniter.php(368): CodeIgniter\CodeIgniter->handleRequest(null, Object(Config\Cache), false)
 9 FCPATH\index.php(64): CodeIgniter\CodeIgniter->run()
CRITICAL - 2023-06-12 05:04:38 --> Undefined array key "one"
in FCPATH\public\admin_mod\borrow_book.php on line 91.
 1 FCPATH\public\admin_mod\borrow_book.php(91): CodeIgniter\Debug\Exceptions->errorHandler(2, 'Undefined array key "one"', 'E:\\xampp-regina\\htdocs\\library_regina\\public\\admin_mod\\borrow_book.php', 91)
 2 APPPATH\Views\admin\administrator.php(134): include('E:\\xampp-regina\\htdocs\\library_regina\\public\\admin_mod\\borrow_book.php')
 3 SYSTEMPATH\View\View.php(213): include('E:\\xampp-regina\\htdocs\\library_regina\\app\\Views\\admin\\administrator.php')
 4 SYSTEMPATH\View\View.php(216): CodeIgniter\View\View->CodeIgniter\View\{closure}()
 5 SYSTEMPATH\Common.php(1184): CodeIgniter\View\View->render('admin/administrator', [], true)
 6 APPPATH\Controllers\Admin.php(5): view('admin/administrator')
 7 SYSTEMPATH\CodeIgniter.php(934): App\Controllers\Admin->index()
 8 SYSTEMPATH\CodeIgniter.php(499): CodeIgniter\CodeIgniter->runController(Object(App\Controllers\Admin))
 9 SYSTEMPATH\CodeIgniter.php(368): CodeIgniter\CodeIgniter->handleRequest(null, Object(Config\Cache), false)
10 FCPATH\index.php(64): CodeIgniter\CodeIgniter->run()
CRITICAL - 2023-06-12 05:19:38 --> Undefined array key 0
in FCPATH\public\admin_mod\borrow_book.php on line 85.
 1 FCPATH\public\admin_mod\borrow_book.php(85): CodeIgniter\Debug\Exceptions->errorHandler(2, 'Undefined array key 0', 'E:\\xampp-regina\\htdocs\\library_regina\\public\\admin_mod\\borrow_book.php', 85)
 2 APPPATH\Views\admin\administrator.php(134): include('E:\\xampp-regina\\htdocs\\library_regina\\public\\admin_mod\\borrow_book.php')
 3 SYSTEMPATH\View\View.php(213): include('E:\\xampp-regina\\htdocs\\library_regina\\app\\Views\\admin\\administrator.php')
 4 SYSTEMPATH\View\View.php(216): CodeIgniter\View\View->CodeIgniter\View\{closure}()
 5 SYSTEMPATH\Common.php(1184): CodeIgniter\View\View->render('admin/administrator', [], true)
 6 APPPATH\Controllers\Admin.php(5): view('admin/administrator')
 7 SYSTEMPATH\CodeIgniter.php(934): App\Controllers\Admin->index()
 8 SYSTEMPATH\CodeIgniter.php(499): CodeIgniter\CodeIgniter->runController(Object(App\Controllers\Admin))
 9 SYSTEMPATH\CodeIgniter.php(368): CodeIgniter\CodeIgniter->handleRequest(null, Object(Config\Cache), false)
10 FCPATH\index.php(64): CodeIgniter\CodeIgniter->run()
CRITICAL - 2023-06-12 05:22:24 --> Undefined array key 0
in FCPATH\public\admin_mod\borrow_book.php on line 84.
 1 FCPATH\public\admin_mod\borrow_book.php(84): CodeIgniter\Debug\Exceptions->errorHandler(2, 'Undefined array key 0', 'E:\\xampp-regina\\htdocs\\library_regina\\public\\admin_mod\\borrow_book.php', 84)
 2 APPPATH\Views\admin\administrator.php(134): include('E:\\xampp-regina\\htdocs\\library_regina\\public\\admin_mod\\borrow_book.php')
 3 SYSTEMPATH\View\View.php(213): include('E:\\xampp-regina\\htdocs\\library_regina\\app\\Views\\admin\\administrator.php')
 4 SYSTEMPATH\View\View.php(216): CodeIgniter\View\View->CodeIgniter\View\{closure}()
 5 SYSTEMPATH\Common.php(1184): CodeIgniter\View\View->render('admin/administrator', [], true)
 6 APPPATH\Controllers\Admin.php(5): view('admin/administrator')
 7 SYSTEMPATH\CodeIgniter.php(934): App\Controllers\Admin->index()
 8 SYSTEMPATH\CodeIgniter.php(499): CodeIgniter\CodeIgniter->runController(Object(App\Controllers\Admin))
 9 SYSTEMPATH\CodeIgniter.php(368): CodeIgniter\CodeIgniter->handleRequest(null, Object(Config\Cache), false)
10 FCPATH\index.php(64): CodeIgniter\CodeIgniter->run()
CRITICAL - 2023-06-12 05:22:43 --> Undefined array key 0
in FCPATH\public\admin_mod\borrow_book.php on line 84.
 1 FCPATH\public\admin_mod\borrow_book.php(84): CodeIgniter\Debug\Exceptions->errorHandler(2, 'Undefined array key 0', 'E:\\xampp-regina\\htdocs\\library_regina\\public\\admin_mod\\borrow_book.php', 84)
 2 APPPATH\Views\admin\administrator.php(134): include('E:\\xampp-regina\\htdocs\\library_regina\\public\\admin_mod\\borrow_book.php')
 3 SYSTEMPATH\View\View.php(213): include('E:\\xampp-regina\\htdocs\\library_regina\\app\\Views\\admin\\administrator.php')
 4 SYSTEMPATH\View\View.php(216): CodeIgniter\View\View->CodeIgniter\View\{closure}()
 5 SYSTEMPATH\Common.php(1184): CodeIgniter\View\View->render('admin/administrator', [], true)
 6 APPPATH\Controllers\Admin.php(5): view('admin/administrator')
 7 SYSTEMPATH\CodeIgniter.php(934): App\Controllers\Admin->index()
 8 SYSTEMPATH\CodeIgniter.php(499): CodeIgniter\CodeIgniter->runController(Object(App\Controllers\Admin))
 9 SYSTEMPATH\CodeIgniter.php(368): CodeIgniter\CodeIgniter->handleRequest(null, Object(Config\Cache), false)
10 FCPATH\index.php(64): CodeIgniter\CodeIgniter->run()
CRITICAL - 2023-06-12 11:13:41 --> Undefined variable $count_book_test
in FCPATH\public\database\class_borrow_book.php on line 196.
 1 FCPATH\public\database\class_borrow_book.php(196): CodeIgniter\Debug\Exceptions->errorHandler(2, 'Undefined variable $count_book_test', 'E:\\xampp-regina\\htdocs\\library_regina\\public\\database\\class_borrow_book.php', 196)
 2 FCPATH\public\admin_mod\borrow_book.php(82): test_books_data->__construct('ddd')
 3 APPPATH\Views\admin\administrator.php(134): include('E:\\xampp-regina\\htdocs\\library_regina\\public\\admin_mod\\borrow_book.php')
 4 SYSTEMPATH\View\View.php(213): include('E:\\xampp-regina\\htdocs\\library_regina\\app\\Views\\admin\\administrator.php')
 5 SYSTEMPATH\View\View.php(216): CodeIgniter\View\View->CodeIgniter\View\{closure}()
 6 SYSTEMPATH\Common.php(1184): CodeIgniter\View\View->render('admin/administrator', [], true)
 7 APPPATH\Controllers\Admin.php(5): view('admin/administrator')
 8 SYSTEMPATH\CodeIgniter.php(934): App\Controllers\Admin->index()
 9 SYSTEMPATH\CodeIgniter.php(499): CodeIgniter\CodeIgniter->runController(Object(App\Controllers\Admin))
10 SYSTEMPATH\CodeIgniter.php(368): CodeIgniter\CodeIgniter->handleRequest(null, Object(Config\Cache), false)
11 FCPATH\index.php(64): CodeIgniter\CodeIgniter->run()
CRITICAL - 2023-06-12 11:15:07 --> Undefined variable $count_book_test
in FCPATH\public\database\class_borrow_book.php on line 196.
 1 FCPATH\public\database\class_borrow_book.php(196): CodeIgniter\Debug\Exceptions->errorHandler(2, 'Undefined variable $count_book_test', 'E:\\xampp-regina\\htdocs\\library_regina\\public\\database\\class_borrow_book.php', 196)
 2 FCPATH\public\admin_mod\borrow_book.php(82): test_books_data->__construct('ddd')
 3 APPPATH\Views\admin\administrator.php(134): include('E:\\xampp-regina\\htdocs\\library_regina\\public\\admin_mod\\borrow_book.php')
 4 SYSTEMPATH\View\View.php(213): include('E:\\xampp-regina\\htdocs\\library_regina\\app\\Views\\admin\\administrator.php')
 5 SYSTEMPATH\View\View.php(216): CodeIgniter\View\View->CodeIgniter\View\{closure}()
 6 SYSTEMPATH\Common.php(1184): CodeIgniter\View\View->render('admin/administrator', [], true)
 7 APPPATH\Controllers\Admin.php(5): view('admin/administrator')
 8 SYSTEMPATH\CodeIgniter.php(934): App\Controllers\Admin->index()
 9 SYSTEMPATH\CodeIgniter.php(499): CodeIgniter\CodeIgniter->runController(Object(App\Controllers\Admin))
10 SYSTEMPATH\CodeIgniter.php(368): CodeIgniter\CodeIgniter->handleRequest(null, Object(Config\Cache), false)
11 FCPATH\index.php(64): CodeIgniter\CodeIgniter->run()
CRITICAL - 2023-06-12 11:47:38 --> Undefined variable $kbb_book_key
in FCPATH\public\admin_mod\borrow_book.php on line 104.
 1 FCPATH\public\admin_mod\borrow_book.php(104): CodeIgniter\Debug\Exceptions->errorHandler(2, 'Undefined variable $kbb_book_key', 'E:\\xampp-regina\\htdocs\\library_regina\\public\\admin_mod\\borrow_book.php', 104)
 2 APPPATH\Views\admin\administrator.php(134): include('E:\\xampp-regina\\htdocs\\library_regina\\public\\admin_mod\\borrow_book.php')
 3 SYSTEMPATH\View\View.php(213): include('E:\\xampp-regina\\htdocs\\library_regina\\app\\Views\\admin\\administrator.php')
 4 SYSTEMPATH\View\View.php(216): CodeIgniter\View\View->CodeIgniter\View\{closure}()
 5 SYSTEMPATH\Common.php(1184): CodeIgniter\View\View->render('admin/administrator', [], true)
 6 APPPATH\Controllers\Admin.php(5): view('admin/administrator')
 7 SYSTEMPATH\CodeIgniter.php(934): App\Controllers\Admin->index()
 8 SYSTEMPATH\CodeIgniter.php(499): CodeIgniter\CodeIgniter->runController(Object(App\Controllers\Admin))
 9 SYSTEMPATH\CodeIgniter.php(368): CodeIgniter\CodeIgniter->handleRequest(null, Object(Config\Cache), false)
10 FCPATH\index.php(64): CodeIgniter\CodeIgniter->run()
CRITICAL - 2023-06-12 12:04:57 --> Undefined variable $book_key
in FCPATH\public\admin_mod\borrow_book.php on line 97.
 1 FCPATH\public\admin_mod\borrow_book.php(97): CodeIgniter\Debug\Exceptions->errorHandler(2, 'Undefined variable $book_key', 'E:\\xampp-regina\\htdocs\\library_regina\\public\\admin_mod\\borrow_book.php', 97)
 2 APPPATH\Views\admin\administrator.php(134): include('E:\\xampp-regina\\htdocs\\library_regina\\public\\admin_mod\\borrow_book.php')
 3 SYSTEMPATH\View\View.php(213): include('E:\\xampp-regina\\htdocs\\library_regina\\app\\Views\\admin\\administrator.php')
 4 SYSTEMPATH\View\View.php(216): CodeIgniter\View\View->CodeIgniter\View\{closure}()
 5 SYSTEMPATH\Common.php(1184): CodeIgniter\View\View->render('admin/administrator', [], true)
 6 APPPATH\Controllers\Admin.php(5): view('admin/administrator')
 7 SYSTEMPATH\CodeIgniter.php(934): App\Controllers\Admin->index()
 8 SYSTEMPATH\CodeIgniter.php(499): CodeIgniter\CodeIgniter->runController(Object(App\Controllers\Admin))
 9 SYSTEMPATH\CodeIgniter.php(368): CodeIgniter\CodeIgniter->handleRequest(null, Object(Config\Cache), false)
10 FCPATH\index.php(64): CodeIgniter\CodeIgniter->run()
CRITICAL - 2023-06-12 12:05:10 --> Undefined variable $book_key
in FCPATH\public\admin_mod\borrow_book.php on line 97.
 1 FCPATH\public\admin_mod\borrow_book.php(97): CodeIgniter\Debug\Exceptions->errorHandler(2, 'Undefined variable $book_key', 'E:\\xampp-regina\\htdocs\\library_regina\\public\\admin_mod\\borrow_book.php', 97)
 2 APPPATH\Views\admin\administrator.php(134): include('E:\\xampp-regina\\htdocs\\library_regina\\public\\admin_mod\\borrow_book.php')
 3 SYSTEMPATH\View\View.php(213): include('E:\\xampp-regina\\htdocs\\library_regina\\app\\Views\\admin\\administrator.php')
 4 SYSTEMPATH\View\View.php(216): CodeIgniter\View\View->CodeIgniter\View\{closure}()
 5 SYSTEMPATH\Common.php(1184): CodeIgniter\View\View->render('admin/administrator', [], true)
 6 APPPATH\Controllers\Admin.php(5): view('admin/administrator')
 7 SYSTEMPATH\CodeIgniter.php(934): App\Controllers\Admin->index()
 8 SYSTEMPATH\CodeIgniter.php(499): CodeIgniter\CodeIgniter->runController(Object(App\Controllers\Admin))
 9 SYSTEMPATH\CodeIgniter.php(368): CodeIgniter\CodeIgniter->handleRequest(null, Object(Config\Cache), false)
10 FCPATH\index.php(64): CodeIgniter\CodeIgniter->run()
CRITICAL - 2023-06-12 12:06:42 --> Undefined variable $book_key
in FCPATH\public\admin_mod\borrow_book.php on line 97.
 1 FCPATH\public\admin_mod\borrow_book.php(97): CodeIgniter\Debug\Exceptions->errorHandler(2, 'Undefined variable $book_key', 'E:\\xampp-regina\\htdocs\\library_regina\\public\\admin_mod\\borrow_book.php', 97)
 2 APPPATH\Views\admin\administrator.php(134): include('E:\\xampp-regina\\htdocs\\library_regina\\public\\admin_mod\\borrow_book.php')
 3 SYSTEMPATH\View\View.php(213): include('E:\\xampp-regina\\htdocs\\library_regina\\app\\Views\\admin\\administrator.php')
 4 SYSTEMPATH\View\View.php(216): CodeIgniter\View\View->CodeIgniter\View\{closure}()
 5 SYSTEMPATH\Common.php(1184): CodeIgniter\View\View->render('admin/administrator', [], true)
 6 APPPATH\Controllers\Admin.php(5): view('admin/administrator')
 7 SYSTEMPATH\CodeIgniter.php(934): App\Controllers\Admin->index()
 8 SYSTEMPATH\CodeIgniter.php(499): CodeIgniter\CodeIgniter->runController(Object(App\Controllers\Admin))
 9 SYSTEMPATH\CodeIgniter.php(368): CodeIgniter\CodeIgniter->handleRequest(null, Object(Config\Cache), false)
10 FCPATH\index.php(64): CodeIgniter\CodeIgniter->run()
CRITICAL - 2023-06-12 12:09:27 --> Undefined variable $book_key
in FCPATH\public\admin_mod\borrow_book.php on line 99.
 1 FCPATH\public\admin_mod\borrow_book.php(99): CodeIgniter\Debug\Exceptions->errorHandler(2, 'Undefined variable $book_key', 'E:\\xampp-regina\\htdocs\\library_regina\\public\\admin_mod\\borrow_book.php', 99)
 2 APPPATH\Views\admin\administrator.php(134): include('E:\\xampp-regina\\htdocs\\library_regina\\public\\admin_mod\\borrow_book.php')
 3 SYSTEMPATH\View\View.php(213): include('E:\\xampp-regina\\htdocs\\library_regina\\app\\Views\\admin\\administrator.php')
 4 SYSTEMPATH\View\View.php(216): CodeIgniter\View\View->CodeIgniter\View\{closure}()
 5 SYSTEMPATH\Common.php(1184): CodeIgniter\View\View->render('admin/administrator', [], true)
 6 APPPATH\Controllers\Admin.php(5): view('admin/administrator')
 7 SYSTEMPATH\CodeIgniter.php(934): App\Controllers\Admin->index()
 8 SYSTEMPATH\CodeIgniter.php(499): CodeIgniter\CodeIgniter->runController(Object(App\Controllers\Admin))
 9 SYSTEMPATH\CodeIgniter.php(368): CodeIgniter\CodeIgniter->handleRequest(null, Object(Config\Cache), false)
10 FCPATH\index.php(64): CodeIgniter\CodeIgniter->run()
CRITICAL - 2023-06-12 12:32:12 --> Undefined property: Key_borrow::$borrowed_date
in FCPATH\public\database\class_borrow_book.php on line 218.
 1 FCPATH\public\database\class_borrow_book.php(218): CodeIgniter\Debug\Exceptions->errorHandler(2, 'Undefined property: Key_borrow::$borrowed_date', 'E:\\xampp-regina\\htdocs\\library_regina\\public\\database\\class_borrow_book.php', 218)
 2 FCPATH\public\admin_mod\borrow_book.php(100): Key_borrow->__construct()
 3 APPPATH\Views\admin\administrator.php(134): include('E:\\xampp-regina\\htdocs\\library_regina\\public\\admin_mod\\borrow_book.php')
 4 SYSTEMPATH\View\View.php(213): include('E:\\xampp-regina\\htdocs\\library_regina\\app\\Views\\admin\\administrator.php')
 5 SYSTEMPATH\View\View.php(216): CodeIgniter\View\View->CodeIgniter\View\{closure}()
 6 SYSTEMPATH\Common.php(1184): CodeIgniter\View\View->render('admin/administrator', [], true)
 7 APPPATH\Controllers\Admin.php(5): view('admin/administrator')
 8 SYSTEMPATH\CodeIgniter.php(934): App\Controllers\Admin->index()
 9 SYSTEMPATH\CodeIgniter.php(499): CodeIgniter\CodeIgniter->runController(Object(App\Controllers\Admin))
10 SYSTEMPATH\CodeIgniter.php(368): CodeIgniter\CodeIgniter->handleRequest(null, Object(Config\Cache), false)
11 FCPATH\index.php(64): CodeIgniter\CodeIgniter->run()
