CRITICAL - 2023-05-29 02:36:41 --> Undefined variable $DDCA_NameTh
in APPPATH\Views\admin_mod\ddc\data_ddc.php on line 61.
 1 APPPATH\Views\admin_mod\ddc\data_ddc.php(61): CodeIgniter\Debug\Exceptions->errorHandler(2, 'Undefined variable $DDCA_NameTh', 'E:\\xampp-regina\\htdocs\\library_regina\\app\\Views\\admin_mod\\ddc\\data_ddc.php', 61)
 2 SYSTEMPATH\View\View.php(213): include('E:\\xampp-regina\\htdocs\\library_regina\\app\\Views\\admin_mod\\ddc\\data_ddc.php')
 3 SYSTEMPATH\View\View.php(216): CodeIgniter\View\View->CodeIgniter\View\{closure}()
 4 SYSTEMPATH\Common.php(1184): CodeIgniter\View\View->render('admin_mod/ddc/data_ddc', [], true)
 5 APPPATH\Controllers\Ddc.php(5): view('admin_mod/ddc/data_ddc')
 6 SYSTEMPATH\CodeIgniter.php(934): App\Controllers\Ddc->index()
 7 SYSTEMPATH\CodeIgniter.php(499): CodeIgniter\CodeIgniter->runController(Object(App\Controllers\Ddc))
 8 SYSTEMPATH\CodeIgniter.php(368): CodeIgniter\CodeIgniter->handleRequest(null, Object(Config\Cache), false)
 9 FCPATH\index.php(64): CodeIgniter\CodeIgniter->run()
CRITICAL - 2023-05-29 02:36:50 --> Undefined variable $DDCA_NameTh
in APPPATH\Views\admin_mod\ddc\data_ddc.php on line 61.
 1 APPPATH\Views\admin_mod\ddc\data_ddc.php(61): CodeIgniter\Debug\Exceptions->errorHandler(2, 'Undefined variable $DDCA_NameTh', 'E:\\xampp-regina\\htdocs\\library_regina\\app\\Views\\admin_mod\\ddc\\data_ddc.php', 61)
 2 SYSTEMPATH\View\View.php(213): include('E:\\xampp-regina\\htdocs\\library_regina\\app\\Views\\admin_mod\\ddc\\data_ddc.php')
 3 SYSTEMPATH\View\View.php(216): CodeIgniter\View\View->CodeIgniter\View\{closure}()
 4 SYSTEMPATH\Common.php(1184): CodeIgniter\View\View->render('admin_mod/ddc/data_ddc', [], true)
 5 APPPATH\Controllers\Ddc.php(5): view('admin_mod/ddc/data_ddc')
 6 SYSTEMPATH\CodeIgniter.php(934): App\Controllers\Ddc->index()
 7 SYSTEMPATH\CodeIgniter.php(499): CodeIgniter\CodeIgniter->runController(Object(App\Controllers\Ddc))
 8 SYSTEMPATH\CodeIgniter.php(368): CodeIgniter\CodeIgniter->handleRequest(null, Object(Config\Cache), false)
 9 FCPATH\index.php(64): CodeIgniter\CodeIgniter->run()
CRITICAL - 2023-05-29 08:01:18 --> Class "ManagementAuthor" not found
in APPPATH\Views\admin_mod\author\Show_Author.php on line 49.
 1 SYSTEMPATH\View\View.php(213): include()
 2 SYSTEMPATH\View\View.php(216): CodeIgniter\View\View->CodeIgniter\View\{closure}()
 3 SYSTEMPATH\Common.php(1184): CodeIgniter\View\View->render('admin_mod/author/Show_Author', [], true)
 4 APPPATH\Controllers\Author.php(9): view('admin_mod/author/Show_Author')
 5 SYSTEMPATH\CodeIgniter.php(934): App\Controllers\Author->show_author()
 6 SYSTEMPATH\CodeIgniter.php(499): CodeIgniter\CodeIgniter->runController(Object(App\Controllers\Author))
 7 SYSTEMPATH\CodeIgniter.php(368): CodeIgniter\CodeIgniter->handleRequest(null, Object(Config\Cache), false)
 8 FCPATH\index.php(64): CodeIgniter\CodeIgniter->run()
