CRITICAL - 2023-05-12 17:39:57 --> Undefined variable $copy_TxtTh
in FCPATH\public\admin_mod\ddc.php on line 102.
 1 FCPATH\public\admin_mod\ddc.php(102): CodeIgniter\Debug\Exceptions->errorHandler(2, 'Undefined variable $copy_TxtTh', 'E:\\xampp-regina\\htdocs\\library_regina\\public\\admin_mod\\ddc.php', 102)
 2 APPPATH\Views\admin\administrator.php(110): include('E:\\xampp-regina\\htdocs\\library_regina\\public\\admin_mod\\ddc.php')
 3 SYSTEMPATH\View\View.php(213): include('E:\\xampp-regina\\htdocs\\library_regina\\app\\Views\\admin\\administrator.php')
 4 SYSTEMPATH\View\View.php(216): CodeIgniter\View\View->CodeIgniter\View\{closure}()
 5 SYSTEMPATH\Common.php(1184): CodeIgniter\View\View->render('admin/administrator', [], true)
 6 APPPATH\Controllers\Admin.php(5): view('admin/administrator')
 7 SYSTEMPATH\CodeIgniter.php(934): App\Controllers\Admin->index()
 8 SYSTEMPATH\CodeIgniter.php(499): CodeIgniter\CodeIgniter->runController(Object(App\Controllers\Admin))
 9 SYSTEMPATH\CodeIgniter.php(368): CodeIgniter\CodeIgniter->handleRequest(null, Object(Config\Cache), false)
10 FCPATH\index.php(64): CodeIgniter\CodeIgniter->run()
CRITICAL - 2023-05-12 17:42:11 --> Undefined variable $copy_TxtTh
in FCPATH\public\admin_mod\ddc.php on line 102.
 1 FCPATH\public\admin_mod\ddc.php(102): CodeIgniter\Debug\Exceptions->errorHandler(2, 'Undefined variable $copy_TxtTh', 'E:\\xampp-regina\\htdocs\\library_regina\\public\\admin_mod\\ddc.php', 102)
 2 APPPATH\Views\admin\administrator.php(110): include('E:\\xampp-regina\\htdocs\\library_regina\\public\\admin_mod\\ddc.php')
 3 SYSTEMPATH\View\View.php(213): include('E:\\xampp-regina\\htdocs\\library_regina\\app\\Views\\admin\\administrator.php')
 4 SYSTEMPATH\View\View.php(216): CodeIgniter\View\View->CodeIgniter\View\{closure}()
 5 SYSTEMPATH\Common.php(1184): CodeIgniter\View\View->render('admin/administrator', [], true)
 6 APPPATH\Controllers\Admin.php(5): view('admin/administrator')
 7 SYSTEMPATH\CodeIgniter.php(934): App\Controllers\Admin->index()
 8 SYSTEMPATH\CodeIgniter.php(499): CodeIgniter\CodeIgniter->runController(Object(App\Controllers\Admin))
 9 SYSTEMPATH\CodeIgniter.php(368): CodeIgniter\CodeIgniter->handleRequest(null, Object(Config\Cache), false)
10 FCPATH\index.php(64): CodeIgniter\CodeIgniter->run()
CRITICAL - 2023-05-12 17:43:17 --> Undefined variable $copy_TxtTh
in FCPATH\public\admin_mod\ddc.php on line 102.
 1 FCPATH\public\admin_mod\ddc.php(102): CodeIgniter\Debug\Exceptions->errorHandler(2, 'Undefined variable $copy_TxtTh', 'E:\\xampp-regina\\htdocs\\library_regina\\public\\admin_mod\\ddc.php', 102)
 2 APPPATH\Views\admin\administrator.php(110): include('E:\\xampp-regina\\htdocs\\library_regina\\public\\admin_mod\\ddc.php')
 3 SYSTEMPATH\View\View.php(213): include('E:\\xampp-regina\\htdocs\\library_regina\\app\\Views\\admin\\administrator.php')
 4 SYSTEMPATH\View\View.php(216): CodeIgniter\View\View->CodeIgniter\View\{closure}()
 5 SYSTEMPATH\Common.php(1184): CodeIgniter\View\View->render('admin/administrator', [], true)
 6 APPPATH\Controllers\Admin.php(5): view('admin/administrator')
 7 SYSTEMPATH\CodeIgniter.php(934): App\Controllers\Admin->index()
 8 SYSTEMPATH\CodeIgniter.php(499): CodeIgniter\CodeIgniter->runController(Object(App\Controllers\Admin))
 9 SYSTEMPATH\CodeIgniter.php(368): CodeIgniter\CodeIgniter->handleRequest(null, Object(Config\Cache), false)
10 FCPATH\index.php(64): CodeIgniter\CodeIgniter->run()
CRITICAL - 2023-05-12 17:45:21 --> Undefined variable $copy_TxtTh
in FCPATH\public\admin_mod\ddc.php on line 102.
 1 FCPATH\public\admin_mod\ddc.php(102): CodeIgniter\Debug\Exceptions->errorHandler(2, 'Undefined variable $copy_TxtTh', 'E:\\xampp-regina\\htdocs\\library_regina\\public\\admin_mod\\ddc.php', 102)
 2 APPPATH\Views\admin\administrator.php(110): include('E:\\xampp-regina\\htdocs\\library_regina\\public\\admin_mod\\ddc.php')
 3 SYSTEMPATH\View\View.php(213): include('E:\\xampp-regina\\htdocs\\library_regina\\app\\Views\\admin\\administrator.php')
 4 SYSTEMPATH\View\View.php(216): CodeIgniter\View\View->CodeIgniter\View\{closure}()
 5 SYSTEMPATH\Common.php(1184): CodeIgniter\View\View->render('admin/administrator', [], true)
 6 APPPATH\Controllers\Admin.php(5): view('admin/administrator')
 7 SYSTEMPATH\CodeIgniter.php(934): App\Controllers\Admin->index()
 8 SYSTEMPATH\CodeIgniter.php(499): CodeIgniter\CodeIgniter->runController(Object(App\Controllers\Admin))
 9 SYSTEMPATH\CodeIgniter.php(368): CodeIgniter\CodeIgniter->handleRequest(null, Object(Config\Cache), false)
10 FCPATH\index.php(64): CodeIgniter\CodeIgniter->run()
CRITICAL - 2023-05-12 17:46:46 --> Undefined variable $copy_TxtTh
in FCPATH\public\admin_mod\ddc.php on line 102.
 1 FCPATH\public\admin_mod\ddc.php(102): CodeIgniter\Debug\Exceptions->errorHandler(2, 'Undefined variable $copy_TxtTh', 'E:\\xampp-regina\\htdocs\\library_regina\\public\\admin_mod\\ddc.php', 102)
 2 APPPATH\Views\admin\administrator.php(110): include('E:\\xampp-regina\\htdocs\\library_regina\\public\\admin_mod\\ddc.php')
 3 SYSTEMPATH\View\View.php(213): include('E:\\xampp-regina\\htdocs\\library_regina\\app\\Views\\admin\\administrator.php')
 4 SYSTEMPATH\View\View.php(216): CodeIgniter\View\View->CodeIgniter\View\{closure}()
 5 SYSTEMPATH\Common.php(1184): CodeIgniter\View\View->render('admin/administrator', [], true)
 6 APPPATH\Controllers\Admin.php(5): view('admin/administrator')
 7 SYSTEMPATH\CodeIgniter.php(934): App\Controllers\Admin->index()
 8 SYSTEMPATH\CodeIgniter.php(499): CodeIgniter\CodeIgniter->runController(Object(App\Controllers\Admin))
 9 SYSTEMPATH\CodeIgniter.php(368): CodeIgniter\CodeIgniter->handleRequest(null, Object(Config\Cache), false)
10 FCPATH\index.php(64): CodeIgniter\CodeIgniter->run()
CRITICAL - 2023-05-12 17:49:46 --> Undefined variable $copy_TxtTh
in FCPATH\public\admin_mod\ddc.php on line 102.
 1 FCPATH\public\admin_mod\ddc.php(102): CodeIgniter\Debug\Exceptions->errorHandler(2, 'Undefined variable $copy_TxtTh', 'E:\\xampp-regina\\htdocs\\library_regina\\public\\admin_mod\\ddc.php', 102)
 2 APPPATH\Views\admin\administrator.php(110): include('E:\\xampp-regina\\htdocs\\library_regina\\public\\admin_mod\\ddc.php')
 3 SYSTEMPATH\View\View.php(213): include('E:\\xampp-regina\\htdocs\\library_regina\\app\\Views\\admin\\administrator.php')
 4 SYSTEMPATH\View\View.php(216): CodeIgniter\View\View->CodeIgniter\View\{closure}()
 5 SYSTEMPATH\Common.php(1184): CodeIgniter\View\View->render('admin/administrator', [], true)
 6 APPPATH\Controllers\Admin.php(5): view('admin/administrator')
 7 SYSTEMPATH\CodeIgniter.php(934): App\Controllers\Admin->index()
 8 SYSTEMPATH\CodeIgniter.php(499): CodeIgniter\CodeIgniter->runController(Object(App\Controllers\Admin))
 9 SYSTEMPATH\CodeIgniter.php(368): CodeIgniter\CodeIgniter->handleRequest(null, Object(Config\Cache), false)
10 FCPATH\index.php(64): CodeIgniter\CodeIgniter->run()
CRITICAL - 2023-05-12 17:50:29 --> Undefined variable $copy_TxtTh
in FCPATH\public\admin_mod\ddc.php on line 102.
 1 FCPATH\public\admin_mod\ddc.php(102): CodeIgniter\Debug\Exceptions->errorHandler(2, 'Undefined variable $copy_TxtTh', 'E:\\xampp-regina\\htdocs\\library_regina\\public\\admin_mod\\ddc.php', 102)
 2 APPPATH\Views\admin\administrator.php(110): include('E:\\xampp-regina\\htdocs\\library_regina\\public\\admin_mod\\ddc.php')
 3 SYSTEMPATH\View\View.php(213): include('E:\\xampp-regina\\htdocs\\library_regina\\app\\Views\\admin\\administrator.php')
 4 SYSTEMPATH\View\View.php(216): CodeIgniter\View\View->CodeIgniter\View\{closure}()
 5 SYSTEMPATH\Common.php(1184): CodeIgniter\View\View->render('admin/administrator', [], true)
 6 APPPATH\Controllers\Admin.php(5): view('admin/administrator')
 7 SYSTEMPATH\CodeIgniter.php(934): App\Controllers\Admin->index()
 8 SYSTEMPATH\CodeIgniter.php(499): CodeIgniter\CodeIgniter->runController(Object(App\Controllers\Admin))
 9 SYSTEMPATH\CodeIgniter.php(368): CodeIgniter\CodeIgniter->handleRequest(null, Object(Config\Cache), false)
10 FCPATH\index.php(64): CodeIgniter\CodeIgniter->run()
CRITICAL - 2023-05-12 17:54:18 --> Undefined variable $copy_TxtTh
in FCPATH\public\admin_mod\ddc.php on line 102.
 1 FCPATH\public\admin_mod\ddc.php(102): CodeIgniter\Debug\Exceptions->errorHandler(2, 'Undefined variable $copy_TxtTh', 'E:\\xampp-regina\\htdocs\\library_regina\\public\\admin_mod\\ddc.php', 102)
 2 APPPATH\Views\admin\administrator.php(110): include('E:\\xampp-regina\\htdocs\\library_regina\\public\\admin_mod\\ddc.php')
 3 SYSTEMPATH\View\View.php(213): include('E:\\xampp-regina\\htdocs\\library_regina\\app\\Views\\admin\\administrator.php')
 4 SYSTEMPATH\View\View.php(216): CodeIgniter\View\View->CodeIgniter\View\{closure}()
 5 SYSTEMPATH\Common.php(1184): CodeIgniter\View\View->render('admin/administrator', [], true)
 6 APPPATH\Controllers\Admin.php(5): view('admin/administrator')
 7 SYSTEMPATH\CodeIgniter.php(934): App\Controllers\Admin->index()
 8 SYSTEMPATH\CodeIgniter.php(499): CodeIgniter\CodeIgniter->runController(Object(App\Controllers\Admin))
 9 SYSTEMPATH\CodeIgniter.php(368): CodeIgniter\CodeIgniter->handleRequest(null, Object(Config\Cache), false)
10 FCPATH\index.php(64): CodeIgniter\CodeIgniter->run()
