CRITICAL - 2023-06-02 07:28:34 --> Undefined variable $DDCA_NameTh
in APPPATH\Views\admin_mod\ddc\data_ddc.php on line 61.
 1 APPPATH\Views\admin_mod\ddc\data_ddc.php(61): CodeIgniter\Debug\Exceptions->errorHandler(2, 'Undefined variable $DDCA_NameTh', 'E:\\xampp-regina\\htdocs\\library_regina\\app\\Views\\admin_mod\\ddc\\data_ddc.php', 61)
 2 SYSTEMPATH\View\View.php(213): include('E:\\xampp-regina\\htdocs\\library_regina\\app\\Views\\admin_mod\\ddc\\data_ddc.php')
 3 SYSTEMPATH\View\View.php(216): CodeIgniter\View\View->CodeIgniter\View\{closure}()
 4 SYSTEMPATH\Common.php(1184): CodeIgniter\View\View->render('admin_mod/ddc/data_ddc', [], true)
 5 APPPATH\Controllers\Ddc.php(5): view('admin_mod/ddc/data_ddc')
 6 SYSTEMPATH\CodeIgniter.php(934): App\Controllers\Ddc->index()
 7 SYSTEMPATH\CodeIgniter.php(499): CodeIgniter\CodeIgniter->runController(Object(App\Controllers\Ddc))
 8 SYSTEMPATH\CodeIgniter.php(368): CodeIgniter\CodeIgniter->handleRequest(null, Object(Config\Cache), false)
 9 FCPATH\index.php(64): CodeIgniter\CodeIgniter->run()
CRITICAL - 2023-06-02 07:28:51 --> Undefined variable $DDCA_NameTh
in APPPATH\Views\admin_mod\ddc\data_ddc.php on line 61.
 1 APPPATH\Views\admin_mod\ddc\data_ddc.php(61): CodeIgniter\Debug\Exceptions->errorHandler(2, 'Undefined variable $DDCA_NameTh', 'E:\\xampp-regina\\htdocs\\library_regina\\app\\Views\\admin_mod\\ddc\\data_ddc.php', 61)
 2 SYSTEMPATH\View\View.php(213): include('E:\\xampp-regina\\htdocs\\library_regina\\app\\Views\\admin_mod\\ddc\\data_ddc.php')
 3 SYSTEMPATH\View\View.php(216): CodeIgniter\View\View->CodeIgniter\View\{closure}()
 4 SYSTEMPATH\Common.php(1184): CodeIgniter\View\View->render('admin_mod/ddc/data_ddc', [], true)
 5 APPPATH\Controllers\Ddc.php(5): view('admin_mod/ddc/data_ddc')
 6 SYSTEMPATH\CodeIgniter.php(934): App\Controllers\Ddc->index()
 7 SYSTEMPATH\CodeIgniter.php(499): CodeIgniter\CodeIgniter->runController(Object(App\Controllers\Ddc))
 8 SYSTEMPATH\CodeIgniter.php(368): CodeIgniter\CodeIgniter->handleRequest(null, Object(Config\Cache), false)
 9 FCPATH\index.php(64): CodeIgniter\CodeIgniter->run()
CRITICAL - 2023-06-02 07:29:20 --> Undefined variable $DDCA_NameTh
in APPPATH\Views\admin_mod\ddc\data_ddc.php on line 61.
 1 APPPATH\Views\admin_mod\ddc\data_ddc.php(61): CodeIgniter\Debug\Exceptions->errorHandler(2, 'Undefined variable $DDCA_NameTh', 'E:\\xampp-regina\\htdocs\\library_regina\\app\\Views\\admin_mod\\ddc\\data_ddc.php', 61)
 2 SYSTEMPATH\View\View.php(213): include('E:\\xampp-regina\\htdocs\\library_regina\\app\\Views\\admin_mod\\ddc\\data_ddc.php')
 3 SYSTEMPATH\View\View.php(216): CodeIgniter\View\View->CodeIgniter\View\{closure}()
 4 SYSTEMPATH\Common.php(1184): CodeIgniter\View\View->render('admin_mod/ddc/data_ddc', [], true)
 5 APPPATH\Controllers\Ddc.php(5): view('admin_mod/ddc/data_ddc')
 6 SYSTEMPATH\CodeIgniter.php(934): App\Controllers\Ddc->index()
 7 SYSTEMPATH\CodeIgniter.php(499): CodeIgniter\CodeIgniter->runController(Object(App\Controllers\Ddc))
 8 SYSTEMPATH\CodeIgniter.php(368): CodeIgniter\CodeIgniter->handleRequest(null, Object(Config\Cache), false)
 9 FCPATH\index.php(64): CodeIgniter\CodeIgniter->run()
CRITICAL - 2023-06-02 09:58:51 --> Undefined variable $DDCA_NameTh
in APPPATH\Views\admin_mod\ddc\data_ddc.php on line 61.
 1 APPPATH\Views\admin_mod\ddc\data_ddc.php(61): CodeIgniter\Debug\Exceptions->errorHandler(2, 'Undefined variable $DDCA_NameTh', 'E:\\xampp-regina\\htdocs\\library_regina\\app\\Views\\admin_mod\\ddc\\data_ddc.php', 61)
 2 SYSTEMPATH\View\View.php(213): include('E:\\xampp-regina\\htdocs\\library_regina\\app\\Views\\admin_mod\\ddc\\data_ddc.php')
 3 SYSTEMPATH\View\View.php(216): CodeIgniter\View\View->CodeIgniter\View\{closure}()
 4 SYSTEMPATH\Common.php(1184): CodeIgniter\View\View->render('admin_mod/ddc/data_ddc', [], true)
 5 APPPATH\Controllers\Ddc.php(5): view('admin_mod/ddc/data_ddc')
 6 SYSTEMPATH\CodeIgniter.php(934): App\Controllers\Ddc->index()
 7 SYSTEMPATH\CodeIgniter.php(499): CodeIgniter\CodeIgniter->runController(Object(App\Controllers\Ddc))
 8 SYSTEMPATH\CodeIgniter.php(368): CodeIgniter\CodeIgniter->handleRequest(null, Object(Config\Cache), false)
 9 FCPATH\index.php(64): CodeIgniter\CodeIgniter->run()
CRITICAL - 2023-06-02 10:24:52 --> Undefined variable $DDCA_TxtTh
in APPPATH\Views\admin_mod\books_registration\books_registration.php on line 372.
 1 APPPATH\Views\admin_mod\books_registration\books_registration.php(372): CodeIgniter\Debug\Exceptions->errorHandler(2, 'Undefined variable $DDCA_TxtTh', 'E:\\xampp-regina\\htdocs\\library_regina\\app\\Views\\admin_mod\\books_registration\\books_registration.php', 372)
 2 SYSTEMPATH\View\View.php(213): include('E:\\xampp-regina\\htdocs\\library_regina\\app\\Views\\admin_mod\\books_registration\\books_registration.php')
 3 SYSTEMPATH\View\View.php(216): CodeIgniter\View\View->CodeIgniter\View\{closure}()
 4 SYSTEMPATH\Common.php(1184): CodeIgniter\View\View->render('admin_mod/books_registration/books_registration', [], true)
 5 APPPATH\Controllers\BooksRegistration.php(5): view('admin_mod/books_registration/books_registration')
 6 SYSTEMPATH\CodeIgniter.php(934): App\Controllers\BooksRegistration->index()
 7 SYSTEMPATH\CodeIgniter.php(499): CodeIgniter\CodeIgniter->runController(Object(App\Controllers\BooksRegistration))
 8 SYSTEMPATH\CodeIgniter.php(368): CodeIgniter\CodeIgniter->handleRequest(null, Object(Config\Cache), false)
 9 FCPATH\index.php(64): CodeIgniter\CodeIgniter->run()
CRITICAL - 2023-06-02 10:24:53 --> Undefined variable $DDCA_TxtTh
in APPPATH\Views\admin_mod\books_registration\books_registration.php on line 372.
 1 APPPATH\Views\admin_mod\books_registration\books_registration.php(372): CodeIgniter\Debug\Exceptions->errorHandler(2, 'Undefined variable $DDCA_TxtTh', 'E:\\xampp-regina\\htdocs\\library_regina\\app\\Views\\admin_mod\\books_registration\\books_registration.php', 372)
 2 SYSTEMPATH\View\View.php(213): include('E:\\xampp-regina\\htdocs\\library_regina\\app\\Views\\admin_mod\\books_registration\\books_registration.php')
 3 SYSTEMPATH\View\View.php(216): CodeIgniter\View\View->CodeIgniter\View\{closure}()
 4 SYSTEMPATH\Common.php(1184): CodeIgniter\View\View->render('admin_mod/books_registration/books_registration', [], true)
 5 APPPATH\Controllers\BooksRegistration.php(5): view('admin_mod/books_registration/books_registration')
 6 SYSTEMPATH\CodeIgniter.php(934): App\Controllers\BooksRegistration->index()
 7 SYSTEMPATH\CodeIgniter.php(499): CodeIgniter\CodeIgniter->runController(Object(App\Controllers\BooksRegistration))
 8 SYSTEMPATH\CodeIgniter.php(368): CodeIgniter\CodeIgniter->handleRequest(null, Object(Config\Cache), false)
 9 FCPATH\index.php(64): CodeIgniter\CodeIgniter->run()
CRITICAL - 2023-06-02 10:24:53 --> Undefined variable $DDCA_TxtTh
in APPPATH\Views\admin_mod\books_registration\books_registration.php on line 372.
 1 APPPATH\Views\admin_mod\books_registration\books_registration.php(372): CodeIgniter\Debug\Exceptions->errorHandler(2, 'Undefined variable $DDCA_TxtTh', 'E:\\xampp-regina\\htdocs\\library_regina\\app\\Views\\admin_mod\\books_registration\\books_registration.php', 372)
 2 SYSTEMPATH\View\View.php(213): include('E:\\xampp-regina\\htdocs\\library_regina\\app\\Views\\admin_mod\\books_registration\\books_registration.php')
 3 SYSTEMPATH\View\View.php(216): CodeIgniter\View\View->CodeIgniter\View\{closure}()
 4 SYSTEMPATH\Common.php(1184): CodeIgniter\View\View->render('admin_mod/books_registration/books_registration', [], true)
 5 APPPATH\Controllers\BooksRegistration.php(5): view('admin_mod/books_registration/books_registration')
 6 SYSTEMPATH\CodeIgniter.php(934): App\Controllers\BooksRegistration->index()
 7 SYSTEMPATH\CodeIgniter.php(499): CodeIgniter\CodeIgniter->runController(Object(App\Controllers\BooksRegistration))
 8 SYSTEMPATH\CodeIgniter.php(368): CodeIgniter\CodeIgniter->handleRequest(null, Object(Config\Cache), false)
 9 FCPATH\index.php(64): CodeIgniter\CodeIgniter->run()
CRITICAL - 2023-06-02 10:24:53 --> Undefined variable $DDCA_TxtTh
in APPPATH\Views\admin_mod\books_registration\books_registration.php on line 372.
 1 APPPATH\Views\admin_mod\books_registration\books_registration.php(372): CodeIgniter\Debug\Exceptions->errorHandler(2, 'Undefined variable $DDCA_TxtTh', 'E:\\xampp-regina\\htdocs\\library_regina\\app\\Views\\admin_mod\\books_registration\\books_registration.php', 372)
 2 SYSTEMPATH\View\View.php(213): include('E:\\xampp-regina\\htdocs\\library_regina\\app\\Views\\admin_mod\\books_registration\\books_registration.php')
 3 SYSTEMPATH\View\View.php(216): CodeIgniter\View\View->CodeIgniter\View\{closure}()
 4 SYSTEMPATH\Common.php(1184): CodeIgniter\View\View->render('admin_mod/books_registration/books_registration', [], true)
 5 APPPATH\Controllers\BooksRegistration.php(5): view('admin_mod/books_registration/books_registration')
 6 SYSTEMPATH\CodeIgniter.php(934): App\Controllers\BooksRegistration->index()
 7 SYSTEMPATH\CodeIgniter.php(499): CodeIgniter\CodeIgniter->runController(Object(App\Controllers\BooksRegistration))
 8 SYSTEMPATH\CodeIgniter.php(368): CodeIgniter\CodeIgniter->handleRequest(null, Object(Config\Cache), false)
 9 FCPATH\index.php(64): CodeIgniter\CodeIgniter->run()
CRITICAL - 2023-06-02 10:24:53 --> Undefined variable $DDCA_TxtTh
in APPPATH\Views\admin_mod\books_registration\books_registration.php on line 372.
 1 APPPATH\Views\admin_mod\books_registration\books_registration.php(372): CodeIgniter\Debug\Exceptions->errorHandler(2, 'Undefined variable $DDCA_TxtTh', 'E:\\xampp-regina\\htdocs\\library_regina\\app\\Views\\admin_mod\\books_registration\\books_registration.php', 372)
 2 SYSTEMPATH\View\View.php(213): include('E:\\xampp-regina\\htdocs\\library_regina\\app\\Views\\admin_mod\\books_registration\\books_registration.php')
 3 SYSTEMPATH\View\View.php(216): CodeIgniter\View\View->CodeIgniter\View\{closure}()
 4 SYSTEMPATH\Common.php(1184): CodeIgniter\View\View->render('admin_mod/books_registration/books_registration', [], true)
 5 APPPATH\Controllers\BooksRegistration.php(5): view('admin_mod/books_registration/books_registration')
 6 SYSTEMPATH\CodeIgniter.php(934): App\Controllers\BooksRegistration->index()
 7 SYSTEMPATH\CodeIgniter.php(499): CodeIgniter\CodeIgniter->runController(Object(App\Controllers\BooksRegistration))
 8 SYSTEMPATH\CodeIgniter.php(368): CodeIgniter\CodeIgniter->handleRequest(null, Object(Config\Cache), false)
 9 FCPATH\index.php(64): CodeIgniter\CodeIgniter->run()
CRITICAL - 2023-06-02 10:25:13 --> Trying to access array offset on value of type null
in FCPATH\public\add-ons\php-barcode-generator-master\src\BarcodeGenerator.php on line 1343.
 1 FCPATH\public\add-ons\php-barcode-generator-master\src\BarcodeGenerator.php(1343): CodeIgniter\Debug\Exceptions->errorHandler(2, 'Trying to access array offset on value of type null', 'E:\\xampp-regina\\htdocs\\library_regina\\public\\add-ons\\php-barcode-generator-master\\src\\BarcodeGenerator.php', 1343)
 2 FCPATH\public\add-ons\php-barcode-generator-master\src\BarcodeGenerator.php(120): Picqer\Barcode\BarcodeGenerator->barcode_c128(null, '')
 3 FCPATH\public\add-ons\php-barcode-generator-master\src\BarcodeGeneratorHTML.php(21): Picqer\Barcode\BarcodeGenerator->getBarcodeData(null, 'C128')
 4 APPPATH\Views\admin_mod\books_registration\books_registration.php(314): Picqer\Barcode\BarcodeGeneratorHTML->getBarcode(null, 'C128', 2, 50)
 5 SYSTEMPATH\View\View.php(213): include('E:\\xampp-regina\\htdocs\\library_regina\\app\\Views\\admin_mod\\books_registration\\books_registration.php')
 6 SYSTEMPATH\View\View.php(216): CodeIgniter\View\View->CodeIgniter\View\{closure}()
 7 SYSTEMPATH\Common.php(1184): CodeIgniter\View\View->render('admin_mod/books_registration/books_registration', [], true)
 8 APPPATH\Controllers\BooksRegistration.php(5): view('admin_mod/books_registration/books_registration')
 9 SYSTEMPATH\CodeIgniter.php(934): App\Controllers\BooksRegistration->index()
10 SYSTEMPATH\CodeIgniter.php(499): CodeIgniter\CodeIgniter->runController(Object(App\Controllers\BooksRegistration))
11 SYSTEMPATH\CodeIgniter.php(368): CodeIgniter\CodeIgniter->handleRequest(null, Object(Config\Cache), false)
12 FCPATH\index.php(64): CodeIgniter\CodeIgniter->run()
CRITICAL - 2023-06-02 10:25:14 --> Trying to access array offset on value of type null
in FCPATH\public\add-ons\php-barcode-generator-master\src\BarcodeGenerator.php on line 1343.
 1 FCPATH\public\add-ons\php-barcode-generator-master\src\BarcodeGenerator.php(1343): CodeIgniter\Debug\Exceptions->errorHandler(2, 'Trying to access array offset on value of type null', 'E:\\xampp-regina\\htdocs\\library_regina\\public\\add-ons\\php-barcode-generator-master\\src\\BarcodeGenerator.php', 1343)
 2 FCPATH\public\add-ons\php-barcode-generator-master\src\BarcodeGenerator.php(120): Picqer\Barcode\BarcodeGenerator->barcode_c128(null, '')
 3 FCPATH\public\add-ons\php-barcode-generator-master\src\BarcodeGeneratorHTML.php(21): Picqer\Barcode\BarcodeGenerator->getBarcodeData(null, 'C128')
 4 APPPATH\Views\admin_mod\books_registration\books_registration.php(314): Picqer\Barcode\BarcodeGeneratorHTML->getBarcode(null, 'C128', 2, 50)
 5 SYSTEMPATH\View\View.php(213): include('E:\\xampp-regina\\htdocs\\library_regina\\app\\Views\\admin_mod\\books_registration\\books_registration.php')
 6 SYSTEMPATH\View\View.php(216): CodeIgniter\View\View->CodeIgniter\View\{closure}()
 7 SYSTEMPATH\Common.php(1184): CodeIgniter\View\View->render('admin_mod/books_registration/books_registration', [], true)
 8 APPPATH\Controllers\BooksRegistration.php(5): view('admin_mod/books_registration/books_registration')
 9 SYSTEMPATH\CodeIgniter.php(934): App\Controllers\BooksRegistration->index()
10 SYSTEMPATH\CodeIgniter.php(499): CodeIgniter\CodeIgniter->runController(Object(App\Controllers\BooksRegistration))
11 SYSTEMPATH\CodeIgniter.php(368): CodeIgniter\CodeIgniter->handleRequest(null, Object(Config\Cache), false)
12 FCPATH\index.php(64): CodeIgniter\CodeIgniter->run()
CRITICAL - 2023-06-02 10:25:14 --> Trying to access array offset on value of type null
in FCPATH\public\add-ons\php-barcode-generator-master\src\BarcodeGenerator.php on line 1343.
 1 FCPATH\public\add-ons\php-barcode-generator-master\src\BarcodeGenerator.php(1343): CodeIgniter\Debug\Exceptions->errorHandler(2, 'Trying to access array offset on value of type null', 'E:\\xampp-regina\\htdocs\\library_regina\\public\\add-ons\\php-barcode-generator-master\\src\\BarcodeGenerator.php', 1343)
 2 FCPATH\public\add-ons\php-barcode-generator-master\src\BarcodeGenerator.php(120): Picqer\Barcode\BarcodeGenerator->barcode_c128(null, '')
 3 FCPATH\public\add-ons\php-barcode-generator-master\src\BarcodeGeneratorHTML.php(21): Picqer\Barcode\BarcodeGenerator->getBarcodeData(null, 'C128')
 4 APPPATH\Views\admin_mod\books_registration\books_registration.php(314): Picqer\Barcode\BarcodeGeneratorHTML->getBarcode(null, 'C128', 2, 50)
 5 SYSTEMPATH\View\View.php(213): include('E:\\xampp-regina\\htdocs\\library_regina\\app\\Views\\admin_mod\\books_registration\\books_registration.php')
 6 SYSTEMPATH\View\View.php(216): CodeIgniter\View\View->CodeIgniter\View\{closure}()
 7 SYSTEMPATH\Common.php(1184): CodeIgniter\View\View->render('admin_mod/books_registration/books_registration', [], true)
 8 APPPATH\Controllers\BooksRegistration.php(5): view('admin_mod/books_registration/books_registration')
 9 SYSTEMPATH\CodeIgniter.php(934): App\Controllers\BooksRegistration->index()
10 SYSTEMPATH\CodeIgniter.php(499): CodeIgniter\CodeIgniter->runController(Object(App\Controllers\BooksRegistration))
11 SYSTEMPATH\CodeIgniter.php(368): CodeIgniter\CodeIgniter->handleRequest(null, Object(Config\Cache), false)
12 FCPATH\index.php(64): CodeIgniter\CodeIgniter->run()
CRITICAL - 2023-06-02 10:25:15 --> Trying to access array offset on value of type null
in FCPATH\public\add-ons\php-barcode-generator-master\src\BarcodeGenerator.php on line 1343.
 1 FCPATH\public\add-ons\php-barcode-generator-master\src\BarcodeGenerator.php(1343): CodeIgniter\Debug\Exceptions->errorHandler(2, 'Trying to access array offset on value of type null', 'E:\\xampp-regina\\htdocs\\library_regina\\public\\add-ons\\php-barcode-generator-master\\src\\BarcodeGenerator.php', 1343)
 2 FCPATH\public\add-ons\php-barcode-generator-master\src\BarcodeGenerator.php(120): Picqer\Barcode\BarcodeGenerator->barcode_c128(null, '')
 3 FCPATH\public\add-ons\php-barcode-generator-master\src\BarcodeGeneratorHTML.php(21): Picqer\Barcode\BarcodeGenerator->getBarcodeData(null, 'C128')
 4 APPPATH\Views\admin_mod\books_registration\books_registration.php(314): Picqer\Barcode\BarcodeGeneratorHTML->getBarcode(null, 'C128', 2, 50)
 5 SYSTEMPATH\View\View.php(213): include('E:\\xampp-regina\\htdocs\\library_regina\\app\\Views\\admin_mod\\books_registration\\books_registration.php')
 6 SYSTEMPATH\View\View.php(216): CodeIgniter\View\View->CodeIgniter\View\{closure}()
 7 SYSTEMPATH\Common.php(1184): CodeIgniter\View\View->render('admin_mod/books_registration/books_registration', [], true)
 8 APPPATH\Controllers\BooksRegistration.php(5): view('admin_mod/books_registration/books_registration')
 9 SYSTEMPATH\CodeIgniter.php(934): App\Controllers\BooksRegistration->index()
10 SYSTEMPATH\CodeIgniter.php(499): CodeIgniter\CodeIgniter->runController(Object(App\Controllers\BooksRegistration))
11 SYSTEMPATH\CodeIgniter.php(368): CodeIgniter\CodeIgniter->handleRequest(null, Object(Config\Cache), false)
12 FCPATH\index.php(64): CodeIgniter\CodeIgniter->run()
CRITICAL - 2023-06-02 10:25:15 --> Trying to access array offset on value of type null
in FCPATH\public\add-ons\php-barcode-generator-master\src\BarcodeGenerator.php on line 1343.
 1 FCPATH\public\add-ons\php-barcode-generator-master\src\BarcodeGenerator.php(1343): CodeIgniter\Debug\Exceptions->errorHandler(2, 'Trying to access array offset on value of type null', 'E:\\xampp-regina\\htdocs\\library_regina\\public\\add-ons\\php-barcode-generator-master\\src\\BarcodeGenerator.php', 1343)
 2 FCPATH\public\add-ons\php-barcode-generator-master\src\BarcodeGenerator.php(120): Picqer\Barcode\BarcodeGenerator->barcode_c128(null, '')
 3 FCPATH\public\add-ons\php-barcode-generator-master\src\BarcodeGeneratorHTML.php(21): Picqer\Barcode\BarcodeGenerator->getBarcodeData(null, 'C128')
 4 APPPATH\Views\admin_mod\books_registration\books_registration.php(314): Picqer\Barcode\BarcodeGeneratorHTML->getBarcode(null, 'C128', 2, 50)
 5 SYSTEMPATH\View\View.php(213): include('E:\\xampp-regina\\htdocs\\library_regina\\app\\Views\\admin_mod\\books_registration\\books_registration.php')
 6 SYSTEMPATH\View\View.php(216): CodeIgniter\View\View->CodeIgniter\View\{closure}()
 7 SYSTEMPATH\Common.php(1184): CodeIgniter\View\View->render('admin_mod/books_registration/books_registration', [], true)
 8 APPPATH\Controllers\BooksRegistration.php(5): view('admin_mod/books_registration/books_registration')
 9 SYSTEMPATH\CodeIgniter.php(934): App\Controllers\BooksRegistration->index()
10 SYSTEMPATH\CodeIgniter.php(499): CodeIgniter\CodeIgniter->runController(Object(App\Controllers\BooksRegistration))
11 SYSTEMPATH\CodeIgniter.php(368): CodeIgniter\CodeIgniter->handleRequest(null, Object(Config\Cache), false)
12 FCPATH\index.php(64): CodeIgniter\CodeIgniter->run()
CRITICAL - 2023-06-02 10:25:15 --> Trying to access array offset on value of type null
in FCPATH\public\add-ons\php-barcode-generator-master\src\BarcodeGenerator.php on line 1343.
 1 FCPATH\public\add-ons\php-barcode-generator-master\src\BarcodeGenerator.php(1343): CodeIgniter\Debug\Exceptions->errorHandler(2, 'Trying to access array offset on value of type null', 'E:\\xampp-regina\\htdocs\\library_regina\\public\\add-ons\\php-barcode-generator-master\\src\\BarcodeGenerator.php', 1343)
 2 FCPATH\public\add-ons\php-barcode-generator-master\src\BarcodeGenerator.php(120): Picqer\Barcode\BarcodeGenerator->barcode_c128(null, '')
 3 FCPATH\public\add-ons\php-barcode-generator-master\src\BarcodeGeneratorHTML.php(21): Picqer\Barcode\BarcodeGenerator->getBarcodeData(null, 'C128')
 4 APPPATH\Views\admin_mod\books_registration\books_registration.php(314): Picqer\Barcode\BarcodeGeneratorHTML->getBarcode(null, 'C128', 2, 50)
 5 SYSTEMPATH\View\View.php(213): include('E:\\xampp-regina\\htdocs\\library_regina\\app\\Views\\admin_mod\\books_registration\\books_registration.php')
 6 SYSTEMPATH\View\View.php(216): CodeIgniter\View\View->CodeIgniter\View\{closure}()
 7 SYSTEMPATH\Common.php(1184): CodeIgniter\View\View->render('admin_mod/books_registration/books_registration', [], true)
 8 APPPATH\Controllers\BooksRegistration.php(5): view('admin_mod/books_registration/books_registration')
 9 SYSTEMPATH\CodeIgniter.php(934): App\Controllers\BooksRegistration->index()
10 SYSTEMPATH\CodeIgniter.php(499): CodeIgniter\CodeIgniter->runController(Object(App\Controllers\BooksRegistration))
11 SYSTEMPATH\CodeIgniter.php(368): CodeIgniter\CodeIgniter->handleRequest(null, Object(Config\Cache), false)
12 FCPATH\index.php(64): CodeIgniter\CodeIgniter->run()
CRITICAL - 2023-06-02 10:25:15 --> Trying to access array offset on value of type null
in FCPATH\public\add-ons\php-barcode-generator-master\src\BarcodeGenerator.php on line 1343.
 1 FCPATH\public\add-ons\php-barcode-generator-master\src\BarcodeGenerator.php(1343): CodeIgniter\Debug\Exceptions->errorHandler(2, 'Trying to access array offset on value of type null', 'E:\\xampp-regina\\htdocs\\library_regina\\public\\add-ons\\php-barcode-generator-master\\src\\BarcodeGenerator.php', 1343)
 2 FCPATH\public\add-ons\php-barcode-generator-master\src\BarcodeGenerator.php(120): Picqer\Barcode\BarcodeGenerator->barcode_c128(null, '')
 3 FCPATH\public\add-ons\php-barcode-generator-master\src\BarcodeGeneratorHTML.php(21): Picqer\Barcode\BarcodeGenerator->getBarcodeData(null, 'C128')
 4 APPPATH\Views\admin_mod\books_registration\books_registration.php(314): Picqer\Barcode\BarcodeGeneratorHTML->getBarcode(null, 'C128', 2, 50)
 5 SYSTEMPATH\View\View.php(213): include('E:\\xampp-regina\\htdocs\\library_regina\\app\\Views\\admin_mod\\books_registration\\books_registration.php')
 6 SYSTEMPATH\View\View.php(216): CodeIgniter\View\View->CodeIgniter\View\{closure}()
 7 SYSTEMPATH\Common.php(1184): CodeIgniter\View\View->render('admin_mod/books_registration/books_registration', [], true)
 8 APPPATH\Controllers\BooksRegistration.php(5): view('admin_mod/books_registration/books_registration')
 9 SYSTEMPATH\CodeIgniter.php(934): App\Controllers\BooksRegistration->index()
10 SYSTEMPATH\CodeIgniter.php(499): CodeIgniter\CodeIgniter->runController(Object(App\Controllers\BooksRegistration))
11 SYSTEMPATH\CodeIgniter.php(368): CodeIgniter\CodeIgniter->handleRequest(null, Object(Config\Cache), false)
12 FCPATH\index.php(64): CodeIgniter\CodeIgniter->run()
CRITICAL - 2023-06-02 10:25:15 --> Trying to access array offset on value of type null
in FCPATH\public\add-ons\php-barcode-generator-master\src\BarcodeGenerator.php on line 1343.
 1 FCPATH\public\add-ons\php-barcode-generator-master\src\BarcodeGenerator.php(1343): CodeIgniter\Debug\Exceptions->errorHandler(2, 'Trying to access array offset on value of type null', 'E:\\xampp-regina\\htdocs\\library_regina\\public\\add-ons\\php-barcode-generator-master\\src\\BarcodeGenerator.php', 1343)
 2 FCPATH\public\add-ons\php-barcode-generator-master\src\BarcodeGenerator.php(120): Picqer\Barcode\BarcodeGenerator->barcode_c128(null, '')
 3 FCPATH\public\add-ons\php-barcode-generator-master\src\BarcodeGeneratorHTML.php(21): Picqer\Barcode\BarcodeGenerator->getBarcodeData(null, 'C128')
 4 APPPATH\Views\admin_mod\books_registration\books_registration.php(314): Picqer\Barcode\BarcodeGeneratorHTML->getBarcode(null, 'C128', 2, 50)
 5 SYSTEMPATH\View\View.php(213): include('E:\\xampp-regina\\htdocs\\library_regina\\app\\Views\\admin_mod\\books_registration\\books_registration.php')
 6 SYSTEMPATH\View\View.php(216): CodeIgniter\View\View->CodeIgniter\View\{closure}()
 7 SYSTEMPATH\Common.php(1184): CodeIgniter\View\View->render('admin_mod/books_registration/books_registration', [], true)
 8 APPPATH\Controllers\BooksRegistration.php(5): view('admin_mod/books_registration/books_registration')
 9 SYSTEMPATH\CodeIgniter.php(934): App\Controllers\BooksRegistration->index()
10 SYSTEMPATH\CodeIgniter.php(499): CodeIgniter\CodeIgniter->runController(Object(App\Controllers\BooksRegistration))
11 SYSTEMPATH\CodeIgniter.php(368): CodeIgniter\CodeIgniter->handleRequest(null, Object(Config\Cache), false)
12 FCPATH\index.php(64): CodeIgniter\CodeIgniter->run()
CRITICAL - 2023-06-02 10:25:16 --> Trying to access array offset on value of type null
in FCPATH\public\add-ons\php-barcode-generator-master\src\BarcodeGenerator.php on line 1343.
 1 FCPATH\public\add-ons\php-barcode-generator-master\src\BarcodeGenerator.php(1343): CodeIgniter\Debug\Exceptions->errorHandler(2, 'Trying to access array offset on value of type null', 'E:\\xampp-regina\\htdocs\\library_regina\\public\\add-ons\\php-barcode-generator-master\\src\\BarcodeGenerator.php', 1343)
 2 FCPATH\public\add-ons\php-barcode-generator-master\src\BarcodeGenerator.php(120): Picqer\Barcode\BarcodeGenerator->barcode_c128(null, '')
 3 FCPATH\public\add-ons\php-barcode-generator-master\src\BarcodeGeneratorHTML.php(21): Picqer\Barcode\BarcodeGenerator->getBarcodeData(null, 'C128')
 4 APPPATH\Views\admin_mod\books_registration\books_registration.php(314): Picqer\Barcode\BarcodeGeneratorHTML->getBarcode(null, 'C128', 2, 50)
 5 SYSTEMPATH\View\View.php(213): include('E:\\xampp-regina\\htdocs\\library_regina\\app\\Views\\admin_mod\\books_registration\\books_registration.php')
 6 SYSTEMPATH\View\View.php(216): CodeIgniter\View\View->CodeIgniter\View\{closure}()
 7 SYSTEMPATH\Common.php(1184): CodeIgniter\View\View->render('admin_mod/books_registration/books_registration', [], true)
 8 APPPATH\Controllers\BooksRegistration.php(5): view('admin_mod/books_registration/books_registration')
 9 SYSTEMPATH\CodeIgniter.php(934): App\Controllers\BooksRegistration->index()
10 SYSTEMPATH\CodeIgniter.php(499): CodeIgniter\CodeIgniter->runController(Object(App\Controllers\BooksRegistration))
11 SYSTEMPATH\CodeIgniter.php(368): CodeIgniter\CodeIgniter->handleRequest(null, Object(Config\Cache), false)
12 FCPATH\index.php(64): CodeIgniter\CodeIgniter->run()
CRITICAL - 2023-06-02 10:25:16 --> Trying to access array offset on value of type null
in FCPATH\public\add-ons\php-barcode-generator-master\src\BarcodeGenerator.php on line 1343.
 1 FCPATH\public\add-ons\php-barcode-generator-master\src\BarcodeGenerator.php(1343): CodeIgniter\Debug\Exceptions->errorHandler(2, 'Trying to access array offset on value of type null', 'E:\\xampp-regina\\htdocs\\library_regina\\public\\add-ons\\php-barcode-generator-master\\src\\BarcodeGenerator.php', 1343)
 2 FCPATH\public\add-ons\php-barcode-generator-master\src\BarcodeGenerator.php(120): Picqer\Barcode\BarcodeGenerator->barcode_c128(null, '')
 3 FCPATH\public\add-ons\php-barcode-generator-master\src\BarcodeGeneratorHTML.php(21): Picqer\Barcode\BarcodeGenerator->getBarcodeData(null, 'C128')
 4 APPPATH\Views\admin_mod\books_registration\books_registration.php(314): Picqer\Barcode\BarcodeGeneratorHTML->getBarcode(null, 'C128', 2, 50)
 5 SYSTEMPATH\View\View.php(213): include('E:\\xampp-regina\\htdocs\\library_regina\\app\\Views\\admin_mod\\books_registration\\books_registration.php')
 6 SYSTEMPATH\View\View.php(216): CodeIgniter\View\View->CodeIgniter\View\{closure}()
 7 SYSTEMPATH\Common.php(1184): CodeIgniter\View\View->render('admin_mod/books_registration/books_registration', [], true)
 8 APPPATH\Controllers\BooksRegistration.php(5): view('admin_mod/books_registration/books_registration')
 9 SYSTEMPATH\CodeIgniter.php(934): App\Controllers\BooksRegistration->index()
10 SYSTEMPATH\CodeIgniter.php(499): CodeIgniter\CodeIgniter->runController(Object(App\Controllers\BooksRegistration))
11 SYSTEMPATH\CodeIgniter.php(368): CodeIgniter\CodeIgniter->handleRequest(null, Object(Config\Cache), false)
12 FCPATH\index.php(64): CodeIgniter\CodeIgniter->run()
CRITICAL - 2023-06-02 10:25:16 --> Trying to access array offset on value of type null
in FCPATH\public\add-ons\php-barcode-generator-master\src\BarcodeGenerator.php on line 1343.
 1 FCPATH\public\add-ons\php-barcode-generator-master\src\BarcodeGenerator.php(1343): CodeIgniter\Debug\Exceptions->errorHandler(2, 'Trying to access array offset on value of type null', 'E:\\xampp-regina\\htdocs\\library_regina\\public\\add-ons\\php-barcode-generator-master\\src\\BarcodeGenerator.php', 1343)
 2 FCPATH\public\add-ons\php-barcode-generator-master\src\BarcodeGenerator.php(120): Picqer\Barcode\BarcodeGenerator->barcode_c128(null, '')
 3 FCPATH\public\add-ons\php-barcode-generator-master\src\BarcodeGeneratorHTML.php(21): Picqer\Barcode\BarcodeGenerator->getBarcodeData(null, 'C128')
 4 APPPATH\Views\admin_mod\books_registration\books_registration.php(314): Picqer\Barcode\BarcodeGeneratorHTML->getBarcode(null, 'C128', 2, 50)
 5 SYSTEMPATH\View\View.php(213): include('E:\\xampp-regina\\htdocs\\library_regina\\app\\Views\\admin_mod\\books_registration\\books_registration.php')
 6 SYSTEMPATH\View\View.php(216): CodeIgniter\View\View->CodeIgniter\View\{closure}()
 7 SYSTEMPATH\Common.php(1184): CodeIgniter\View\View->render('admin_mod/books_registration/books_registration', [], true)
 8 APPPATH\Controllers\BooksRegistration.php(5): view('admin_mod/books_registration/books_registration')
 9 SYSTEMPATH\CodeIgniter.php(934): App\Controllers\BooksRegistration->index()
10 SYSTEMPATH\CodeIgniter.php(499): CodeIgniter\CodeIgniter->runController(Object(App\Controllers\BooksRegistration))
11 SYSTEMPATH\CodeIgniter.php(368): CodeIgniter\CodeIgniter->handleRequest(null, Object(Config\Cache), false)
12 FCPATH\index.php(64): CodeIgniter\CodeIgniter->run()
CRITICAL - 2023-06-02 10:25:16 --> Trying to access array offset on value of type null
in FCPATH\public\add-ons\php-barcode-generator-master\src\BarcodeGenerator.php on line 1343.
 1 FCPATH\public\add-ons\php-barcode-generator-master\src\BarcodeGenerator.php(1343): CodeIgniter\Debug\Exceptions->errorHandler(2, 'Trying to access array offset on value of type null', 'E:\\xampp-regina\\htdocs\\library_regina\\public\\add-ons\\php-barcode-generator-master\\src\\BarcodeGenerator.php', 1343)
 2 FCPATH\public\add-ons\php-barcode-generator-master\src\BarcodeGenerator.php(120): Picqer\Barcode\BarcodeGenerator->barcode_c128(null, '')
 3 FCPATH\public\add-ons\php-barcode-generator-master\src\BarcodeGeneratorHTML.php(21): Picqer\Barcode\BarcodeGenerator->getBarcodeData(null, 'C128')
 4 APPPATH\Views\admin_mod\books_registration\books_registration.php(314): Picqer\Barcode\BarcodeGeneratorHTML->getBarcode(null, 'C128', 2, 50)
 5 SYSTEMPATH\View\View.php(213): include('E:\\xampp-regina\\htdocs\\library_regina\\app\\Views\\admin_mod\\books_registration\\books_registration.php')
 6 SYSTEMPATH\View\View.php(216): CodeIgniter\View\View->CodeIgniter\View\{closure}()
 7 SYSTEMPATH\Common.php(1184): CodeIgniter\View\View->render('admin_mod/books_registration/books_registration', [], true)
 8 APPPATH\Controllers\BooksRegistration.php(5): view('admin_mod/books_registration/books_registration')
 9 SYSTEMPATH\CodeIgniter.php(934): App\Controllers\BooksRegistration->index()
10 SYSTEMPATH\CodeIgniter.php(499): CodeIgniter\CodeIgniter->runController(Object(App\Controllers\BooksRegistration))
11 SYSTEMPATH\CodeIgniter.php(368): CodeIgniter\CodeIgniter->handleRequest(null, Object(Config\Cache), false)
12 FCPATH\index.php(64): CodeIgniter\CodeIgniter->run()
CRITICAL - 2023-06-02 10:25:17 --> Trying to access array offset on value of type null
in FCPATH\public\add-ons\php-barcode-generator-master\src\BarcodeGenerator.php on line 1343.
 1 FCPATH\public\add-ons\php-barcode-generator-master\src\BarcodeGenerator.php(1343): CodeIgniter\Debug\Exceptions->errorHandler(2, 'Trying to access array offset on value of type null', 'E:\\xampp-regina\\htdocs\\library_regina\\public\\add-ons\\php-barcode-generator-master\\src\\BarcodeGenerator.php', 1343)
 2 FCPATH\public\add-ons\php-barcode-generator-master\src\BarcodeGenerator.php(120): Picqer\Barcode\BarcodeGenerator->barcode_c128(null, '')
 3 FCPATH\public\add-ons\php-barcode-generator-master\src\BarcodeGeneratorHTML.php(21): Picqer\Barcode\BarcodeGenerator->getBarcodeData(null, 'C128')
 4 APPPATH\Views\admin_mod\books_registration\books_registration.php(314): Picqer\Barcode\BarcodeGeneratorHTML->getBarcode(null, 'C128', 2, 50)
 5 SYSTEMPATH\View\View.php(213): include('E:\\xampp-regina\\htdocs\\library_regina\\app\\Views\\admin_mod\\books_registration\\books_registration.php')
 6 SYSTEMPATH\View\View.php(216): CodeIgniter\View\View->CodeIgniter\View\{closure}()
 7 SYSTEMPATH\Common.php(1184): CodeIgniter\View\View->render('admin_mod/books_registration/books_registration', [], true)
 8 APPPATH\Controllers\BooksRegistration.php(5): view('admin_mod/books_registration/books_registration')
 9 SYSTEMPATH\CodeIgniter.php(934): App\Controllers\BooksRegistration->index()
10 SYSTEMPATH\CodeIgniter.php(499): CodeIgniter\CodeIgniter->runController(Object(App\Controllers\BooksRegistration))
11 SYSTEMPATH\CodeIgniter.php(368): CodeIgniter\CodeIgniter->handleRequest(null, Object(Config\Cache), false)
12 FCPATH\index.php(64): CodeIgniter\CodeIgniter->run()
CRITICAL - 2023-06-02 10:25:17 --> Trying to access array offset on value of type null
in FCPATH\public\add-ons\php-barcode-generator-master\src\BarcodeGenerator.php on line 1343.
 1 FCPATH\public\add-ons\php-barcode-generator-master\src\BarcodeGenerator.php(1343): CodeIgniter\Debug\Exceptions->errorHandler(2, 'Trying to access array offset on value of type null', 'E:\\xampp-regina\\htdocs\\library_regina\\public\\add-ons\\php-barcode-generator-master\\src\\BarcodeGenerator.php', 1343)
 2 FCPATH\public\add-ons\php-barcode-generator-master\src\BarcodeGenerator.php(120): Picqer\Barcode\BarcodeGenerator->barcode_c128(null, '')
 3 FCPATH\public\add-ons\php-barcode-generator-master\src\BarcodeGeneratorHTML.php(21): Picqer\Barcode\BarcodeGenerator->getBarcodeData(null, 'C128')
 4 APPPATH\Views\admin_mod\books_registration\books_registration.php(314): Picqer\Barcode\BarcodeGeneratorHTML->getBarcode(null, 'C128', 2, 50)
 5 SYSTEMPATH\View\View.php(213): include('E:\\xampp-regina\\htdocs\\library_regina\\app\\Views\\admin_mod\\books_registration\\books_registration.php')
 6 SYSTEMPATH\View\View.php(216): CodeIgniter\View\View->CodeIgniter\View\{closure}()
 7 SYSTEMPATH\Common.php(1184): CodeIgniter\View\View->render('admin_mod/books_registration/books_registration', [], true)
 8 APPPATH\Controllers\BooksRegistration.php(5): view('admin_mod/books_registration/books_registration')
 9 SYSTEMPATH\CodeIgniter.php(934): App\Controllers\BooksRegistration->index()
10 SYSTEMPATH\CodeIgniter.php(499): CodeIgniter\CodeIgniter->runController(Object(App\Controllers\BooksRegistration))
11 SYSTEMPATH\CodeIgniter.php(368): CodeIgniter\CodeIgniter->handleRequest(null, Object(Config\Cache), false)
12 FCPATH\index.php(64): CodeIgniter\CodeIgniter->run()
CRITICAL - 2023-06-02 10:25:33 --> Trying to access array offset on value of type null
in FCPATH\public\add-ons\php-barcode-generator-master\src\BarcodeGenerator.php on line 1343.
 1 FCPATH\public\add-ons\php-barcode-generator-master\src\BarcodeGenerator.php(1343): CodeIgniter\Debug\Exceptions->errorHandler(2, 'Trying to access array offset on value of type null', 'E:\\xampp-regina\\htdocs\\library_regina\\public\\add-ons\\php-barcode-generator-master\\src\\BarcodeGenerator.php', 1343)
 2 FCPATH\public\add-ons\php-barcode-generator-master\src\BarcodeGenerator.php(120): Picqer\Barcode\BarcodeGenerator->barcode_c128(null, '')
 3 FCPATH\public\add-ons\php-barcode-generator-master\src\BarcodeGeneratorHTML.php(21): Picqer\Barcode\BarcodeGenerator->getBarcodeData(null, 'C128')
 4 APPPATH\Views\admin_mod\books_registration\books_registration.php(314): Picqer\Barcode\BarcodeGeneratorHTML->getBarcode(null, 'C128', 2, 50)
 5 SYSTEMPATH\View\View.php(213): include('E:\\xampp-regina\\htdocs\\library_regina\\app\\Views\\admin_mod\\books_registration\\books_registration.php')
 6 SYSTEMPATH\View\View.php(216): CodeIgniter\View\View->CodeIgniter\View\{closure}()
 7 SYSTEMPATH\Common.php(1184): CodeIgniter\View\View->render('admin_mod/books_registration/books_registration', [], true)
 8 APPPATH\Controllers\BooksRegistration.php(5): view('admin_mod/books_registration/books_registration')
 9 SYSTEMPATH\CodeIgniter.php(934): App\Controllers\BooksRegistration->index()
10 SYSTEMPATH\CodeIgniter.php(499): CodeIgniter\CodeIgniter->runController(Object(App\Controllers\BooksRegistration))
11 SYSTEMPATH\CodeIgniter.php(368): CodeIgniter\CodeIgniter->handleRequest(null, Object(Config\Cache), false)
12 FCPATH\index.php(64): CodeIgniter\CodeIgniter->run()
CRITICAL - 2023-06-02 10:25:34 --> Trying to access array offset on value of type null
in FCPATH\public\add-ons\php-barcode-generator-master\src\BarcodeGenerator.php on line 1343.
 1 FCPATH\public\add-ons\php-barcode-generator-master\src\BarcodeGenerator.php(1343): CodeIgniter\Debug\Exceptions->errorHandler(2, 'Trying to access array offset on value of type null', 'E:\\xampp-regina\\htdocs\\library_regina\\public\\add-ons\\php-barcode-generator-master\\src\\BarcodeGenerator.php', 1343)
 2 FCPATH\public\add-ons\php-barcode-generator-master\src\BarcodeGenerator.php(120): Picqer\Barcode\BarcodeGenerator->barcode_c128(null, '')
 3 FCPATH\public\add-ons\php-barcode-generator-master\src\BarcodeGeneratorHTML.php(21): Picqer\Barcode\BarcodeGenerator->getBarcodeData(null, 'C128')
 4 APPPATH\Views\admin_mod\books_registration\books_registration.php(314): Picqer\Barcode\BarcodeGeneratorHTML->getBarcode(null, 'C128', 2, 50)
 5 SYSTEMPATH\View\View.php(213): include('E:\\xampp-regina\\htdocs\\library_regina\\app\\Views\\admin_mod\\books_registration\\books_registration.php')
 6 SYSTEMPATH\View\View.php(216): CodeIgniter\View\View->CodeIgniter\View\{closure}()
 7 SYSTEMPATH\Common.php(1184): CodeIgniter\View\View->render('admin_mod/books_registration/books_registration', [], true)
 8 APPPATH\Controllers\BooksRegistration.php(5): view('admin_mod/books_registration/books_registration')
 9 SYSTEMPATH\CodeIgniter.php(934): App\Controllers\BooksRegistration->index()
10 SYSTEMPATH\CodeIgniter.php(499): CodeIgniter\CodeIgniter->runController(Object(App\Controllers\BooksRegistration))
11 SYSTEMPATH\CodeIgniter.php(368): CodeIgniter\CodeIgniter->handleRequest(null, Object(Config\Cache), false)
12 FCPATH\index.php(64): CodeIgniter\CodeIgniter->run()
CRITICAL - 2023-06-02 10:25:34 --> Trying to access array offset on value of type null
in FCPATH\public\add-ons\php-barcode-generator-master\src\BarcodeGenerator.php on line 1343.
 1 FCPATH\public\add-ons\php-barcode-generator-master\src\BarcodeGenerator.php(1343): CodeIgniter\Debug\Exceptions->errorHandler(2, 'Trying to access array offset on value of type null', 'E:\\xampp-regina\\htdocs\\library_regina\\public\\add-ons\\php-barcode-generator-master\\src\\BarcodeGenerator.php', 1343)
 2 FCPATH\public\add-ons\php-barcode-generator-master\src\BarcodeGenerator.php(120): Picqer\Barcode\BarcodeGenerator->barcode_c128(null, '')
 3 FCPATH\public\add-ons\php-barcode-generator-master\src\BarcodeGeneratorHTML.php(21): Picqer\Barcode\BarcodeGenerator->getBarcodeData(null, 'C128')
 4 APPPATH\Views\admin_mod\books_registration\books_registration.php(314): Picqer\Barcode\BarcodeGeneratorHTML->getBarcode(null, 'C128', 2, 50)
 5 SYSTEMPATH\View\View.php(213): include('E:\\xampp-regina\\htdocs\\library_regina\\app\\Views\\admin_mod\\books_registration\\books_registration.php')
 6 SYSTEMPATH\View\View.php(216): CodeIgniter\View\View->CodeIgniter\View\{closure}()
 7 SYSTEMPATH\Common.php(1184): CodeIgniter\View\View->render('admin_mod/books_registration/books_registration', [], true)
 8 APPPATH\Controllers\BooksRegistration.php(5): view('admin_mod/books_registration/books_registration')
 9 SYSTEMPATH\CodeIgniter.php(934): App\Controllers\BooksRegistration->index()
10 SYSTEMPATH\CodeIgniter.php(499): CodeIgniter\CodeIgniter->runController(Object(App\Controllers\BooksRegistration))
11 SYSTEMPATH\CodeIgniter.php(368): CodeIgniter\CodeIgniter->handleRequest(null, Object(Config\Cache), false)
12 FCPATH\index.php(64): CodeIgniter\CodeIgniter->run()
CRITICAL - 2023-06-02 10:32:44 --> Undefined variable $DDCA_NameTh
in APPPATH\Views\admin_mod\ddc\data_ddc.php on line 61.
 1 APPPATH\Views\admin_mod\ddc\data_ddc.php(61): CodeIgniter\Debug\Exceptions->errorHandler(2, 'Undefined variable $DDCA_NameTh', 'E:\\xampp-regina\\htdocs\\library_regina\\app\\Views\\admin_mod\\ddc\\data_ddc.php', 61)
 2 SYSTEMPATH\View\View.php(213): include('E:\\xampp-regina\\htdocs\\library_regina\\app\\Views\\admin_mod\\ddc\\data_ddc.php')
 3 SYSTEMPATH\View\View.php(216): CodeIgniter\View\View->CodeIgniter\View\{closure}()
 4 SYSTEMPATH\Common.php(1184): CodeIgniter\View\View->render('admin_mod/ddc/data_ddc', [], true)
 5 APPPATH\Controllers\Ddc.php(5): view('admin_mod/ddc/data_ddc')
 6 SYSTEMPATH\CodeIgniter.php(934): App\Controllers\Ddc->index()
 7 SYSTEMPATH\CodeIgniter.php(499): CodeIgniter\CodeIgniter->runController(Object(App\Controllers\Ddc))
 8 SYSTEMPATH\CodeIgniter.php(368): CodeIgniter\CodeIgniter->handleRequest(null, Object(Config\Cache), false)
 9 FCPATH\index.php(64): CodeIgniter\CodeIgniter->run()
CRITICAL - 2023-06-02 10:32:50 --> Undefined variable $DDCA_NameTh
in APPPATH\Views\admin_mod\ddc\data_ddc.php on line 61.
 1 APPPATH\Views\admin_mod\ddc\data_ddc.php(61): CodeIgniter\Debug\Exceptions->errorHandler(2, 'Undefined variable $DDCA_NameTh', 'E:\\xampp-regina\\htdocs\\library_regina\\app\\Views\\admin_mod\\ddc\\data_ddc.php', 61)
 2 SYSTEMPATH\View\View.php(213): include('E:\\xampp-regina\\htdocs\\library_regina\\app\\Views\\admin_mod\\ddc\\data_ddc.php')
 3 SYSTEMPATH\View\View.php(216): CodeIgniter\View\View->CodeIgniter\View\{closure}()
 4 SYSTEMPATH\Common.php(1184): CodeIgniter\View\View->render('admin_mod/ddc/data_ddc', [], true)
 5 APPPATH\Controllers\Ddc.php(5): view('admin_mod/ddc/data_ddc')
 6 SYSTEMPATH\CodeIgniter.php(934): App\Controllers\Ddc->index()
 7 SYSTEMPATH\CodeIgniter.php(499): CodeIgniter\CodeIgniter->runController(Object(App\Controllers\Ddc))
 8 SYSTEMPATH\CodeIgniter.php(368): CodeIgniter\CodeIgniter->handleRequest(null, Object(Config\Cache), false)
 9 FCPATH\index.php(64): CodeIgniter\CodeIgniter->run()
CRITICAL - 2023-06-02 10:33:39 --> Undefined variable $DDCA_TxtTh
in APPPATH\Views\admin_mod\books_library\Show_books_library.php on line 309.
 1 APPPATH\Views\admin_mod\books_library\Show_books_library.php(309): CodeIgniter\Debug\Exceptions->errorHandler(2, 'Undefined variable $DDCA_TxtTh', 'E:\\xampp-regina\\htdocs\\library_regina\\app\\Views\\admin_mod\\books_library\\Show_books_library.php', 309)
 2 SYSTEMPATH\View\View.php(213): include('E:\\xampp-regina\\htdocs\\library_regina\\app\\Views\\admin_mod\\books_library\\Show_books_library.php')
 3 SYSTEMPATH\View\View.php(216): CodeIgniter\View\View->CodeIgniter\View\{closure}()
 4 SYSTEMPATH\Common.php(1184): CodeIgniter\View\View->render('admin_mod/books_library/Show_books_library', [], true)
 5 APPPATH\Controllers\BooksLibrary.php(5): view('admin_mod/books_library/Show_books_library')
 6 SYSTEMPATH\CodeIgniter.php(934): App\Controllers\BooksLibrary->index()
 7 SYSTEMPATH\CodeIgniter.php(499): CodeIgniter\CodeIgniter->runController(Object(App\Controllers\BooksLibrary))
 8 SYSTEMPATH\CodeIgniter.php(368): CodeIgniter\CodeIgniter->handleRequest(null, Object(Config\Cache), false)
 9 FCPATH\index.php(64): CodeIgniter\CodeIgniter->run()
CRITICAL - 2023-06-02 10:33:40 --> Undefined variable $DDCA_TxtTh
in APPPATH\Views\admin_mod\books_library\Show_books_library.php on line 309.
 1 APPPATH\Views\admin_mod\books_library\Show_books_library.php(309): CodeIgniter\Debug\Exceptions->errorHandler(2, 'Undefined variable $DDCA_TxtTh', 'E:\\xampp-regina\\htdocs\\library_regina\\app\\Views\\admin_mod\\books_library\\Show_books_library.php', 309)
 2 SYSTEMPATH\View\View.php(213): include('E:\\xampp-regina\\htdocs\\library_regina\\app\\Views\\admin_mod\\books_library\\Show_books_library.php')
 3 SYSTEMPATH\View\View.php(216): CodeIgniter\View\View->CodeIgniter\View\{closure}()
 4 SYSTEMPATH\Common.php(1184): CodeIgniter\View\View->render('admin_mod/books_library/Show_books_library', [], true)
 5 APPPATH\Controllers\BooksLibrary.php(5): view('admin_mod/books_library/Show_books_library')
 6 SYSTEMPATH\CodeIgniter.php(934): App\Controllers\BooksLibrary->index()
 7 SYSTEMPATH\CodeIgniter.php(499): CodeIgniter\CodeIgniter->runController(Object(App\Controllers\BooksLibrary))
 8 SYSTEMPATH\CodeIgniter.php(368): CodeIgniter\CodeIgniter->handleRequest(null, Object(Config\Cache), false)
 9 FCPATH\index.php(64): CodeIgniter\CodeIgniter->run()
