ERROR - 2023-06-15 02:10:51 --> Error connecting to the database: mysqli_sql_exception: No connection could be made because the target machine actively refused it in E:\xampp-regina\htdocs\library_regina\system\Database\MySQLi\Connection.php:173
Stack trace:
#0 E:\xampp-regina\htdocs\library_regina\system\Database\MySQLi\Connection.php(173): mysqli->real_connect('localhost', 'root', Object(SensitiveParameterValue), 'library_rc', 3390, '', 0)
#1 E:\xampp-regina\htdocs\library_regina\system\Database\BaseConnection.php(391): CodeIgniter\Database\MySQLi\Connection->connect(false)
#2 E:\xampp-regina\htdocs\library_regina\system\Database\BaseConnection.php(573): CodeIgniter\Database\BaseConnection->initialize()
#3 E:\xampp-regina\htdocs\library_regina\app\Controllers\UserLogin.php(14): CodeIgniter\Database\BaseConnection->query('SELECT * FROM `...')
#4 E:\xampp-regina\htdocs\library_regina\system\CodeIgniter.php(934): App\Controllers\UserLogin->LibraryLogin()
#5 E:\xampp-regina\htdocs\library_regina\system\CodeIgniter.php(499): CodeIgniter\CodeIgniter->runController(Object(App\Controllers\UserLogin))
#6 E:\xampp-regina\htdocs\library_regina\system\CodeIgniter.php(368): CodeIgniter\CodeIgniter->handleRequest(NULL, Object(Config\Cache), false)
#7 E:\xampp-regina\htdocs\library_regina\index.php(64): CodeIgniter\CodeIgniter->run()
#8 {main}

Next CodeIgniter\Database\Exceptions\DatabaseException: No connection could be made because the target machine actively refused it in E:\xampp-regina\htdocs\library_regina\system\Database\MySQLi\Connection.php:218
Stack trace:
#0 E:\xampp-regina\htdocs\library_regina\system\Database\BaseConnection.php(391): CodeIgniter\Database\MySQLi\Connection->connect(false)
#1 E:\xampp-regina\htdocs\library_regina\system\Database\BaseConnection.php(573): CodeIgniter\Database\BaseConnection->initialize()
#2 E:\xampp-regina\htdocs\library_regina\app\Controllers\UserLogin.php(14): CodeIgniter\Database\BaseConnection->query('SELECT * FROM `...')
#3 E:\xampp-regina\htdocs\library_regina\system\CodeIgniter.php(934): App\Controllers\UserLogin->LibraryLogin()
#4 E:\xampp-regina\htdocs\library_regina\system\CodeIgniter.php(499): CodeIgniter\CodeIgniter->runController(Object(App\Controllers\UserLogin))
#5 E:\xampp-regina\htdocs\library_regina\system\CodeIgniter.php(368): CodeIgniter\CodeIgniter->handleRequest(NULL, Object(Config\Cache), false)
#6 E:\xampp-regina\htdocs\library_regina\index.php(64): CodeIgniter\CodeIgniter->run()
#7 {main}
CRITICAL - 2023-06-15 02:10:51 --> Unable to connect to the database.
Main connection [MySQLi]: No connection could be made because the target machine actively refused it
in SYSTEMPATH\Database\BaseConnection.php on line 427.
 1 SYSTEMPATH\Database\BaseConnection.php(573): CodeIgniter\Database\BaseConnection->initialize()
 2 APPPATH\Controllers\UserLogin.php(14): CodeIgniter\Database\BaseConnection->query('SELECT * FROM `librarylogin` 
												  WHERE `IL_Key`=\'rc0468\' 
												  AND `IL_Pass`=\'b541b46617409ead868f25fc563735d6\' 
												  AND `IL_Status`=\'1\'')
 3 SYSTEMPATH\CodeIgniter.php(934): App\Controllers\UserLogin->LibraryLogin()
 4 SYSTEMPATH\CodeIgniter.php(499): CodeIgniter\CodeIgniter->runController(Object(App\Controllers\UserLogin))
 5 SYSTEMPATH\CodeIgniter.php(368): CodeIgniter\CodeIgniter->handleRequest(null, Object(Config\Cache), false)
 6 FCPATH\index.php(64): CodeIgniter\CodeIgniter->run()
CRITICAL - 2023-06-15 02:23:46 --> Undefined variable $DDCB_RowID
in APPPATH\Views\admin_mod\ddc\data_ddc.php on line 262.
 1 APPPATH\Views\admin_mod\ddc\data_ddc.php(262): CodeIgniter\Debug\Exceptions->errorHandler(2, 'Undefined variable $DDCB_RowID', 'E:\\xampp-regina\\htdocs\\library_regina\\app\\Views\\admin_mod\\ddc\\data_ddc.php', 262)
 2 SYSTEMPATH\View\View.php(213): include('E:\\xampp-regina\\htdocs\\library_regina\\app\\Views\\admin_mod\\ddc\\data_ddc.php')
 3 SYSTEMPATH\View\View.php(216): CodeIgniter\View\View->CodeIgniter\View\{closure}()
 4 SYSTEMPATH\Common.php(1184): CodeIgniter\View\View->render('admin_mod/ddc/data_ddc', [], true)
 5 APPPATH\Controllers\Ddc.php(5): view('admin_mod/ddc/data_ddc')
 6 SYSTEMPATH\CodeIgniter.php(934): App\Controllers\Ddc->index()
 7 SYSTEMPATH\CodeIgniter.php(499): CodeIgniter\CodeIgniter->runController(Object(App\Controllers\Ddc))
 8 SYSTEMPATH\CodeIgniter.php(368): CodeIgniter\CodeIgniter->handleRequest(null, Object(Config\Cache), false)
 9 FCPATH\index.php(64): CodeIgniter\CodeIgniter->run()
CRITICAL - 2023-06-15 02:23:47 --> Undefined variable $DDCB_RowID
in APPPATH\Views\admin_mod\ddc\data_ddc.php on line 262.
 1 APPPATH\Views\admin_mod\ddc\data_ddc.php(262): CodeIgniter\Debug\Exceptions->errorHandler(2, 'Undefined variable $DDCB_RowID', 'E:\\xampp-regina\\htdocs\\library_regina\\app\\Views\\admin_mod\\ddc\\data_ddc.php', 262)
 2 SYSTEMPATH\View\View.php(213): include('E:\\xampp-regina\\htdocs\\library_regina\\app\\Views\\admin_mod\\ddc\\data_ddc.php')
 3 SYSTEMPATH\View\View.php(216): CodeIgniter\View\View->CodeIgniter\View\{closure}()
 4 SYSTEMPATH\Common.php(1184): CodeIgniter\View\View->render('admin_mod/ddc/data_ddc', [], true)
 5 APPPATH\Controllers\Ddc.php(5): view('admin_mod/ddc/data_ddc')
 6 SYSTEMPATH\CodeIgniter.php(934): App\Controllers\Ddc->index()
 7 SYSTEMPATH\CodeIgniter.php(499): CodeIgniter\CodeIgniter->runController(Object(App\Controllers\Ddc))
 8 SYSTEMPATH\CodeIgniter.php(368): CodeIgniter\CodeIgniter->handleRequest(null, Object(Config\Cache), false)
 9 FCPATH\index.php(64): CodeIgniter\CodeIgniter->run()
CRITICAL - 2023-06-15 02:23:48 --> Undefined variable $DDCB_RowID
in APPPATH\Views\admin_mod\ddc\data_ddc.php on line 262.
 1 APPPATH\Views\admin_mod\ddc\data_ddc.php(262): CodeIgniter\Debug\Exceptions->errorHandler(2, 'Undefined variable $DDCB_RowID', 'E:\\xampp-regina\\htdocs\\library_regina\\app\\Views\\admin_mod\\ddc\\data_ddc.php', 262)
 2 SYSTEMPATH\View\View.php(213): include('E:\\xampp-regina\\htdocs\\library_regina\\app\\Views\\admin_mod\\ddc\\data_ddc.php')
 3 SYSTEMPATH\View\View.php(216): CodeIgniter\View\View->CodeIgniter\View\{closure}()
 4 SYSTEMPATH\Common.php(1184): CodeIgniter\View\View->render('admin_mod/ddc/data_ddc', [], true)
 5 APPPATH\Controllers\Ddc.php(5): view('admin_mod/ddc/data_ddc')
 6 SYSTEMPATH\CodeIgniter.php(934): App\Controllers\Ddc->index()
 7 SYSTEMPATH\CodeIgniter.php(499): CodeIgniter\CodeIgniter->runController(Object(App\Controllers\Ddc))
 8 SYSTEMPATH\CodeIgniter.php(368): CodeIgniter\CodeIgniter->handleRequest(null, Object(Config\Cache), false)
 9 FCPATH\index.php(64): CodeIgniter\CodeIgniter->run()
CRITICAL - 2023-06-15 02:23:48 --> Undefined variable $DDCB_RowID
in APPPATH\Views\admin_mod\ddc\data_ddc.php on line 262.
 1 APPPATH\Views\admin_mod\ddc\data_ddc.php(262): CodeIgniter\Debug\Exceptions->errorHandler(2, 'Undefined variable $DDCB_RowID', 'E:\\xampp-regina\\htdocs\\library_regina\\app\\Views\\admin_mod\\ddc\\data_ddc.php', 262)
 2 SYSTEMPATH\View\View.php(213): include('E:\\xampp-regina\\htdocs\\library_regina\\app\\Views\\admin_mod\\ddc\\data_ddc.php')
 3 SYSTEMPATH\View\View.php(216): CodeIgniter\View\View->CodeIgniter\View\{closure}()
 4 SYSTEMPATH\Common.php(1184): CodeIgniter\View\View->render('admin_mod/ddc/data_ddc', [], true)
 5 APPPATH\Controllers\Ddc.php(5): view('admin_mod/ddc/data_ddc')
 6 SYSTEMPATH\CodeIgniter.php(934): App\Controllers\Ddc->index()
 7 SYSTEMPATH\CodeIgniter.php(499): CodeIgniter\CodeIgniter->runController(Object(App\Controllers\Ddc))
 8 SYSTEMPATH\CodeIgniter.php(368): CodeIgniter\CodeIgniter->handleRequest(null, Object(Config\Cache), false)
 9 FCPATH\index.php(64): CodeIgniter\CodeIgniter->run()
CRITICAL - 2023-06-15 02:23:48 --> Undefined variable $DDCB_RowID
in APPPATH\Views\admin_mod\ddc\data_ddc.php on line 262.
 1 APPPATH\Views\admin_mod\ddc\data_ddc.php(262): CodeIgniter\Debug\Exceptions->errorHandler(2, 'Undefined variable $DDCB_RowID', 'E:\\xampp-regina\\htdocs\\library_regina\\app\\Views\\admin_mod\\ddc\\data_ddc.php', 262)
 2 SYSTEMPATH\View\View.php(213): include('E:\\xampp-regina\\htdocs\\library_regina\\app\\Views\\admin_mod\\ddc\\data_ddc.php')
 3 SYSTEMPATH\View\View.php(216): CodeIgniter\View\View->CodeIgniter\View\{closure}()
 4 SYSTEMPATH\Common.php(1184): CodeIgniter\View\View->render('admin_mod/ddc/data_ddc', [], true)
 5 APPPATH\Controllers\Ddc.php(5): view('admin_mod/ddc/data_ddc')
 6 SYSTEMPATH\CodeIgniter.php(934): App\Controllers\Ddc->index()
 7 SYSTEMPATH\CodeIgniter.php(499): CodeIgniter\CodeIgniter->runController(Object(App\Controllers\Ddc))
 8 SYSTEMPATH\CodeIgniter.php(368): CodeIgniter\CodeIgniter->handleRequest(null, Object(Config\Cache), false)
 9 FCPATH\index.php(64): CodeIgniter\CodeIgniter->run()
CRITICAL - 2023-06-15 02:23:48 --> Undefined variable $DDCB_RowID
in APPPATH\Views\admin_mod\ddc\data_ddc.php on line 262.
 1 APPPATH\Views\admin_mod\ddc\data_ddc.php(262): CodeIgniter\Debug\Exceptions->errorHandler(2, 'Undefined variable $DDCB_RowID', 'E:\\xampp-regina\\htdocs\\library_regina\\app\\Views\\admin_mod\\ddc\\data_ddc.php', 262)
 2 SYSTEMPATH\View\View.php(213): include('E:\\xampp-regina\\htdocs\\library_regina\\app\\Views\\admin_mod\\ddc\\data_ddc.php')
 3 SYSTEMPATH\View\View.php(216): CodeIgniter\View\View->CodeIgniter\View\{closure}()
 4 SYSTEMPATH\Common.php(1184): CodeIgniter\View\View->render('admin_mod/ddc/data_ddc', [], true)
 5 APPPATH\Controllers\Ddc.php(5): view('admin_mod/ddc/data_ddc')
 6 SYSTEMPATH\CodeIgniter.php(934): App\Controllers\Ddc->index()
 7 SYSTEMPATH\CodeIgniter.php(499): CodeIgniter\CodeIgniter->runController(Object(App\Controllers\Ddc))
 8 SYSTEMPATH\CodeIgniter.php(368): CodeIgniter\CodeIgniter->handleRequest(null, Object(Config\Cache), false)
 9 FCPATH\index.php(64): CodeIgniter\CodeIgniter->run()
CRITICAL - 2023-06-15 02:23:51 --> Undefined variable $DDCB_RowID
in APPPATH\Views\admin_mod\ddc\data_ddc.php on line 262.
 1 APPPATH\Views\admin_mod\ddc\data_ddc.php(262): CodeIgniter\Debug\Exceptions->errorHandler(2, 'Undefined variable $DDCB_RowID', 'E:\\xampp-regina\\htdocs\\library_regina\\app\\Views\\admin_mod\\ddc\\data_ddc.php', 262)
 2 SYSTEMPATH\View\View.php(213): include('E:\\xampp-regina\\htdocs\\library_regina\\app\\Views\\admin_mod\\ddc\\data_ddc.php')
 3 SYSTEMPATH\View\View.php(216): CodeIgniter\View\View->CodeIgniter\View\{closure}()
 4 SYSTEMPATH\Common.php(1184): CodeIgniter\View\View->render('admin_mod/ddc/data_ddc', [], true)
 5 APPPATH\Controllers\Ddc.php(5): view('admin_mod/ddc/data_ddc')
 6 SYSTEMPATH\CodeIgniter.php(934): App\Controllers\Ddc->index()
 7 SYSTEMPATH\CodeIgniter.php(499): CodeIgniter\CodeIgniter->runController(Object(App\Controllers\Ddc))
 8 SYSTEMPATH\CodeIgniter.php(368): CodeIgniter\CodeIgniter->handleRequest(null, Object(Config\Cache), false)
 9 FCPATH\index.php(64): CodeIgniter\CodeIgniter->run()
CRITICAL - 2023-06-15 02:23:51 --> Undefined variable $DDCB_RowID
in APPPATH\Views\admin_mod\ddc\data_ddc.php on line 262.
 1 APPPATH\Views\admin_mod\ddc\data_ddc.php(262): CodeIgniter\Debug\Exceptions->errorHandler(2, 'Undefined variable $DDCB_RowID', 'E:\\xampp-regina\\htdocs\\library_regina\\app\\Views\\admin_mod\\ddc\\data_ddc.php', 262)
 2 SYSTEMPATH\View\View.php(213): include('E:\\xampp-regina\\htdocs\\library_regina\\app\\Views\\admin_mod\\ddc\\data_ddc.php')
 3 SYSTEMPATH\View\View.php(216): CodeIgniter\View\View->CodeIgniter\View\{closure}()
 4 SYSTEMPATH\Common.php(1184): CodeIgniter\View\View->render('admin_mod/ddc/data_ddc', [], true)
 5 APPPATH\Controllers\Ddc.php(5): view('admin_mod/ddc/data_ddc')
 6 SYSTEMPATH\CodeIgniter.php(934): App\Controllers\Ddc->index()
 7 SYSTEMPATH\CodeIgniter.php(499): CodeIgniter\CodeIgniter->runController(Object(App\Controllers\Ddc))
 8 SYSTEMPATH\CodeIgniter.php(368): CodeIgniter\CodeIgniter->handleRequest(null, Object(Config\Cache), false)
 9 FCPATH\index.php(64): CodeIgniter\CodeIgniter->run()
CRITICAL - 2023-06-15 02:23:51 --> Undefined variable $DDCB_RowID
in APPPATH\Views\admin_mod\ddc\data_ddc.php on line 262.
 1 APPPATH\Views\admin_mod\ddc\data_ddc.php(262): CodeIgniter\Debug\Exceptions->errorHandler(2, 'Undefined variable $DDCB_RowID', 'E:\\xampp-regina\\htdocs\\library_regina\\app\\Views\\admin_mod\\ddc\\data_ddc.php', 262)
 2 SYSTEMPATH\View\View.php(213): include('E:\\xampp-regina\\htdocs\\library_regina\\app\\Views\\admin_mod\\ddc\\data_ddc.php')
 3 SYSTEMPATH\View\View.php(216): CodeIgniter\View\View->CodeIgniter\View\{closure}()
 4 SYSTEMPATH\Common.php(1184): CodeIgniter\View\View->render('admin_mod/ddc/data_ddc', [], true)
 5 APPPATH\Controllers\Ddc.php(5): view('admin_mod/ddc/data_ddc')
 6 SYSTEMPATH\CodeIgniter.php(934): App\Controllers\Ddc->index()
 7 SYSTEMPATH\CodeIgniter.php(499): CodeIgniter\CodeIgniter->runController(Object(App\Controllers\Ddc))
 8 SYSTEMPATH\CodeIgniter.php(368): CodeIgniter\CodeIgniter->handleRequest(null, Object(Config\Cache), false)
 9 FCPATH\index.php(64): CodeIgniter\CodeIgniter->run()
CRITICAL - 2023-06-15 02:23:52 --> Undefined variable $DDCB_RowID
in APPPATH\Views\admin_mod\ddc\data_ddc.php on line 262.
 1 APPPATH\Views\admin_mod\ddc\data_ddc.php(262): CodeIgniter\Debug\Exceptions->errorHandler(2, 'Undefined variable $DDCB_RowID', 'E:\\xampp-regina\\htdocs\\library_regina\\app\\Views\\admin_mod\\ddc\\data_ddc.php', 262)
 2 SYSTEMPATH\View\View.php(213): include('E:\\xampp-regina\\htdocs\\library_regina\\app\\Views\\admin_mod\\ddc\\data_ddc.php')
 3 SYSTEMPATH\View\View.php(216): CodeIgniter\View\View->CodeIgniter\View\{closure}()
 4 SYSTEMPATH\Common.php(1184): CodeIgniter\View\View->render('admin_mod/ddc/data_ddc', [], true)
 5 APPPATH\Controllers\Ddc.php(5): view('admin_mod/ddc/data_ddc')
 6 SYSTEMPATH\CodeIgniter.php(934): App\Controllers\Ddc->index()
 7 SYSTEMPATH\CodeIgniter.php(499): CodeIgniter\CodeIgniter->runController(Object(App\Controllers\Ddc))
 8 SYSTEMPATH\CodeIgniter.php(368): CodeIgniter\CodeIgniter->handleRequest(null, Object(Config\Cache), false)
 9 FCPATH\index.php(64): CodeIgniter\CodeIgniter->run()
CRITICAL - 2023-06-15 02:23:52 --> Undefined variable $DDCB_RowID
in APPPATH\Views\admin_mod\ddc\data_ddc.php on line 262.
 1 APPPATH\Views\admin_mod\ddc\data_ddc.php(262): CodeIgniter\Debug\Exceptions->errorHandler(2, 'Undefined variable $DDCB_RowID', 'E:\\xampp-regina\\htdocs\\library_regina\\app\\Views\\admin_mod\\ddc\\data_ddc.php', 262)
 2 SYSTEMPATH\View\View.php(213): include('E:\\xampp-regina\\htdocs\\library_regina\\app\\Views\\admin_mod\\ddc\\data_ddc.php')
 3 SYSTEMPATH\View\View.php(216): CodeIgniter\View\View->CodeIgniter\View\{closure}()
 4 SYSTEMPATH\Common.php(1184): CodeIgniter\View\View->render('admin_mod/ddc/data_ddc', [], true)
 5 APPPATH\Controllers\Ddc.php(5): view('admin_mod/ddc/data_ddc')
 6 SYSTEMPATH\CodeIgniter.php(934): App\Controllers\Ddc->index()
 7 SYSTEMPATH\CodeIgniter.php(499): CodeIgniter\CodeIgniter->runController(Object(App\Controllers\Ddc))
 8 SYSTEMPATH\CodeIgniter.php(368): CodeIgniter\CodeIgniter->handleRequest(null, Object(Config\Cache), false)
 9 FCPATH\index.php(64): CodeIgniter\CodeIgniter->run()
CRITICAL - 2023-06-15 09:57:23 --> foreach() argument must be of type array|object, string given
in APPPATH\Views\admin_mod\return_book\return_book.php on line 48.
 1 APPPATH\Views\admin_mod\return_book\return_book.php(48): CodeIgniter\Debug\Exceptions->errorHandler(2, 'foreach() argument must be of type array|object, string given', 'E:\\xampp-regina\\htdocs\\library_regina\\app\\Views\\admin_mod\\return_book\\return_book.php', 48)
 2 SYSTEMPATH\View\View.php(213): include('E:\\xampp-regina\\htdocs\\library_regina\\app\\Views\\admin_mod\\return_book\\return_book.php')
 3 SYSTEMPATH\View\View.php(216): CodeIgniter\View\View->CodeIgniter\View\{closure}()
 4 SYSTEMPATH\Common.php(1184): CodeIgniter\View\View->render('admin_mod/return_book/return_book', [], true)
 5 APPPATH\Controllers\Return_book.php(5): view('admin_mod/return_book/return_book')
 6 SYSTEMPATH\CodeIgniter.php(934): App\Controllers\Return_book->index()
 7 SYSTEMPATH\CodeIgniter.php(499): CodeIgniter\CodeIgniter->runController(Object(App\Controllers\Return_book))
 8 SYSTEMPATH\CodeIgniter.php(368): CodeIgniter\CodeIgniter->handleRequest(null, Object(Config\Cache), false)
 9 FCPATH\index.php(64): CodeIgniter\CodeIgniter->run()
CRITICAL - 2023-06-15 09:58:46 --> foreach() argument must be of type array|object, string given
in APPPATH\Views\admin_mod\return_book\return_book.php on line 48.
 1 APPPATH\Views\admin_mod\return_book\return_book.php(48): CodeIgniter\Debug\Exceptions->errorHandler(2, 'foreach() argument must be of type array|object, string given', 'E:\\xampp-regina\\htdocs\\library_regina\\app\\Views\\admin_mod\\return_book\\return_book.php', 48)
 2 SYSTEMPATH\View\View.php(213): include('E:\\xampp-regina\\htdocs\\library_regina\\app\\Views\\admin_mod\\return_book\\return_book.php')
 3 SYSTEMPATH\View\View.php(216): CodeIgniter\View\View->CodeIgniter\View\{closure}()
 4 SYSTEMPATH\Common.php(1184): CodeIgniter\View\View->render('admin_mod/return_book/return_book', [], true)
 5 APPPATH\Controllers\Return_book.php(5): view('admin_mod/return_book/return_book')
 6 SYSTEMPATH\CodeIgniter.php(934): App\Controllers\Return_book->index()
 7 SYSTEMPATH\CodeIgniter.php(499): CodeIgniter\CodeIgniter->runController(Object(App\Controllers\Return_book))
 8 SYSTEMPATH\CodeIgniter.php(368): CodeIgniter\CodeIgniter->handleRequest(null, Object(Config\Cache), false)
 9 FCPATH\index.php(64): CodeIgniter\CodeIgniter->run()
CRITICAL - 2023-06-15 09:59:12 --> foreach() argument must be of type array|object, string given
in APPPATH\Views\admin_mod\return_book\return_book.php on line 48.
 1 APPPATH\Views\admin_mod\return_book\return_book.php(48): CodeIgniter\Debug\Exceptions->errorHandler(2, 'foreach() argument must be of type array|object, string given', 'E:\\xampp-regina\\htdocs\\library_regina\\app\\Views\\admin_mod\\return_book\\return_book.php', 48)
 2 SYSTEMPATH\View\View.php(213): include('E:\\xampp-regina\\htdocs\\library_regina\\app\\Views\\admin_mod\\return_book\\return_book.php')
 3 SYSTEMPATH\View\View.php(216): CodeIgniter\View\View->CodeIgniter\View\{closure}()
 4 SYSTEMPATH\Common.php(1184): CodeIgniter\View\View->render('admin_mod/return_book/return_book', [], true)
 5 APPPATH\Controllers\Return_book.php(5): view('admin_mod/return_book/return_book')
 6 SYSTEMPATH\CodeIgniter.php(934): App\Controllers\Return_book->index()
 7 SYSTEMPATH\CodeIgniter.php(499): CodeIgniter\CodeIgniter->runController(Object(App\Controllers\Return_book))
 8 SYSTEMPATH\CodeIgniter.php(368): CodeIgniter\CodeIgniter->handleRequest(null, Object(Config\Cache), false)
 9 FCPATH\index.php(64): CodeIgniter\CodeIgniter->run()
CRITICAL - 2023-06-15 09:59:45 --> foreach() argument must be of type array|object, string given
in APPPATH\Views\admin_mod\return_book\return_book.php on line 48.
 1 APPPATH\Views\admin_mod\return_book\return_book.php(48): CodeIgniter\Debug\Exceptions->errorHandler(2, 'foreach() argument must be of type array|object, string given', 'E:\\xampp-regina\\htdocs\\library_regina\\app\\Views\\admin_mod\\return_book\\return_book.php', 48)
 2 SYSTEMPATH\View\View.php(213): include('E:\\xampp-regina\\htdocs\\library_regina\\app\\Views\\admin_mod\\return_book\\return_book.php')
 3 SYSTEMPATH\View\View.php(216): CodeIgniter\View\View->CodeIgniter\View\{closure}()
 4 SYSTEMPATH\Common.php(1184): CodeIgniter\View\View->render('admin_mod/return_book/return_book', [], true)
 5 APPPATH\Controllers\Return_book.php(5): view('admin_mod/return_book/return_book')
 6 SYSTEMPATH\CodeIgniter.php(934): App\Controllers\Return_book->index()
 7 SYSTEMPATH\CodeIgniter.php(499): CodeIgniter\CodeIgniter->runController(Object(App\Controllers\Return_book))
 8 SYSTEMPATH\CodeIgniter.php(368): CodeIgniter\CodeIgniter->handleRequest(null, Object(Config\Cache), false)
 9 FCPATH\index.php(64): CodeIgniter\CodeIgniter->run()
CRITICAL - 2023-06-15 10:05:47 --> foreach() argument must be of type array|object, string given
in APPPATH\Views\admin_mod\return_book\return_book.php on line 48.
 1 APPPATH\Views\admin_mod\return_book\return_book.php(48): CodeIgniter\Debug\Exceptions->errorHandler(2, 'foreach() argument must be of type array|object, string given', 'E:\\xampp-regina\\htdocs\\library_regina\\app\\Views\\admin_mod\\return_book\\return_book.php', 48)
 2 SYSTEMPATH\View\View.php(213): include('E:\\xampp-regina\\htdocs\\library_regina\\app\\Views\\admin_mod\\return_book\\return_book.php')
 3 SYSTEMPATH\View\View.php(216): CodeIgniter\View\View->CodeIgniter\View\{closure}()
 4 SYSTEMPATH\Common.php(1184): CodeIgniter\View\View->render('admin_mod/return_book/return_book', [], true)
 5 APPPATH\Controllers\Return_book.php(5): view('admin_mod/return_book/return_book')
 6 SYSTEMPATH\CodeIgniter.php(934): App\Controllers\Return_book->index()
 7 SYSTEMPATH\CodeIgniter.php(499): CodeIgniter\CodeIgniter->runController(Object(App\Controllers\Return_book))
 8 SYSTEMPATH\CodeIgniter.php(368): CodeIgniter\CodeIgniter->handleRequest(null, Object(Config\Cache), false)
 9 FCPATH\index.php(64): CodeIgniter\CodeIgniter->run()
CRITICAL - 2023-06-15 10:07:18 --> foreach() argument must be of type array|object, string given
in APPPATH\Views\admin_mod\return_book\return_book.php on line 48.
 1 APPPATH\Views\admin_mod\return_book\return_book.php(48): CodeIgniter\Debug\Exceptions->errorHandler(2, 'foreach() argument must be of type array|object, string given', 'E:\\xampp-regina\\htdocs\\library_regina\\app\\Views\\admin_mod\\return_book\\return_book.php', 48)
 2 SYSTEMPATH\View\View.php(213): include('E:\\xampp-regina\\htdocs\\library_regina\\app\\Views\\admin_mod\\return_book\\return_book.php')
 3 SYSTEMPATH\View\View.php(216): CodeIgniter\View\View->CodeIgniter\View\{closure}()
 4 SYSTEMPATH\Common.php(1184): CodeIgniter\View\View->render('admin_mod/return_book/return_book', [], true)
 5 APPPATH\Controllers\Return_book.php(5): view('admin_mod/return_book/return_book')
 6 SYSTEMPATH\CodeIgniter.php(934): App\Controllers\Return_book->index()
 7 SYSTEMPATH\CodeIgniter.php(499): CodeIgniter\CodeIgniter->runController(Object(App\Controllers\Return_book))
 8 SYSTEMPATH\CodeIgniter.php(368): CodeIgniter\CodeIgniter->handleRequest(null, Object(Config\Cache), false)
 9 FCPATH\index.php(64): CodeIgniter\CodeIgniter->run()
CRITICAL - 2023-06-15 10:08:48 --> foreach() argument must be of type array|object, string given
in APPPATH\Views\admin_mod\return_book\return_book.php on line 48.
 1 APPPATH\Views\admin_mod\return_book\return_book.php(48): CodeIgniter\Debug\Exceptions->errorHandler(2, 'foreach() argument must be of type array|object, string given', 'E:\\xampp-regina\\htdocs\\library_regina\\app\\Views\\admin_mod\\return_book\\return_book.php', 48)
 2 SYSTEMPATH\View\View.php(213): include('E:\\xampp-regina\\htdocs\\library_regina\\app\\Views\\admin_mod\\return_book\\return_book.php')
 3 SYSTEMPATH\View\View.php(216): CodeIgniter\View\View->CodeIgniter\View\{closure}()
 4 SYSTEMPATH\Common.php(1184): CodeIgniter\View\View->render('admin_mod/return_book/return_book', [], true)
 5 APPPATH\Controllers\Return_book.php(5): view('admin_mod/return_book/return_book')
 6 SYSTEMPATH\CodeIgniter.php(934): App\Controllers\Return_book->index()
 7 SYSTEMPATH\CodeIgniter.php(499): CodeIgniter\CodeIgniter->runController(Object(App\Controllers\Return_book))
 8 SYSTEMPATH\CodeIgniter.php(368): CodeIgniter\CodeIgniter->handleRequest(null, Object(Config\Cache), false)
 9 FCPATH\index.php(64): CodeIgniter\CodeIgniter->run()
CRITICAL - 2023-06-15 10:10:37 --> Undefined array key "LLB_Key"
in APPPATH\Views\admin_mod\return_book\return_book.php on line 49.
 1 APPPATH\Views\admin_mod\return_book\return_book.php(49): CodeIgniter\Debug\Exceptions->errorHandler(2, 'Undefined array key "LLB_Key"', 'E:\\xampp-regina\\htdocs\\library_regina\\app\\Views\\admin_mod\\return_book\\return_book.php', 49)
 2 SYSTEMPATH\View\View.php(213): include('E:\\xampp-regina\\htdocs\\library_regina\\app\\Views\\admin_mod\\return_book\\return_book.php')
 3 SYSTEMPATH\View\View.php(216): CodeIgniter\View\View->CodeIgniter\View\{closure}()
 4 SYSTEMPATH\Common.php(1184): CodeIgniter\View\View->render('admin_mod/return_book/return_book', [], true)
 5 APPPATH\Controllers\Return_book.php(5): view('admin_mod/return_book/return_book')
 6 SYSTEMPATH\CodeIgniter.php(934): App\Controllers\Return_book->index()
 7 SYSTEMPATH\CodeIgniter.php(499): CodeIgniter\CodeIgniter->runController(Object(App\Controllers\Return_book))
 8 SYSTEMPATH\CodeIgniter.php(368): CodeIgniter\CodeIgniter->handleRequest(null, Object(Config\Cache), false)
 9 FCPATH\index.php(64): CodeIgniter\CodeIgniter->run()
CRITICAL - 2023-06-15 10:12:19 --> Undefined array key "LLB_Key"
in APPPATH\Views\admin_mod\return_book\return_book.php on line 49.
 1 APPPATH\Views\admin_mod\return_book\return_book.php(49): CodeIgniter\Debug\Exceptions->errorHandler(2, 'Undefined array key "LLB_Key"', 'E:\\xampp-regina\\htdocs\\library_regina\\app\\Views\\admin_mod\\return_book\\return_book.php', 49)
 2 SYSTEMPATH\View\View.php(213): include('E:\\xampp-regina\\htdocs\\library_regina\\app\\Views\\admin_mod\\return_book\\return_book.php')
 3 SYSTEMPATH\View\View.php(216): CodeIgniter\View\View->CodeIgniter\View\{closure}()
 4 SYSTEMPATH\Common.php(1184): CodeIgniter\View\View->render('admin_mod/return_book/return_book', [], true)
 5 APPPATH\Controllers\Return_book.php(5): view('admin_mod/return_book/return_book')
 6 SYSTEMPATH\CodeIgniter.php(934): App\Controllers\Return_book->index()
 7 SYSTEMPATH\CodeIgniter.php(499): CodeIgniter\CodeIgniter->runController(Object(App\Controllers\Return_book))
 8 SYSTEMPATH\CodeIgniter.php(368): CodeIgniter\CodeIgniter->handleRequest(null, Object(Config\Cache), false)
 9 FCPATH\index.php(64): CodeIgniter\CodeIgniter->run()
CRITICAL - 2023-06-15 10:12:24 --> Undefined array key "LLB_Key"
in APPPATH\Views\admin_mod\return_book\return_book.php on line 49.
 1 APPPATH\Views\admin_mod\return_book\return_book.php(49): CodeIgniter\Debug\Exceptions->errorHandler(2, 'Undefined array key "LLB_Key"', 'E:\\xampp-regina\\htdocs\\library_regina\\app\\Views\\admin_mod\\return_book\\return_book.php', 49)
 2 SYSTEMPATH\View\View.php(213): include('E:\\xampp-regina\\htdocs\\library_regina\\app\\Views\\admin_mod\\return_book\\return_book.php')
 3 SYSTEMPATH\View\View.php(216): CodeIgniter\View\View->CodeIgniter\View\{closure}()
 4 SYSTEMPATH\Common.php(1184): CodeIgniter\View\View->render('admin_mod/return_book/return_book', [], true)
 5 APPPATH\Controllers\Return_book.php(5): view('admin_mod/return_book/return_book')
 6 SYSTEMPATH\CodeIgniter.php(934): App\Controllers\Return_book->index()
 7 SYSTEMPATH\CodeIgniter.php(499): CodeIgniter\CodeIgniter->runController(Object(App\Controllers\Return_book))
 8 SYSTEMPATH\CodeIgniter.php(368): CodeIgniter\CodeIgniter->handleRequest(null, Object(Config\Cache), false)
 9 FCPATH\index.php(64): CodeIgniter\CodeIgniter->run()
CRITICAL - 2023-06-15 03:32:21 --> syntax error, unexpected token "}"
in APPPATH\Views\admin_mod\return_book\return_book.php on line 93.
 1 SYSTEMPATH\View\View.php(216): CodeIgniter\View\View->CodeIgniter\View\{closure}()
 2 SYSTEMPATH\Common.php(1184): CodeIgniter\View\View->render('admin_mod/return_book/return_book', [], true)
 3 APPPATH\Controllers\Return_book.php(5): view('admin_mod/return_book/return_book')
 4 SYSTEMPATH\CodeIgniter.php(934): App\Controllers\Return_book->index()
 5 SYSTEMPATH\CodeIgniter.php(499): CodeIgniter\CodeIgniter->runController(Object(App\Controllers\Return_book))
 6 SYSTEMPATH\CodeIgniter.php(368): CodeIgniter\CodeIgniter->handleRequest(null, Object(Config\Cache), false)
 7 FCPATH\index.php(64): CodeIgniter\CodeIgniter->run()
CRITICAL - 2023-06-15 03:32:33 --> syntax error, unexpected token "}"
in APPPATH\Views\admin_mod\return_book\return_book.php on line 93.
 1 SYSTEMPATH\View\View.php(216): CodeIgniter\View\View->CodeIgniter\View\{closure}()
 2 SYSTEMPATH\Common.php(1184): CodeIgniter\View\View->render('admin_mod/return_book/return_book', [], true)
 3 APPPATH\Controllers\Return_book.php(5): view('admin_mod/return_book/return_book')
 4 SYSTEMPATH\CodeIgniter.php(934): App\Controllers\Return_book->index()
 5 SYSTEMPATH\CodeIgniter.php(499): CodeIgniter\CodeIgniter->runController(Object(App\Controllers\Return_book))
 6 SYSTEMPATH\CodeIgniter.php(368): CodeIgniter\CodeIgniter->handleRequest(null, Object(Config\Cache), false)
 7 FCPATH\index.php(64): CodeIgniter\CodeIgniter->run()
CRITICAL - 2023-06-15 03:32:58 --> syntax error, unexpected token "}"
in APPPATH\Views\admin_mod\return_book\return_book.php on line 93.
 1 SYSTEMPATH\View\View.php(216): CodeIgniter\View\View->CodeIgniter\View\{closure}()
 2 SYSTEMPATH\Common.php(1184): CodeIgniter\View\View->render('admin_mod/return_book/return_book', [], true)
 3 APPPATH\Controllers\Return_book.php(5): view('admin_mod/return_book/return_book')
 4 SYSTEMPATH\CodeIgniter.php(934): App\Controllers\Return_book->index()
 5 SYSTEMPATH\CodeIgniter.php(499): CodeIgniter\CodeIgniter->runController(Object(App\Controllers\Return_book))
 6 SYSTEMPATH\CodeIgniter.php(368): CodeIgniter\CodeIgniter->handleRequest(null, Object(Config\Cache), false)
 7 FCPATH\index.php(64): CodeIgniter\CodeIgniter->run()
CRITICAL - 2023-06-15 03:35:40 --> syntax error, unexpected token "*"
in APPPATH\Views\admin_mod\return_book\return_book.php on line 99.
 1 SYSTEMPATH\View\View.php(216): CodeIgniter\View\View->CodeIgniter\View\{closure}()
 2 SYSTEMPATH\Common.php(1184): CodeIgniter\View\View->render('admin_mod/return_book/return_book', [], true)
 3 APPPATH\Controllers\Return_book.php(5): view('admin_mod/return_book/return_book')
 4 SYSTEMPATH\CodeIgniter.php(934): App\Controllers\Return_book->index()
 5 SYSTEMPATH\CodeIgniter.php(499): CodeIgniter\CodeIgniter->runController(Object(App\Controllers\Return_book))
 6 SYSTEMPATH\CodeIgniter.php(368): CodeIgniter\CodeIgniter->handleRequest(null, Object(Config\Cache), false)
 7 FCPATH\index.php(64): CodeIgniter\CodeIgniter->run()
CRITICAL - 2023-06-15 10:39:24 --> Undefined variable $vb_data_a
in APPPATH\Views\admin_mod\return_book\return_book.php on line 83.
 1 APPPATH\Views\admin_mod\return_book\return_book.php(83): CodeIgniter\Debug\Exceptions->errorHandler(2, 'Undefined variable $vb_data_a', 'E:\\xampp-regina\\htdocs\\library_regina\\app\\Views\\admin_mod\\return_book\\return_book.php', 83)
 2 SYSTEMPATH\View\View.php(213): include('E:\\xampp-regina\\htdocs\\library_regina\\app\\Views\\admin_mod\\return_book\\return_book.php')
 3 SYSTEMPATH\View\View.php(216): CodeIgniter\View\View->CodeIgniter\View\{closure}()
 4 SYSTEMPATH\Common.php(1184): CodeIgniter\View\View->render('admin_mod/return_book/return_book', [], true)
 5 APPPATH\Controllers\Return_book.php(5): view('admin_mod/return_book/return_book')
 6 SYSTEMPATH\CodeIgniter.php(934): App\Controllers\Return_book->index()
 7 SYSTEMPATH\CodeIgniter.php(499): CodeIgniter\CodeIgniter->runController(Object(App\Controllers\Return_book))
 8 SYSTEMPATH\CodeIgniter.php(368): CodeIgniter\CodeIgniter->handleRequest(null, Object(Config\Cache), false)
 9 FCPATH\index.php(64): CodeIgniter\CodeIgniter->run()
CRITICAL - 2023-06-15 10:39:27 --> Undefined variable $vb_data_a
in APPPATH\Views\admin_mod\return_book\return_book.php on line 83.
 1 APPPATH\Views\admin_mod\return_book\return_book.php(83): CodeIgniter\Debug\Exceptions->errorHandler(2, 'Undefined variable $vb_data_a', 'E:\\xampp-regina\\htdocs\\library_regina\\app\\Views\\admin_mod\\return_book\\return_book.php', 83)
 2 SYSTEMPATH\View\View.php(213): include('E:\\xampp-regina\\htdocs\\library_regina\\app\\Views\\admin_mod\\return_book\\return_book.php')
 3 SYSTEMPATH\View\View.php(216): CodeIgniter\View\View->CodeIgniter\View\{closure}()
 4 SYSTEMPATH\Common.php(1184): CodeIgniter\View\View->render('admin_mod/return_book/return_book', [], true)
 5 APPPATH\Controllers\Return_book.php(5): view('admin_mod/return_book/return_book')
 6 SYSTEMPATH\CodeIgniter.php(934): App\Controllers\Return_book->index()
 7 SYSTEMPATH\CodeIgniter.php(499): CodeIgniter\CodeIgniter->runController(Object(App\Controllers\Return_book))
 8 SYSTEMPATH\CodeIgniter.php(368): CodeIgniter\CodeIgniter->handleRequest(null, Object(Config\Cache), false)
 9 FCPATH\index.php(64): CodeIgniter\CodeIgniter->run()
CRITICAL - 2023-06-15 10:39:35 --> Undefined variable $vb_data_a
in APPPATH\Views\admin_mod\return_book\return_book.php on line 83.
 1 APPPATH\Views\admin_mod\return_book\return_book.php(83): CodeIgniter\Debug\Exceptions->errorHandler(2, 'Undefined variable $vb_data_a', 'E:\\xampp-regina\\htdocs\\library_regina\\app\\Views\\admin_mod\\return_book\\return_book.php', 83)
 2 SYSTEMPATH\View\View.php(213): include('E:\\xampp-regina\\htdocs\\library_regina\\app\\Views\\admin_mod\\return_book\\return_book.php')
 3 SYSTEMPATH\View\View.php(216): CodeIgniter\View\View->CodeIgniter\View\{closure}()
 4 SYSTEMPATH\Common.php(1184): CodeIgniter\View\View->render('admin_mod/return_book/return_book', [], true)
 5 APPPATH\Controllers\Return_book.php(5): view('admin_mod/return_book/return_book')
 6 SYSTEMPATH\CodeIgniter.php(934): App\Controllers\Return_book->index()
 7 SYSTEMPATH\CodeIgniter.php(499): CodeIgniter\CodeIgniter->runController(Object(App\Controllers\Return_book))
 8 SYSTEMPATH\CodeIgniter.php(368): CodeIgniter\CodeIgniter->handleRequest(null, Object(Config\Cache), false)
 9 FCPATH\index.php(64): CodeIgniter\CodeIgniter->run()
CRITICAL - 2023-06-15 10:41:22 --> Too few arguments to function vocabulary_book::__construct(), 4 passed in E:\xampp-regina\htdocs\library_regina\app\Views\admin_mod\return_book\return_book.php on line 83 and exactly 5 expected
in FCPATH\public\database\class_borrow_book.php on line 529.
 1 APPPATH\Views\admin_mod\return_book\return_book.php(83): vocabulary_book->__construct('2023-06-15 09:56:10', '2023-06-15 10:41:22', 3, 1.0)
 2 SYSTEMPATH\View\View.php(213): include('E:\\xampp-regina\\htdocs\\library_regina\\app\\Views\\admin_mod\\return_book\\return_book.php')
 3 SYSTEMPATH\View\View.php(216): CodeIgniter\View\View->CodeIgniter\View\{closure}()
 4 SYSTEMPATH\Common.php(1184): CodeIgniter\View\View->render('admin_mod/return_book/return_book', [], true)
 5 APPPATH\Controllers\Return_book.php(5): view('admin_mod/return_book/return_book')
 6 SYSTEMPATH\CodeIgniter.php(934): App\Controllers\Return_book->index()
 7 SYSTEMPATH\CodeIgniter.php(499): CodeIgniter\CodeIgniter->runController(Object(App\Controllers\Return_book))
 8 SYSTEMPATH\CodeIgniter.php(368): CodeIgniter\CodeIgniter->handleRequest(null, Object(Config\Cache), false)
 9 FCPATH\index.php(64): CodeIgniter\CodeIgniter->run()
CRITICAL - 2023-06-15 10:41:45 --> Too few arguments to function vocabulary_book::__construct(), 4 passed in E:\xampp-regina\htdocs\library_regina\app\Views\admin_mod\return_book\return_book.php on line 83 and exactly 5 expected
in FCPATH\public\database\class_borrow_book.php on line 529.
 1 APPPATH\Views\admin_mod\return_book\return_book.php(83): vocabulary_book->__construct('2023-06-15 09:56:10', '2023-06-15 10:41:45', 3, 1.0)
 2 SYSTEMPATH\View\View.php(213): include('E:\\xampp-regina\\htdocs\\library_regina\\app\\Views\\admin_mod\\return_book\\return_book.php')
 3 SYSTEMPATH\View\View.php(216): CodeIgniter\View\View->CodeIgniter\View\{closure}()
 4 SYSTEMPATH\Common.php(1184): CodeIgniter\View\View->render('admin_mod/return_book/return_book', [], true)
 5 APPPATH\Controllers\Return_book.php(5): view('admin_mod/return_book/return_book')
 6 SYSTEMPATH\CodeIgniter.php(934): App\Controllers\Return_book->index()
 7 SYSTEMPATH\CodeIgniter.php(499): CodeIgniter\CodeIgniter->runController(Object(App\Controllers\Return_book))
 8 SYSTEMPATH\CodeIgniter.php(368): CodeIgniter\CodeIgniter->handleRequest(null, Object(Config\Cache), false)
 9 FCPATH\index.php(64): CodeIgniter\CodeIgniter->run()
CRITICAL - 2023-06-15 10:44:08 --> Too few arguments to function vocabulary_book::__construct(), 4 passed in E:\xampp-regina\htdocs\library_regina\app\Views\admin_mod\return_book\return_book.php on line 83 and exactly 5 expected
in FCPATH\public\database\class_borrow_book.php on line 529.
 1 APPPATH\Views\admin_mod\return_book\return_book.php(83): vocabulary_book->__construct('2023-06-15 09:56:10', '2023-06-15 10:44:08', 3, 1.0)
 2 SYSTEMPATH\View\View.php(213): include('E:\\xampp-regina\\htdocs\\library_regina\\app\\Views\\admin_mod\\return_book\\return_book.php')
 3 SYSTEMPATH\View\View.php(216): CodeIgniter\View\View->CodeIgniter\View\{closure}()
 4 SYSTEMPATH\Common.php(1184): CodeIgniter\View\View->render('admin_mod/return_book/return_book', [], true)
 5 APPPATH\Controllers\Return_book.php(5): view('admin_mod/return_book/return_book')
 6 SYSTEMPATH\CodeIgniter.php(934): App\Controllers\Return_book->index()
 7 SYSTEMPATH\CodeIgniter.php(499): CodeIgniter\CodeIgniter->runController(Object(App\Controllers\Return_book))
 8 SYSTEMPATH\CodeIgniter.php(368): CodeIgniter\CodeIgniter->handleRequest(null, Object(Config\Cache), false)
 9 FCPATH\index.php(64): CodeIgniter\CodeIgniter->run()
CRITICAL - 2023-06-15 10:44:51 --> Too few arguments to function vocabulary_book::__construct(), 4 passed in E:\xampp-regina\htdocs\library_regina\app\Views\admin_mod\return_book\return_book.php on line 83 and exactly 5 expected
in FCPATH\public\database\class_borrow_book.php on line 529.
 1 APPPATH\Views\admin_mod\return_book\return_book.php(83): vocabulary_book->__construct('2023-06-15 09:56:10', '2023-06-15 10:44:51', 3, 1.0)
 2 SYSTEMPATH\View\View.php(213): include('E:\\xampp-regina\\htdocs\\library_regina\\app\\Views\\admin_mod\\return_book\\return_book.php')
 3 SYSTEMPATH\View\View.php(216): CodeIgniter\View\View->CodeIgniter\View\{closure}()
 4 SYSTEMPATH\Common.php(1184): CodeIgniter\View\View->render('admin_mod/return_book/return_book', [], true)
 5 APPPATH\Controllers\Return_book.php(5): view('admin_mod/return_book/return_book')
 6 SYSTEMPATH\CodeIgniter.php(934): App\Controllers\Return_book->index()
 7 SYSTEMPATH\CodeIgniter.php(499): CodeIgniter\CodeIgniter->runController(Object(App\Controllers\Return_book))
 8 SYSTEMPATH\CodeIgniter.php(368): CodeIgniter\CodeIgniter->handleRequest(null, Object(Config\Cache), false)
 9 FCPATH\index.php(64): CodeIgniter\CodeIgniter->run()
CRITICAL - 2023-06-15 10:46:07 --> Too few arguments to function vocabulary_book::__construct(), 4 passed in E:\xampp-regina\htdocs\library_regina\app\Views\admin_mod\return_book\return_book.php on line 83 and exactly 5 expected
in FCPATH\public\database\class_borrow_book.php on line 529.
 1 APPPATH\Views\admin_mod\return_book\return_book.php(83): vocabulary_book->__construct('2023-06-15 09:56:10', '2023-06-15 10:46:07', 3, 1.0)
 2 SYSTEMPATH\View\View.php(213): include('E:\\xampp-regina\\htdocs\\library_regina\\app\\Views\\admin_mod\\return_book\\return_book.php')
 3 SYSTEMPATH\View\View.php(216): CodeIgniter\View\View->CodeIgniter\View\{closure}()
 4 SYSTEMPATH\Common.php(1184): CodeIgniter\View\View->render('admin_mod/return_book/return_book', [], true)
 5 APPPATH\Controllers\Return_book.php(5): view('admin_mod/return_book/return_book')
 6 SYSTEMPATH\CodeIgniter.php(934): App\Controllers\Return_book->index()
 7 SYSTEMPATH\CodeIgniter.php(499): CodeIgniter\CodeIgniter->runController(Object(App\Controllers\Return_book))
 8 SYSTEMPATH\CodeIgniter.php(368): CodeIgniter\CodeIgniter->handleRequest(null, Object(Config\Cache), false)
 9 FCPATH\index.php(64): CodeIgniter\CodeIgniter->run()
CRITICAL - 2023-06-15 07:00:49 --> syntax error, unexpected token "}"
in APPPATH\Views\admin_mod\return_book\return_book.php on line 99.
 1 SYSTEMPATH\View\View.php(216): CodeIgniter\View\View->CodeIgniter\View\{closure}()
 2 SYSTEMPATH\Common.php(1184): CodeIgniter\View\View->render('admin_mod/return_book/return_book', [], true)
 3 APPPATH\Controllers\Return_book.php(5): view('admin_mod/return_book/return_book')
 4 SYSTEMPATH\CodeIgniter.php(934): App\Controllers\Return_book->index()
 5 SYSTEMPATH\CodeIgniter.php(499): CodeIgniter\CodeIgniter->runController(Object(App\Controllers\Return_book))
 6 SYSTEMPATH\CodeIgniter.php(368): CodeIgniter\CodeIgniter->handleRequest(null, Object(Config\Cache), false)
 7 FCPATH\index.php(64): CodeIgniter\CodeIgniter->run()
CRITICAL - 2023-06-15 14:01:47 --> Undefined variable $txt_book_return_date
in APPPATH\Views\admin_mod\return_book\return_book.php on line 83.
 1 APPPATH\Views\admin_mod\return_book\return_book.php(83): CodeIgniter\Debug\Exceptions->errorHandler(2, 'Undefined variable $txt_book_return_date', 'E:\\xampp-regina\\htdocs\\library_regina\\app\\Views\\admin_mod\\return_book\\return_book.php', 83)
 2 SYSTEMPATH\View\View.php(213): include('E:\\xampp-regina\\htdocs\\library_regina\\app\\Views\\admin_mod\\return_book\\return_book.php')
 3 SYSTEMPATH\View\View.php(216): CodeIgniter\View\View->CodeIgniter\View\{closure}()
 4 SYSTEMPATH\Common.php(1184): CodeIgniter\View\View->render('admin_mod/return_book/return_book', [], true)
 5 APPPATH\Controllers\Return_book.php(5): view('admin_mod/return_book/return_book')
 6 SYSTEMPATH\CodeIgniter.php(934): App\Controllers\Return_book->index()
 7 SYSTEMPATH\CodeIgniter.php(499): CodeIgniter\CodeIgniter->runController(Object(App\Controllers\Return_book))
 8 SYSTEMPATH\CodeIgniter.php(368): CodeIgniter\CodeIgniter->handleRequest(null, Object(Config\Cache), false)
 9 FCPATH\index.php(64): CodeIgniter\CodeIgniter->run()
CRITICAL - 2023-06-15 14:02:05 --> Undefined variable $txt_book_return_date
in APPPATH\Views\admin_mod\return_book\return_book.php on line 83.
 1 APPPATH\Views\admin_mod\return_book\return_book.php(83): CodeIgniter\Debug\Exceptions->errorHandler(2, 'Undefined variable $txt_book_return_date', 'E:\\xampp-regina\\htdocs\\library_regina\\app\\Views\\admin_mod\\return_book\\return_book.php', 83)
 2 SYSTEMPATH\View\View.php(213): include('E:\\xampp-regina\\htdocs\\library_regina\\app\\Views\\admin_mod\\return_book\\return_book.php')
 3 SYSTEMPATH\View\View.php(216): CodeIgniter\View\View->CodeIgniter\View\{closure}()
 4 SYSTEMPATH\Common.php(1184): CodeIgniter\View\View->render('admin_mod/return_book/return_book', [], true)
 5 APPPATH\Controllers\Return_book.php(5): view('admin_mod/return_book/return_book')
 6 SYSTEMPATH\CodeIgniter.php(934): App\Controllers\Return_book->index()
 7 SYSTEMPATH\CodeIgniter.php(499): CodeIgniter\CodeIgniter->runController(Object(App\Controllers\Return_book))
 8 SYSTEMPATH\CodeIgniter.php(368): CodeIgniter\CodeIgniter->handleRequest(null, Object(Config\Cache), false)
 9 FCPATH\index.php(64): CodeIgniter\CodeIgniter->run()
CRITICAL - 2023-06-15 14:02:31 --> Undefined variable $txt_book_return_date
in APPPATH\Views\admin_mod\return_book\return_book.php on line 83.
 1 APPPATH\Views\admin_mod\return_book\return_book.php(83): CodeIgniter\Debug\Exceptions->errorHandler(2, 'Undefined variable $txt_book_return_date', 'E:\\xampp-regina\\htdocs\\library_regina\\app\\Views\\admin_mod\\return_book\\return_book.php', 83)
 2 SYSTEMPATH\View\View.php(213): include('E:\\xampp-regina\\htdocs\\library_regina\\app\\Views\\admin_mod\\return_book\\return_book.php')
 3 SYSTEMPATH\View\View.php(216): CodeIgniter\View\View->CodeIgniter\View\{closure}()
 4 SYSTEMPATH\Common.php(1184): CodeIgniter\View\View->render('admin_mod/return_book/return_book', [], true)
 5 APPPATH\Controllers\Return_book.php(5): view('admin_mod/return_book/return_book')
 6 SYSTEMPATH\CodeIgniter.php(934): App\Controllers\Return_book->index()
 7 SYSTEMPATH\CodeIgniter.php(499): CodeIgniter\CodeIgniter->runController(Object(App\Controllers\Return_book))
 8 SYSTEMPATH\CodeIgniter.php(368): CodeIgniter\CodeIgniter->handleRequest(null, Object(Config\Cache), false)
 9 FCPATH\index.php(64): CodeIgniter\CodeIgniter->run()
CRITICAL - 2023-06-15 14:02:44 --> Undefined variable $txt_book_return_date
in APPPATH\Views\admin_mod\return_book\return_book.php on line 83.
 1 APPPATH\Views\admin_mod\return_book\return_book.php(83): CodeIgniter\Debug\Exceptions->errorHandler(2, 'Undefined variable $txt_book_return_date', 'E:\\xampp-regina\\htdocs\\library_regina\\app\\Views\\admin_mod\\return_book\\return_book.php', 83)
 2 SYSTEMPATH\View\View.php(213): include('E:\\xampp-regina\\htdocs\\library_regina\\app\\Views\\admin_mod\\return_book\\return_book.php')
 3 SYSTEMPATH\View\View.php(216): CodeIgniter\View\View->CodeIgniter\View\{closure}()
 4 SYSTEMPATH\Common.php(1184): CodeIgniter\View\View->render('admin_mod/return_book/return_book', [], true)
 5 APPPATH\Controllers\Return_book.php(5): view('admin_mod/return_book/return_book')
 6 SYSTEMPATH\CodeIgniter.php(934): App\Controllers\Return_book->index()
 7 SYSTEMPATH\CodeIgniter.php(499): CodeIgniter\CodeIgniter->runController(Object(App\Controllers\Return_book))
 8 SYSTEMPATH\CodeIgniter.php(368): CodeIgniter\CodeIgniter->handleRequest(null, Object(Config\Cache), false)
 9 FCPATH\index.php(64): CodeIgniter\CodeIgniter->run()
CRITICAL - 2023-06-15 14:13:49 --> Undefined variable $bbi_date
in FCPATH\public\database\class_borrow_book.php on line 458.
 1 FCPATH\public\database\class_borrow_book.php(458): CodeIgniter\Debug\Exceptions->errorHandler(2, 'Undefined variable $bbi_date', 'E:\\xampp-regina\\htdocs\\library_regina\\public\\database\\class_borrow_book.php', 458)
 2 APPPATH\Views\admin_mod\return_book\return_book.php(94): reurn_books_items->__construct('18924', '20231', 'rc0468', '00002', 3)
 3 SYSTEMPATH\View\View.php(213): include('E:\\xampp-regina\\htdocs\\library_regina\\app\\Views\\admin_mod\\return_book\\return_book.php')
 4 SYSTEMPATH\View\View.php(216): CodeIgniter\View\View->CodeIgniter\View\{closure}()
 5 SYSTEMPATH\Common.php(1184): CodeIgniter\View\View->render('admin_mod/return_book/return_book', [], true)
 6 APPPATH\Controllers\Return_book.php(5): view('admin_mod/return_book/return_book')
 7 SYSTEMPATH\CodeIgniter.php(934): App\Controllers\Return_book->index()
 8 SYSTEMPATH\CodeIgniter.php(499): CodeIgniter\CodeIgniter->runController(Object(App\Controllers\Return_book))
 9 SYSTEMPATH\CodeIgniter.php(368): CodeIgniter\CodeIgniter->handleRequest(null, Object(Config\Cache), false)
10 FCPATH\index.php(64): CodeIgniter\CodeIgniter->run()
CRITICAL - 2023-06-15 14:14:09 --> Undefined variable $bbi_date
in FCPATH\public\database\class_borrow_book.php on line 458.
 1 FCPATH\public\database\class_borrow_book.php(458): CodeIgniter\Debug\Exceptions->errorHandler(2, 'Undefined variable $bbi_date', 'E:\\xampp-regina\\htdocs\\library_regina\\public\\database\\class_borrow_book.php', 458)
 2 APPPATH\Views\admin_mod\return_book\return_book.php(94): reurn_books_items->__construct('18924', '20231', 'rc0468', '00002', 3)
 3 SYSTEMPATH\View\View.php(213): include('E:\\xampp-regina\\htdocs\\library_regina\\app\\Views\\admin_mod\\return_book\\return_book.php')
 4 SYSTEMPATH\View\View.php(216): CodeIgniter\View\View->CodeIgniter\View\{closure}()
 5 SYSTEMPATH\Common.php(1184): CodeIgniter\View\View->render('admin_mod/return_book/return_book', [], true)
 6 APPPATH\Controllers\Return_book.php(5): view('admin_mod/return_book/return_book')
 7 SYSTEMPATH\CodeIgniter.php(934): App\Controllers\Return_book->index()
 8 SYSTEMPATH\CodeIgniter.php(499): CodeIgniter\CodeIgniter->runController(Object(App\Controllers\Return_book))
 9 SYSTEMPATH\CodeIgniter.php(368): CodeIgniter\CodeIgniter->handleRequest(null, Object(Config\Cache), false)
10 FCPATH\index.php(64): CodeIgniter\CodeIgniter->run()
CRITICAL - 2023-06-15 14:15:27 --> Undefined variable $bbi_date
in FCPATH\public\database\class_borrow_book.php on line 458.
 1 FCPATH\public\database\class_borrow_book.php(458): CodeIgniter\Debug\Exceptions->errorHandler(2, 'Undefined variable $bbi_date', 'E:\\xampp-regina\\htdocs\\library_regina\\public\\database\\class_borrow_book.php', 458)
 2 APPPATH\Views\admin_mod\return_book\return_book.php(94): reurn_books_items->__construct('18924', '20231', 'rc0468', '00002', 3)
 3 SYSTEMPATH\View\View.php(213): include('E:\\xampp-regina\\htdocs\\library_regina\\app\\Views\\admin_mod\\return_book\\return_book.php')
 4 SYSTEMPATH\View\View.php(216): CodeIgniter\View\View->CodeIgniter\View\{closure}()
 5 SYSTEMPATH\Common.php(1184): CodeIgniter\View\View->render('admin_mod/return_book/return_book', [], true)
 6 APPPATH\Controllers\Return_book.php(5): view('admin_mod/return_book/return_book')
 7 SYSTEMPATH\CodeIgniter.php(934): App\Controllers\Return_book->index()
 8 SYSTEMPATH\CodeIgniter.php(499): CodeIgniter\CodeIgniter->runController(Object(App\Controllers\Return_book))
 9 SYSTEMPATH\CodeIgniter.php(368): CodeIgniter\CodeIgniter->handleRequest(null, Object(Config\Cache), false)
10 FCPATH\index.php(64): CodeIgniter\CodeIgniter->run()
CRITICAL - 2023-06-15 14:40:02 --> Undefined property: return_books_items::$bbi_date
in FCPATH\public\database\class_borrow_book.php on line 465.
 1 FCPATH\public\database\class_borrow_book.php(465): CodeIgniter\Debug\Exceptions->errorHandler(2, 'Undefined property: return_books_items::$bbi_date', 'E:\\xampp-regina\\htdocs\\library_regina\\public\\database\\class_borrow_book.php', 465)
 2 APPPATH\Views\admin_mod\return_book\return_book.php(94): return_books_items->__construct('20231', '18924', '18924', '2023-06-15 14:40:02', 'rc0468', 1.0)
 3 SYSTEMPATH\View\View.php(213): include('E:\\xampp-regina\\htdocs\\library_regina\\app\\Views\\admin_mod\\return_book\\return_book.php')
 4 SYSTEMPATH\View\View.php(216): CodeIgniter\View\View->CodeIgniter\View\{closure}()
 5 SYSTEMPATH\Common.php(1184): CodeIgniter\View\View->render('admin_mod/return_book/return_book', [], true)
 6 APPPATH\Controllers\Return_book.php(5): view('admin_mod/return_book/return_book')
 7 SYSTEMPATH\CodeIgniter.php(934): App\Controllers\Return_book->index()
 8 SYSTEMPATH\CodeIgniter.php(499): CodeIgniter\CodeIgniter->runController(Object(App\Controllers\Return_book))
 9 SYSTEMPATH\CodeIgniter.php(368): CodeIgniter\CodeIgniter->handleRequest(null, Object(Config\Cache), false)
10 FCPATH\index.php(64): CodeIgniter\CodeIgniter->run()
CRITICAL - 2023-06-15 14:40:13 --> Undefined property: return_books_items::$bbi_date
in FCPATH\public\database\class_borrow_book.php on line 465.
 1 FCPATH\public\database\class_borrow_book.php(465): CodeIgniter\Debug\Exceptions->errorHandler(2, 'Undefined property: return_books_items::$bbi_date', 'E:\\xampp-regina\\htdocs\\library_regina\\public\\database\\class_borrow_book.php', 465)
 2 APPPATH\Views\admin_mod\return_book\return_book.php(94): return_books_items->__construct('20231', '18924', '18924', '2023-06-15 14:40:13', 'rc0468', 1.0)
 3 SYSTEMPATH\View\View.php(213): include('E:\\xampp-regina\\htdocs\\library_regina\\app\\Views\\admin_mod\\return_book\\return_book.php')
 4 SYSTEMPATH\View\View.php(216): CodeIgniter\View\View->CodeIgniter\View\{closure}()
 5 SYSTEMPATH\Common.php(1184): CodeIgniter\View\View->render('admin_mod/return_book/return_book', [], true)
 6 APPPATH\Controllers\Return_book.php(5): view('admin_mod/return_book/return_book')
 7 SYSTEMPATH\CodeIgniter.php(934): App\Controllers\Return_book->index()
 8 SYSTEMPATH\CodeIgniter.php(499): CodeIgniter\CodeIgniter->runController(Object(App\Controllers\Return_book))
 9 SYSTEMPATH\CodeIgniter.php(368): CodeIgniter\CodeIgniter->handleRequest(null, Object(Config\Cache), false)
10 FCPATH\index.php(64): CodeIgniter\CodeIgniter->run()
CRITICAL - 2023-06-15 14:51:28 --> Undefined property: return_books_items::$bbi_date
in FCPATH\public\database\class_borrow_book.php on line 465.
 1 FCPATH\public\database\class_borrow_book.php(465): CodeIgniter\Debug\Exceptions->errorHandler(2, 'Undefined property: return_books_items::$bbi_date', 'E:\\xampp-regina\\htdocs\\library_regina\\public\\database\\class_borrow_book.php', 465)
 2 APPPATH\Views\admin_mod\return_book\return_book.php(94): return_books_items->__construct('20231', '18924', '18924', '2023-06-15 14:51:28', 'rc0468', 1.0)
 3 SYSTEMPATH\View\View.php(213): include('E:\\xampp-regina\\htdocs\\library_regina\\app\\Views\\admin_mod\\return_book\\return_book.php')
 4 SYSTEMPATH\View\View.php(216): CodeIgniter\View\View->CodeIgniter\View\{closure}()
 5 SYSTEMPATH\Common.php(1184): CodeIgniter\View\View->render('admin_mod/return_book/return_book', [], true)
 6 APPPATH\Controllers\Return_book.php(5): view('admin_mod/return_book/return_book')
 7 SYSTEMPATH\CodeIgniter.php(934): App\Controllers\Return_book->index()
 8 SYSTEMPATH\CodeIgniter.php(499): CodeIgniter\CodeIgniter->runController(Object(App\Controllers\Return_book))
 9 SYSTEMPATH\CodeIgniter.php(368): CodeIgniter\CodeIgniter->handleRequest(null, Object(Config\Cache), false)
10 FCPATH\index.php(64): CodeIgniter\CodeIgniter->run()
CRITICAL - 2023-06-15 14:53:56 --> Undefined property: return_books_items::$bbi_date
in FCPATH\public\database\class_borrow_book.php on line 465.
 1 FCPATH\public\database\class_borrow_book.php(465): CodeIgniter\Debug\Exceptions->errorHandler(2, 'Undefined property: return_books_items::$bbi_date', 'E:\\xampp-regina\\htdocs\\library_regina\\public\\database\\class_borrow_book.php', 465)
 2 APPPATH\Views\admin_mod\return_book\return_book.php(94): return_books_items->__construct('20231', '18924', '00002', '2023-06-15 14:53:56', 'rc0468', 1.0)
 3 SYSTEMPATH\View\View.php(213): include('E:\\xampp-regina\\htdocs\\library_regina\\app\\Views\\admin_mod\\return_book\\return_book.php')
 4 SYSTEMPATH\View\View.php(216): CodeIgniter\View\View->CodeIgniter\View\{closure}()
 5 SYSTEMPATH\Common.php(1184): CodeIgniter\View\View->render('admin_mod/return_book/return_book', [], true)
 6 APPPATH\Controllers\Return_book.php(5): view('admin_mod/return_book/return_book')
 7 SYSTEMPATH\CodeIgniter.php(934): App\Controllers\Return_book->index()
 8 SYSTEMPATH\CodeIgniter.php(499): CodeIgniter\CodeIgniter->runController(Object(App\Controllers\Return_book))
 9 SYSTEMPATH\CodeIgniter.php(368): CodeIgniter\CodeIgniter->handleRequest(null, Object(Config\Cache), false)
10 FCPATH\index.php(64): CodeIgniter\CodeIgniter->run()
CRITICAL - 2023-06-15 14:55:15 --> Undefined property: return_books_items::$bbi_date
in FCPATH\public\database\class_borrow_book.php on line 465.
 1 FCPATH\public\database\class_borrow_book.php(465): CodeIgniter\Debug\Exceptions->errorHandler(2, 'Undefined property: return_books_items::$bbi_date', 'E:\\xampp-regina\\htdocs\\library_regina\\public\\database\\class_borrow_book.php', 465)
 2 APPPATH\Views\admin_mod\return_book\return_book.php(94): return_books_items->__construct('20231', '18924', '00002', '2023-06-15 14:55:15', 'rc0468', 1.0)
 3 SYSTEMPATH\View\View.php(213): include('E:\\xampp-regina\\htdocs\\library_regina\\app\\Views\\admin_mod\\return_book\\return_book.php')
 4 SYSTEMPATH\View\View.php(216): CodeIgniter\View\View->CodeIgniter\View\{closure}()
 5 SYSTEMPATH\Common.php(1184): CodeIgniter\View\View->render('admin_mod/return_book/return_book', [], true)
 6 APPPATH\Controllers\Return_book.php(5): view('admin_mod/return_book/return_book')
 7 SYSTEMPATH\CodeIgniter.php(934): App\Controllers\Return_book->index()
 8 SYSTEMPATH\CodeIgniter.php(499): CodeIgniter\CodeIgniter->runController(Object(App\Controllers\Return_book))
 9 SYSTEMPATH\CodeIgniter.php(368): CodeIgniter\CodeIgniter->handleRequest(null, Object(Config\Cache), false)
10 FCPATH\index.php(64): CodeIgniter\CodeIgniter->run()
CRITICAL - 2023-06-15 14:55:23 --> Undefined property: return_books_items::$bbi_date
in FCPATH\public\database\class_borrow_book.php on line 465.
 1 FCPATH\public\database\class_borrow_book.php(465): CodeIgniter\Debug\Exceptions->errorHandler(2, 'Undefined property: return_books_items::$bbi_date', 'E:\\xampp-regina\\htdocs\\library_regina\\public\\database\\class_borrow_book.php', 465)
 2 APPPATH\Views\admin_mod\return_book\return_book.php(94): return_books_items->__construct('20231', '18924', '00002', '2023-06-15 14:55:23', 'rc0468', 1.0)
 3 SYSTEMPATH\View\View.php(213): include('E:\\xampp-regina\\htdocs\\library_regina\\app\\Views\\admin_mod\\return_book\\return_book.php')
 4 SYSTEMPATH\View\View.php(216): CodeIgniter\View\View->CodeIgniter\View\{closure}()
 5 SYSTEMPATH\Common.php(1184): CodeIgniter\View\View->render('admin_mod/return_book/return_book', [], true)
 6 APPPATH\Controllers\Return_book.php(5): view('admin_mod/return_book/return_book')
 7 SYSTEMPATH\CodeIgniter.php(934): App\Controllers\Return_book->index()
 8 SYSTEMPATH\CodeIgniter.php(499): CodeIgniter\CodeIgniter->runController(Object(App\Controllers\Return_book))
 9 SYSTEMPATH\CodeIgniter.php(368): CodeIgniter\CodeIgniter->handleRequest(null, Object(Config\Cache), false)
10 FCPATH\index.php(64): CodeIgniter\CodeIgniter->run()
CRITICAL - 2023-06-15 08:49:17 --> Unclosed '{' on line 46 does not match ')'
in APPPATH\Views\admin_mod\return_book\return_book.php on line 100.
 1 SYSTEMPATH\View\View.php(216): CodeIgniter\View\View->CodeIgniter\View\{closure}()
 2 SYSTEMPATH\Common.php(1184): CodeIgniter\View\View->render('admin_mod/return_book/return_book', [], true)
 3 APPPATH\Controllers\Return_book.php(5): view('admin_mod/return_book/return_book')
 4 SYSTEMPATH\CodeIgniter.php(934): App\Controllers\Return_book->index()
 5 SYSTEMPATH\CodeIgniter.php(499): CodeIgniter\CodeIgniter->runController(Object(App\Controllers\Return_book))
 6 SYSTEMPATH\CodeIgniter.php(368): CodeIgniter\CodeIgniter->handleRequest(null, Object(Config\Cache), false)
 7 FCPATH\index.php(64): CodeIgniter\CodeIgniter->run()
CRITICAL - 2023-06-15 08:49:24 --> Unclosed '{' on line 46 does not match ')'
in APPPATH\Views\admin_mod\return_book\return_book.php on line 100.
 1 SYSTEMPATH\View\View.php(216): CodeIgniter\View\View->CodeIgniter\View\{closure}()
 2 SYSTEMPATH\Common.php(1184): CodeIgniter\View\View->render('admin_mod/return_book/return_book', [], true)
 3 APPPATH\Controllers\Return_book.php(5): view('admin_mod/return_book/return_book')
 4 SYSTEMPATH\CodeIgniter.php(934): App\Controllers\Return_book->index()
 5 SYSTEMPATH\CodeIgniter.php(499): CodeIgniter\CodeIgniter->runController(Object(App\Controllers\Return_book))
 6 SYSTEMPATH\CodeIgniter.php(368): CodeIgniter\CodeIgniter->handleRequest(null, Object(Config\Cache), false)
 7 FCPATH\index.php(64): CodeIgniter\CodeIgniter->run()
CRITICAL - 2023-06-15 08:49:43 --> Unclosed '{' on line 46 does not match ')'
in APPPATH\Views\admin_mod\return_book\return_book.php on line 100.
 1 SYSTEMPATH\View\View.php(216): CodeIgniter\View\View->CodeIgniter\View\{closure}()
 2 SYSTEMPATH\Common.php(1184): CodeIgniter\View\View->render('admin_mod/return_book/return_book', [], true)
 3 APPPATH\Controllers\Return_book.php(5): view('admin_mod/return_book/return_book')
 4 SYSTEMPATH\CodeIgniter.php(934): App\Controllers\Return_book->index()
 5 SYSTEMPATH\CodeIgniter.php(499): CodeIgniter\CodeIgniter->runController(Object(App\Controllers\Return_book))
 6 SYSTEMPATH\CodeIgniter.php(368): CodeIgniter\CodeIgniter->handleRequest(null, Object(Config\Cache), false)
 7 FCPATH\index.php(64): CodeIgniter\CodeIgniter->run()
CRITICAL - 2023-06-15 08:50:00 --> Unclosed '{' on line 46 does not match ')'
in APPPATH\Views\admin_mod\return_book\return_book.php on line 100.
 1 SYSTEMPATH\View\View.php(216): CodeIgniter\View\View->CodeIgniter\View\{closure}()
 2 SYSTEMPATH\Common.php(1184): CodeIgniter\View\View->render('admin_mod/return_book/return_book', [], true)
 3 APPPATH\Controllers\Return_book.php(5): view('admin_mod/return_book/return_book')
 4 SYSTEMPATH\CodeIgniter.php(934): App\Controllers\Return_book->index()
 5 SYSTEMPATH\CodeIgniter.php(499): CodeIgniter\CodeIgniter->runController(Object(App\Controllers\Return_book))
 6 SYSTEMPATH\CodeIgniter.php(368): CodeIgniter\CodeIgniter->handleRequest(null, Object(Config\Cache), false)
 7 FCPATH\index.php(64): CodeIgniter\CodeIgniter->run()
CRITICAL - 2023-06-15 15:55:53 --> Undefined variable $RunLink
in FCPATH\public\admin_mod\borrow_book.php on line 205.
 1 FCPATH\public\admin_mod\borrow_book.php(205): CodeIgniter\Debug\Exceptions->errorHandler(2, 'Undefined variable $RunLink', 'E:\\xampp-regina\\htdocs\\library_regina\\public\\admin_mod\\borrow_book.php', 205)
 2 APPPATH\Views\admin\administrator.php(136): include('E:\\xampp-regina\\htdocs\\library_regina\\public\\admin_mod\\borrow_book.php')
 3 SYSTEMPATH\View\View.php(213): include('E:\\xampp-regina\\htdocs\\library_regina\\app\\Views\\admin\\administrator.php')
 4 SYSTEMPATH\View\View.php(216): CodeIgniter\View\View->CodeIgniter\View\{closure}()
 5 SYSTEMPATH\Common.php(1184): CodeIgniter\View\View->render('admin/administrator', [], true)
 6 APPPATH\Controllers\Admin.php(5): view('admin/administrator')
 7 SYSTEMPATH\CodeIgniter.php(934): App\Controllers\Admin->index()
 8 SYSTEMPATH\CodeIgniter.php(499): CodeIgniter\CodeIgniter->runController(Object(App\Controllers\Admin))
 9 SYSTEMPATH\CodeIgniter.php(368): CodeIgniter\CodeIgniter->handleRequest(null, Object(Config\Cache), false)
10 FCPATH\index.php(64): CodeIgniter\CodeIgniter->run()
CRITICAL - 2023-06-15 16:01:48 --> Undefined variable $RunLink
in FCPATH\public\admin_mod\borrow_book.php on line 133.
 1 FCPATH\public\admin_mod\borrow_book.php(133): CodeIgniter\Debug\Exceptions->errorHandler(2, 'Undefined variable $RunLink', 'E:\\xampp-regina\\htdocs\\library_regina\\public\\admin_mod\\borrow_book.php', 133)
 2 APPPATH\Views\admin\administrator.php(136): include('E:\\xampp-regina\\htdocs\\library_regina\\public\\admin_mod\\borrow_book.php')
 3 SYSTEMPATH\View\View.php(213): include('E:\\xampp-regina\\htdocs\\library_regina\\app\\Views\\admin\\administrator.php')
 4 SYSTEMPATH\View\View.php(216): CodeIgniter\View\View->CodeIgniter\View\{closure}()
 5 SYSTEMPATH\Common.php(1184): CodeIgniter\View\View->render('admin/administrator', [], true)
 6 APPPATH\Controllers\Admin.php(5): view('admin/administrator')
 7 SYSTEMPATH\CodeIgniter.php(934): App\Controllers\Admin->index()
 8 SYSTEMPATH\CodeIgniter.php(499): CodeIgniter\CodeIgniter->runController(Object(App\Controllers\Admin))
 9 SYSTEMPATH\CodeIgniter.php(368): CodeIgniter\CodeIgniter->handleRequest(null, Object(Config\Cache), false)
10 FCPATH\index.php(64): CodeIgniter\CodeIgniter->run()
CRITICAL - 2023-06-15 16:34:30 --> Undefined variable $CountLibrary
in FCPATH\public\database\pdo_library.php on line 63.
 1 FCPATH\public\database\pdo_library.php(63): CodeIgniter\Debug\Exceptions->errorHandler(2, 'Undefined variable $CountLibrary', 'E:\\xampp-regina\\htdocs\\library_regina\\public\\database\\pdo_library.php', 63)
 2 FCPATH\public\database\class_borrow_book.php(104): count_library->__construct()
 3 FCPATH\public\admin_mod\borrow_book.php(13): set_borrow_book->__construct('read', '-', '-', '-', '-', '-', '-', '-', '-')
 4 APPPATH\Views\admin\administrator.php(136): include('E:\\xampp-regina\\htdocs\\library_regina\\public\\admin_mod\\borrow_book.php')
 5 SYSTEMPATH\View\View.php(213): include('E:\\xampp-regina\\htdocs\\library_regina\\app\\Views\\admin\\administrator.php')
 6 SYSTEMPATH\View\View.php(216): CodeIgniter\View\View->CodeIgniter\View\{closure}()
 7 SYSTEMPATH\Common.php(1184): CodeIgniter\View\View->render('admin/administrator', [], true)
 8 APPPATH\Controllers\Admin.php(5): view('admin/administrator')
 9 SYSTEMPATH\CodeIgniter.php(934): App\Controllers\Admin->index()
10 SYSTEMPATH\CodeIgniter.php(499): CodeIgniter\CodeIgniter->runController(Object(App\Controllers\Admin))
11 SYSTEMPATH\CodeIgniter.php(368): CodeIgniter\CodeIgniter->handleRequest(null, Object(Config\Cache), false)
12 FCPATH\index.php(64): CodeIgniter\CodeIgniter->run()
CRITICAL - 2023-06-15 09:35:43 --> Unclosed '{' on line 46 does not match ')'
in APPPATH\Views\admin_mod\return_book\return_book.php on line 100.
 1 SYSTEMPATH\View\View.php(216): CodeIgniter\View\View->CodeIgniter\View\{closure}()
 2 SYSTEMPATH\Common.php(1184): CodeIgniter\View\View->render('admin_mod/return_book/return_book', [], true)
 3 APPPATH\Controllers\Return_book.php(5): view('admin_mod/return_book/return_book')
 4 SYSTEMPATH\CodeIgniter.php(934): App\Controllers\Return_book->index()
 5 SYSTEMPATH\CodeIgniter.php(499): CodeIgniter\CodeIgniter->runController(Object(App\Controllers\Return_book))
 6 SYSTEMPATH\CodeIgniter.php(368): CodeIgniter\CodeIgniter->handleRequest(null, Object(Config\Cache), false)
 7 FCPATH\index.php(64): CodeIgniter\CodeIgniter->run()
CRITICAL - 2023-06-15 09:35:48 --> Unclosed '{' on line 46 does not match ')'
in APPPATH\Views\admin_mod\return_book\return_book.php on line 100.
 1 SYSTEMPATH\View\View.php(216): CodeIgniter\View\View->CodeIgniter\View\{closure}()
 2 SYSTEMPATH\Common.php(1184): CodeIgniter\View\View->render('admin_mod/return_book/return_book', [], true)
 3 APPPATH\Controllers\Return_book.php(5): view('admin_mod/return_book/return_book')
 4 SYSTEMPATH\CodeIgniter.php(934): App\Controllers\Return_book->index()
 5 SYSTEMPATH\CodeIgniter.php(499): CodeIgniter\CodeIgniter->runController(Object(App\Controllers\Return_book))
 6 SYSTEMPATH\CodeIgniter.php(368): CodeIgniter\CodeIgniter->handleRequest(null, Object(Config\Cache), false)
 7 FCPATH\index.php(64): CodeIgniter\CodeIgniter->run()
CRITICAL - 2023-06-15 09:36:32 --> Unclosed '{' on line 46 does not match ')'
in APPPATH\Views\admin_mod\return_book\return_book.php on line 100.
 1 SYSTEMPATH\View\View.php(216): CodeIgniter\View\View->CodeIgniter\View\{closure}()
 2 SYSTEMPATH\Common.php(1184): CodeIgniter\View\View->render('admin_mod/return_book/return_book', [], true)
 3 APPPATH\Controllers\Return_book.php(5): view('admin_mod/return_book/return_book')
 4 SYSTEMPATH\CodeIgniter.php(934): App\Controllers\Return_book->index()
 5 SYSTEMPATH\CodeIgniter.php(499): CodeIgniter\CodeIgniter->runController(Object(App\Controllers\Return_book))
 6 SYSTEMPATH\CodeIgniter.php(368): CodeIgniter\CodeIgniter->handleRequest(null, Object(Config\Cache), false)
 7 FCPATH\index.php(64): CodeIgniter\CodeIgniter->run()
CRITICAL - 2023-06-15 09:38:32 --> Unclosed '{' on line 46 does not match ')'
in APPPATH\Views\admin_mod\return_book\return_book.php on line 100.
 1 SYSTEMPATH\View\View.php(216): CodeIgniter\View\View->CodeIgniter\View\{closure}()
 2 SYSTEMPATH\Common.php(1184): CodeIgniter\View\View->render('admin_mod/return_book/return_book', [], true)
 3 APPPATH\Controllers\Return_book.php(5): view('admin_mod/return_book/return_book')
 4 SYSTEMPATH\CodeIgniter.php(934): App\Controllers\Return_book->index()
 5 SYSTEMPATH\CodeIgniter.php(499): CodeIgniter\CodeIgniter->runController(Object(App\Controllers\Return_book))
 6 SYSTEMPATH\CodeIgniter.php(368): CodeIgniter\CodeIgniter->handleRequest(null, Object(Config\Cache), false)
 7 FCPATH\index.php(64): CodeIgniter\CodeIgniter->run()
CRITICAL - 2023-06-15 09:38:41 --> Unclosed '{' on line 46 does not match ')'
in APPPATH\Views\admin_mod\return_book\return_book.php on line 100.
 1 SYSTEMPATH\View\View.php(216): CodeIgniter\View\View->CodeIgniter\View\{closure}()
 2 SYSTEMPATH\Common.php(1184): CodeIgniter\View\View->render('admin_mod/return_book/return_book', [], true)
 3 APPPATH\Controllers\Return_book.php(5): view('admin_mod/return_book/return_book')
 4 SYSTEMPATH\CodeIgniter.php(934): App\Controllers\Return_book->index()
 5 SYSTEMPATH\CodeIgniter.php(499): CodeIgniter\CodeIgniter->runController(Object(App\Controllers\Return_book))
 6 SYSTEMPATH\CodeIgniter.php(368): CodeIgniter\CodeIgniter->handleRequest(null, Object(Config\Cache), false)
 7 FCPATH\index.php(64): CodeIgniter\CodeIgniter->run()
CRITICAL - 2023-06-15 09:40:01 --> Unclosed '{' on line 46 does not match ')'
in APPPATH\Views\admin_mod\return_book\return_book.php on line 100.
 1 SYSTEMPATH\View\View.php(216): CodeIgniter\View\View->CodeIgniter\View\{closure}()
 2 SYSTEMPATH\Common.php(1184): CodeIgniter\View\View->render('admin_mod/return_book/return_book', [], true)
 3 APPPATH\Controllers\Return_book.php(5): view('admin_mod/return_book/return_book')
 4 SYSTEMPATH\CodeIgniter.php(934): App\Controllers\Return_book->index()
 5 SYSTEMPATH\CodeIgniter.php(499): CodeIgniter\CodeIgniter->runController(Object(App\Controllers\Return_book))
 6 SYSTEMPATH\CodeIgniter.php(368): CodeIgniter\CodeIgniter->handleRequest(null, Object(Config\Cache), false)
 7 FCPATH\index.php(64): CodeIgniter\CodeIgniter->run()
CRITICAL - 2023-06-15 09:42:12 --> Unclosed '{' on line 46 does not match ')'
in APPPATH\Views\admin_mod\return_book\return_book.php on line 100.
 1 SYSTEMPATH\View\View.php(216): CodeIgniter\View\View->CodeIgniter\View\{closure}()
 2 SYSTEMPATH\Common.php(1184): CodeIgniter\View\View->render('admin_mod/return_book/return_book', [], true)
 3 APPPATH\Controllers\Return_book.php(5): view('admin_mod/return_book/return_book')
 4 SYSTEMPATH\CodeIgniter.php(934): App\Controllers\Return_book->index()
 5 SYSTEMPATH\CodeIgniter.php(499): CodeIgniter\CodeIgniter->runController(Object(App\Controllers\Return_book))
 6 SYSTEMPATH\CodeIgniter.php(368): CodeIgniter\CodeIgniter->handleRequest(null, Object(Config\Cache), false)
 7 FCPATH\index.php(64): CodeIgniter\CodeIgniter->run()
CRITICAL - 2023-06-15 09:42:19 --> Unclosed '{' on line 46 does not match ')'
in APPPATH\Views\admin_mod\return_book\return_book.php on line 100.
 1 SYSTEMPATH\View\View.php(216): CodeIgniter\View\View->CodeIgniter\View\{closure}()
 2 SYSTEMPATH\Common.php(1184): CodeIgniter\View\View->render('admin_mod/return_book/return_book', [], true)
 3 APPPATH\Controllers\Return_book.php(5): view('admin_mod/return_book/return_book')
 4 SYSTEMPATH\CodeIgniter.php(934): App\Controllers\Return_book->index()
 5 SYSTEMPATH\CodeIgniter.php(499): CodeIgniter\CodeIgniter->runController(Object(App\Controllers\Return_book))
 6 SYSTEMPATH\CodeIgniter.php(368): CodeIgniter\CodeIgniter->handleRequest(null, Object(Config\Cache), false)
 7 FCPATH\index.php(64): CodeIgniter\CodeIgniter->run()
CRITICAL - 2023-06-15 09:43:00 --> Unclosed '{' on line 46 does not match ')'
in APPPATH\Views\admin_mod\return_book\return_book.php on line 100.
 1 SYSTEMPATH\View\View.php(216): CodeIgniter\View\View->CodeIgniter\View\{closure}()
 2 SYSTEMPATH\Common.php(1184): CodeIgniter\View\View->render('admin_mod/return_book/return_book', [], true)
 3 APPPATH\Controllers\Return_book.php(5): view('admin_mod/return_book/return_book')
 4 SYSTEMPATH\CodeIgniter.php(934): App\Controllers\Return_book->index()
 5 SYSTEMPATH\CodeIgniter.php(499): CodeIgniter\CodeIgniter->runController(Object(App\Controllers\Return_book))
 6 SYSTEMPATH\CodeIgniter.php(368): CodeIgniter\CodeIgniter->handleRequest(null, Object(Config\Cache), false)
 7 FCPATH\index.php(64): CodeIgniter\CodeIgniter->run()
CRITICAL - 2023-06-15 09:43:44 --> include(public/database/class_reurn_book.php): Failed to open stream: No such file or directory
in APPPATH\Views\admin_mod\return_book\return_book.php on line 16.
 1 APPPATH\Views\admin_mod\return_book\return_book.php(16): CodeIgniter\Debug\Exceptions->errorHandler(2, 'include(public/database/class_reurn_book.php): Failed to open stream: No such file or directory', 'E:\\xampp-regina\\htdocs\\library_regina\\app\\Views\\admin_mod\\return_book\\return_book.php', 16)
 2 APPPATH\Views\admin_mod\return_book\return_book.php(16): include()
 3 SYSTEMPATH\View\View.php(213): include('E:\\xampp-regina\\htdocs\\library_regina\\app\\Views\\admin_mod\\return_book\\return_book.php')
 4 SYSTEMPATH\View\View.php(216): CodeIgniter\View\View->CodeIgniter\View\{closure}()
 5 SYSTEMPATH\Common.php(1184): CodeIgniter\View\View->render('admin_mod/return_book/return_book', [], true)
 6 APPPATH\Controllers\Return_book.php(5): view('admin_mod/return_book/return_book')
 7 SYSTEMPATH\CodeIgniter.php(934): App\Controllers\Return_book->index()
 8 SYSTEMPATH\CodeIgniter.php(499): CodeIgniter\CodeIgniter->runController(Object(App\Controllers\Return_book))
 9 SYSTEMPATH\CodeIgniter.php(368): CodeIgniter\CodeIgniter->handleRequest(null, Object(Config\Cache), false)
10 FCPATH\index.php(64): CodeIgniter\CodeIgniter->run()
CRITICAL - 2023-06-15 09:44:05 --> include(public/database/class_reurn_book.php): Failed to open stream: No such file or directory
in APPPATH\Views\admin_mod\return_book\return_book.php on line 16.
 1 APPPATH\Views\admin_mod\return_book\return_book.php(16): CodeIgniter\Debug\Exceptions->errorHandler(2, 'include(public/database/class_reurn_book.php): Failed to open stream: No such file or directory', 'E:\\xampp-regina\\htdocs\\library_regina\\app\\Views\\admin_mod\\return_book\\return_book.php', 16)
 2 APPPATH\Views\admin_mod\return_book\return_book.php(16): include()
 3 SYSTEMPATH\View\View.php(213): include('E:\\xampp-regina\\htdocs\\library_regina\\app\\Views\\admin_mod\\return_book\\return_book.php')
 4 SYSTEMPATH\View\View.php(216): CodeIgniter\View\View->CodeIgniter\View\{closure}()
 5 SYSTEMPATH\Common.php(1184): CodeIgniter\View\View->render('admin_mod/return_book/return_book', [], true)
 6 APPPATH\Controllers\Return_book.php(5): view('admin_mod/return_book/return_book')
 7 SYSTEMPATH\CodeIgniter.php(934): App\Controllers\Return_book->index()
 8 SYSTEMPATH\CodeIgniter.php(499): CodeIgniter\CodeIgniter->runController(Object(App\Controllers\Return_book))
 9 SYSTEMPATH\CodeIgniter.php(368): CodeIgniter\CodeIgniter->handleRequest(null, Object(Config\Cache), false)
10 FCPATH\index.php(64): CodeIgniter\CodeIgniter->run()
CRITICAL - 2023-06-15 09:44:24 --> include(public/database/class_reurn_book.php): Failed to open stream: No such file or directory
in APPPATH\Views\admin_mod\return_book\return_book.php on line 16.
 1 APPPATH\Views\admin_mod\return_book\return_book.php(16): CodeIgniter\Debug\Exceptions->errorHandler(2, 'include(public/database/class_reurn_book.php): Failed to open stream: No such file or directory', 'E:\\xampp-regina\\htdocs\\library_regina\\app\\Views\\admin_mod\\return_book\\return_book.php', 16)
 2 APPPATH\Views\admin_mod\return_book\return_book.php(16): include()
 3 SYSTEMPATH\View\View.php(213): include('E:\\xampp-regina\\htdocs\\library_regina\\app\\Views\\admin_mod\\return_book\\return_book.php')
 4 SYSTEMPATH\View\View.php(216): CodeIgniter\View\View->CodeIgniter\View\{closure}()
 5 SYSTEMPATH\Common.php(1184): CodeIgniter\View\View->render('admin_mod/return_book/return_book', [], true)
 6 APPPATH\Controllers\Return_book.php(5): view('admin_mod/return_book/return_book')
 7 SYSTEMPATH\CodeIgniter.php(934): App\Controllers\Return_book->index()
 8 SYSTEMPATH\CodeIgniter.php(499): CodeIgniter\CodeIgniter->runController(Object(App\Controllers\Return_book))
 9 SYSTEMPATH\CodeIgniter.php(368): CodeIgniter\CodeIgniter->handleRequest(null, Object(Config\Cache), false)
10 FCPATH\index.php(64): CodeIgniter\CodeIgniter->run()
CRITICAL - 2023-06-15 09:50:55 --> include(public/database/class_reurn_book.php): Failed to open stream: No such file or directory
in APPPATH\Views\admin_mod\return_book\return_book.php on line 16.
 1 APPPATH\Views\admin_mod\return_book\return_book.php(16): CodeIgniter\Debug\Exceptions->errorHandler(2, 'include(public/database/class_reurn_book.php): Failed to open stream: No such file or directory', 'E:\\xampp-regina\\htdocs\\library_regina\\app\\Views\\admin_mod\\return_book\\return_book.php', 16)
 2 APPPATH\Views\admin_mod\return_book\return_book.php(16): include()
 3 SYSTEMPATH\View\View.php(213): include('E:\\xampp-regina\\htdocs\\library_regina\\app\\Views\\admin_mod\\return_book\\return_book.php')
 4 SYSTEMPATH\View\View.php(216): CodeIgniter\View\View->CodeIgniter\View\{closure}()
 5 SYSTEMPATH\Common.php(1184): CodeIgniter\View\View->render('admin_mod/return_book/return_book', [], true)
 6 APPPATH\Controllers\Return_book.php(5): view('admin_mod/return_book/return_book')
 7 SYSTEMPATH\CodeIgniter.php(934): App\Controllers\Return_book->index()
 8 SYSTEMPATH\CodeIgniter.php(499): CodeIgniter\CodeIgniter->runController(Object(App\Controllers\Return_book))
 9 SYSTEMPATH\CodeIgniter.php(368): CodeIgniter\CodeIgniter->handleRequest(null, Object(Config\Cache), false)
10 FCPATH\index.php(64): CodeIgniter\CodeIgniter->run()
CRITICAL - 2023-06-15 09:51:35 --> include(public/database/class_reurn_book.php): Failed to open stream: No such file or directory
in APPPATH\Views\admin_mod\return_book\return_book.php on line 16.
 1 APPPATH\Views\admin_mod\return_book\return_book.php(16): CodeIgniter\Debug\Exceptions->errorHandler(2, 'include(public/database/class_reurn_book.php): Failed to open stream: No such file or directory', 'E:\\xampp-regina\\htdocs\\library_regina\\app\\Views\\admin_mod\\return_book\\return_book.php', 16)
 2 APPPATH\Views\admin_mod\return_book\return_book.php(16): include()
 3 SYSTEMPATH\View\View.php(213): include('E:\\xampp-regina\\htdocs\\library_regina\\app\\Views\\admin_mod\\return_book\\return_book.php')
 4 SYSTEMPATH\View\View.php(216): CodeIgniter\View\View->CodeIgniter\View\{closure}()
 5 SYSTEMPATH\Common.php(1184): CodeIgniter\View\View->render('admin_mod/return_book/return_book', [], true)
 6 APPPATH\Controllers\Return_book.php(5): view('admin_mod/return_book/return_book')
 7 SYSTEMPATH\CodeIgniter.php(934): App\Controllers\Return_book->index()
 8 SYSTEMPATH\CodeIgniter.php(499): CodeIgniter\CodeIgniter->runController(Object(App\Controllers\Return_book))
 9 SYSTEMPATH\CodeIgniter.php(368): CodeIgniter\CodeIgniter->handleRequest(null, Object(Config\Cache), false)
10 FCPATH\index.php(64): CodeIgniter\CodeIgniter->run()
CRITICAL - 2023-06-15 09:53:43 --> include(public/database/class_reurn_book.php): Failed to open stream: No such file or directory
in APPPATH\Views\admin_mod\return_book\return_book.php on line 16.
 1 APPPATH\Views\admin_mod\return_book\return_book.php(16): CodeIgniter\Debug\Exceptions->errorHandler(2, 'include(public/database/class_reurn_book.php): Failed to open stream: No such file or directory', 'E:\\xampp-regina\\htdocs\\library_regina\\app\\Views\\admin_mod\\return_book\\return_book.php', 16)
 2 APPPATH\Views\admin_mod\return_book\return_book.php(16): include()
 3 SYSTEMPATH\View\View.php(213): include('E:\\xampp-regina\\htdocs\\library_regina\\app\\Views\\admin_mod\\return_book\\return_book.php')
 4 SYSTEMPATH\View\View.php(216): CodeIgniter\View\View->CodeIgniter\View\{closure}()
 5 SYSTEMPATH\Common.php(1184): CodeIgniter\View\View->render('admin_mod/return_book/return_book', [], true)
 6 APPPATH\Controllers\Return_book.php(5): view('admin_mod/return_book/return_book')
 7 SYSTEMPATH\CodeIgniter.php(934): App\Controllers\Return_book->index()
 8 SYSTEMPATH\CodeIgniter.php(499): CodeIgniter\CodeIgniter->runController(Object(App\Controllers\Return_book))
 9 SYSTEMPATH\CodeIgniter.php(368): CodeIgniter\CodeIgniter->handleRequest(null, Object(Config\Cache), false)
10 FCPATH\index.php(64): CodeIgniter\CodeIgniter->run()
CRITICAL - 2023-06-15 09:54:13 --> include(public/database/class_reurn_book.php): Failed to open stream: No such file or directory
in APPPATH\Views\admin_mod\return_book\return_book.php on line 16.
 1 APPPATH\Views\admin_mod\return_book\return_book.php(16): CodeIgniter\Debug\Exceptions->errorHandler(2, 'include(public/database/class_reurn_book.php): Failed to open stream: No such file or directory', 'E:\\xampp-regina\\htdocs\\library_regina\\app\\Views\\admin_mod\\return_book\\return_book.php', 16)
 2 APPPATH\Views\admin_mod\return_book\return_book.php(16): include()
 3 SYSTEMPATH\View\View.php(213): include('E:\\xampp-regina\\htdocs\\library_regina\\app\\Views\\admin_mod\\return_book\\return_book.php')
 4 SYSTEMPATH\View\View.php(216): CodeIgniter\View\View->CodeIgniter\View\{closure}()
 5 SYSTEMPATH\Common.php(1184): CodeIgniter\View\View->render('admin_mod/return_book/return_book', [], true)
 6 APPPATH\Controllers\Return_book.php(5): view('admin_mod/return_book/return_book')
 7 SYSTEMPATH\CodeIgniter.php(934): App\Controllers\Return_book->index()
 8 SYSTEMPATH\CodeIgniter.php(499): CodeIgniter\CodeIgniter->runController(Object(App\Controllers\Return_book))
 9 SYSTEMPATH\CodeIgniter.php(368): CodeIgniter\CodeIgniter->handleRequest(null, Object(Config\Cache), false)
10 FCPATH\index.php(64): CodeIgniter\CodeIgniter->run()
CRITICAL - 2023-06-15 09:56:28 --> Unclosed '{' on line 46 does not match ')'
in APPPATH\Views\admin_mod\return_book\return_book.php on line 100.
 1 SYSTEMPATH\View\View.php(216): CodeIgniter\View\View->CodeIgniter\View\{closure}()
 2 SYSTEMPATH\Common.php(1184): CodeIgniter\View\View->render('admin_mod/return_book/return_book', [], true)
 3 APPPATH\Controllers\Return_book.php(5): view('admin_mod/return_book/return_book')
 4 SYSTEMPATH\CodeIgniter.php(934): App\Controllers\Return_book->index()
 5 SYSTEMPATH\CodeIgniter.php(499): CodeIgniter\CodeIgniter->runController(Object(App\Controllers\Return_book))
 6 SYSTEMPATH\CodeIgniter.php(368): CodeIgniter\CodeIgniter->handleRequest(null, Object(Config\Cache), false)
 7 FCPATH\index.php(64): CodeIgniter\CodeIgniter->run()
CRITICAL - 2023-06-15 09:58:13 --> Undefined variable $CountLibrary
in FCPATH\public\database\pdo_library.php on line 63.
 1 FCPATH\public\database\pdo_library.php(63): CodeIgniter\Debug\Exceptions->errorHandler(2, 'Undefined variable $CountLibrary', 'E:\\xampp-regina\\htdocs\\library_regina\\public\\database\\pdo_library.php', 63)
 2 FCPATH\public\database\class_library.php(1459): count_library->__construct()
 3 FCPATH\public\admin_mod\books_register.php(102): ManagementAuthor->__construct('-', '-', 'read')
 4 APPPATH\Views\admin\administrator.php(136): include('E:\\xampp-regina\\htdocs\\library_regina\\public\\admin_mod\\books_register.php')
 5 SYSTEMPATH\View\View.php(213): include('E:\\xampp-regina\\htdocs\\library_regina\\app\\Views\\admin\\administrator.php')
 6 SYSTEMPATH\View\View.php(216): CodeIgniter\View\View->CodeIgniter\View\{closure}()
 7 SYSTEMPATH\Common.php(1184): CodeIgniter\View\View->render('admin/administrator', [], true)
 8 APPPATH\Controllers\Admin.php(5): view('admin/administrator')
 9 SYSTEMPATH\CodeIgniter.php(934): App\Controllers\Admin->index()
10 SYSTEMPATH\CodeIgniter.php(499): CodeIgniter\CodeIgniter->runController(Object(App\Controllers\Admin))
11 SYSTEMPATH\CodeIgniter.php(368): CodeIgniter\CodeIgniter->handleRequest(null, Object(Config\Cache), false)
12 FCPATH\index.php(64): CodeIgniter\CodeIgniter->run()
CRITICAL - 2023-06-15 09:58:35 --> Undefined variable $CountLibrary
in FCPATH\public\database\pdo_library.php on line 63.
 1 FCPATH\public\database\pdo_library.php(63): CodeIgniter\Debug\Exceptions->errorHandler(2, 'Undefined variable $CountLibrary', 'E:\\xampp-regina\\htdocs\\library_regina\\public\\database\\pdo_library.php', 63)
 2 FCPATH\public\database\class_library.php(1459): count_library->__construct()
 3 FCPATH\public\admin_mod\books_register.php(102): ManagementAuthor->__construct('-', '-', 'read')
 4 APPPATH\Views\admin\administrator.php(136): include('E:\\xampp-regina\\htdocs\\library_regina\\public\\admin_mod\\books_register.php')
 5 SYSTEMPATH\View\View.php(213): include('E:\\xampp-regina\\htdocs\\library_regina\\app\\Views\\admin\\administrator.php')
 6 SYSTEMPATH\View\View.php(216): CodeIgniter\View\View->CodeIgniter\View\{closure}()
 7 SYSTEMPATH\Common.php(1184): CodeIgniter\View\View->render('admin/administrator', [], true)
 8 APPPATH\Controllers\Admin.php(5): view('admin/administrator')
 9 SYSTEMPATH\CodeIgniter.php(934): App\Controllers\Admin->index()
10 SYSTEMPATH\CodeIgniter.php(499): CodeIgniter\CodeIgniter->runController(Object(App\Controllers\Admin))
11 SYSTEMPATH\CodeIgniter.php(368): CodeIgniter\CodeIgniter->handleRequest(null, Object(Config\Cache), false)
12 FCPATH\index.php(64): CodeIgniter\CodeIgniter->run()
CRITICAL - 2023-06-15 09:59:10 --> Undefined variable $CountLibrary
in FCPATH\public\database\pdo_library.php on line 63.
 1 FCPATH\public\database\pdo_library.php(63): CodeIgniter\Debug\Exceptions->errorHandler(2, 'Undefined variable $CountLibrary', 'E:\\xampp-regina\\htdocs\\library_regina\\public\\database\\pdo_library.php', 63)
 2 FCPATH\public\database\class_library.php(1459): count_library->__construct()
 3 FCPATH\public\admin_mod\books_register.php(102): ManagementAuthor->__construct('-', '-', 'read')
 4 APPPATH\Views\admin\administrator.php(136): include('E:\\xampp-regina\\htdocs\\library_regina\\public\\admin_mod\\books_register.php')
 5 SYSTEMPATH\View\View.php(213): include('E:\\xampp-regina\\htdocs\\library_regina\\app\\Views\\admin\\administrator.php')
 6 SYSTEMPATH\View\View.php(216): CodeIgniter\View\View->CodeIgniter\View\{closure}()
 7 SYSTEMPATH\Common.php(1184): CodeIgniter\View\View->render('admin/administrator', [], true)
 8 APPPATH\Controllers\Admin.php(5): view('admin/administrator')
 9 SYSTEMPATH\CodeIgniter.php(934): App\Controllers\Admin->index()
10 SYSTEMPATH\CodeIgniter.php(499): CodeIgniter\CodeIgniter->runController(Object(App\Controllers\Admin))
11 SYSTEMPATH\CodeIgniter.php(368): CodeIgniter\CodeIgniter->handleRequest(null, Object(Config\Cache), false)
12 FCPATH\index.php(64): CodeIgniter\CodeIgniter->run()
CRITICAL - 2023-06-15 10:16:46 --> Unmatched '}'
in APPPATH\Views\admin_mod\return_book\return_book.php on line 48.
 1 SYSTEMPATH\View\View.php(216): CodeIgniter\View\View->CodeIgniter\View\{closure}()
 2 SYSTEMPATH\Common.php(1184): CodeIgniter\View\View->render('admin_mod/return_book/return_book', [], true)
 3 APPPATH\Controllers\Return_book.php(5): view('admin_mod/return_book/return_book')
 4 SYSTEMPATH\CodeIgniter.php(934): App\Controllers\Return_book->index()
 5 SYSTEMPATH\CodeIgniter.php(499): CodeIgniter\CodeIgniter->runController(Object(App\Controllers\Return_book))
 6 SYSTEMPATH\CodeIgniter.php(368): CodeIgniter\CodeIgniter->handleRequest(null, Object(Config\Cache), false)
 7 FCPATH\index.php(64): CodeIgniter\CodeIgniter->run()
CRITICAL - 2023-06-15 17:16:52 --> Undefined variable $CountLibrary
in FCPATH\public\database\pdo_library.php on line 63.
 1 FCPATH\public\database\pdo_library.php(63): CodeIgniter\Debug\Exceptions->errorHandler(2, 'Undefined variable $CountLibrary', 'E:\\xampp-regina\\htdocs\\library_regina\\public\\database\\pdo_library.php', 63)
 2 FCPATH\public\database\class_borrow_book.php(104): count_library->__construct()
 3 FCPATH\public\admin_mod\borrow_book.php(13): set_borrow_book->__construct('read', '-', '-', '-', '-', '-', '-', '-', '-')
 4 APPPATH\Views\admin\administrator.php(136): include('E:\\xampp-regina\\htdocs\\library_regina\\public\\admin_mod\\borrow_book.php')
 5 SYSTEMPATH\View\View.php(213): include('E:\\xampp-regina\\htdocs\\library_regina\\app\\Views\\admin\\administrator.php')
 6 SYSTEMPATH\View\View.php(216): CodeIgniter\View\View->CodeIgniter\View\{closure}()
 7 SYSTEMPATH\Common.php(1184): CodeIgniter\View\View->render('admin/administrator', [], true)
 8 APPPATH\Controllers\Admin.php(5): view('admin/administrator')
 9 SYSTEMPATH\CodeIgniter.php(934): App\Controllers\Admin->index()
10 SYSTEMPATH\CodeIgniter.php(499): CodeIgniter\CodeIgniter->runController(Object(App\Controllers\Admin))
11 SYSTEMPATH\CodeIgniter.php(368): CodeIgniter\CodeIgniter->handleRequest(null, Object(Config\Cache), false)
12 FCPATH\index.php(64): CodeIgniter\CodeIgniter->run()
CRITICAL - 2023-06-15 10:17:34 --> Unmatched '}'
in APPPATH\Views\admin_mod\return_book\return_book.php on line 48.
 1 SYSTEMPATH\View\View.php(216): CodeIgniter\View\View->CodeIgniter\View\{closure}()
 2 SYSTEMPATH\Common.php(1184): CodeIgniter\View\View->render('admin_mod/return_book/return_book', [], true)
 3 APPPATH\Controllers\Return_book.php(5): view('admin_mod/return_book/return_book')
 4 SYSTEMPATH\CodeIgniter.php(934): App\Controllers\Return_book->index()
 5 SYSTEMPATH\CodeIgniter.php(499): CodeIgniter\CodeIgniter->runController(Object(App\Controllers\Return_book))
 6 SYSTEMPATH\CodeIgniter.php(368): CodeIgniter\CodeIgniter->handleRequest(null, Object(Config\Cache), false)
 7 FCPATH\index.php(64): CodeIgniter\CodeIgniter->run()
CRITICAL - 2023-06-15 10:18:52 --> Unmatched '}'
in APPPATH\Views\admin_mod\return_book\return_book.php on line 48.
 1 SYSTEMPATH\View\View.php(216): CodeIgniter\View\View->CodeIgniter\View\{closure}()
 2 SYSTEMPATH\Common.php(1184): CodeIgniter\View\View->render('admin_mod/return_book/return_book', [], true)
 3 APPPATH\Controllers\Return_book.php(5): view('admin_mod/return_book/return_book')
 4 SYSTEMPATH\CodeIgniter.php(934): App\Controllers\Return_book->index()
 5 SYSTEMPATH\CodeIgniter.php(499): CodeIgniter\CodeIgniter->runController(Object(App\Controllers\Return_book))
 6 SYSTEMPATH\CodeIgniter.php(368): CodeIgniter\CodeIgniter->handleRequest(null, Object(Config\Cache), false)
 7 FCPATH\index.php(64): CodeIgniter\CodeIgniter->run()
CRITICAL - 2023-06-15 10:21:19 --> include(public/database/class_reurn_book.php): Failed to open stream: No such file or directory
in APPPATH\Views\admin_mod\return_book\return_book.php on line 16.
 1 APPPATH\Views\admin_mod\return_book\return_book.php(16): CodeIgniter\Debug\Exceptions->errorHandler(2, 'include(public/database/class_reurn_book.php): Failed to open stream: No such file or directory', 'E:\\xampp-regina\\htdocs\\library_regina\\app\\Views\\admin_mod\\return_book\\return_book.php', 16)
 2 APPPATH\Views\admin_mod\return_book\return_book.php(16): include()
 3 SYSTEMPATH\View\View.php(213): include('E:\\xampp-regina\\htdocs\\library_regina\\app\\Views\\admin_mod\\return_book\\return_book.php')
 4 SYSTEMPATH\View\View.php(216): CodeIgniter\View\View->CodeIgniter\View\{closure}()
 5 SYSTEMPATH\Common.php(1184): CodeIgniter\View\View->render('admin_mod/return_book/return_book', [], true)
 6 APPPATH\Controllers\Return_book.php(5): view('admin_mod/return_book/return_book')
 7 SYSTEMPATH\CodeIgniter.php(934): App\Controllers\Return_book->index()
 8 SYSTEMPATH\CodeIgniter.php(499): CodeIgniter\CodeIgniter->runController(Object(App\Controllers\Return_book))
 9 SYSTEMPATH\CodeIgniter.php(368): CodeIgniter\CodeIgniter->handleRequest(null, Object(Config\Cache), false)
10 FCPATH\index.php(64): CodeIgniter\CodeIgniter->run()
CRITICAL - 2023-06-15 10:24:17 --> Unclosed '{' on line 46 does not match ')'
in APPPATH\Views\admin_mod\return_book\return_book.php on line 100.
 1 SYSTEMPATH\View\View.php(216): CodeIgniter\View\View->CodeIgniter\View\{closure}()
 2 SYSTEMPATH\Common.php(1184): CodeIgniter\View\View->render('admin_mod/return_book/return_book', [], true)
 3 APPPATH\Controllers\Return_book.php(5): view('admin_mod/return_book/return_book')
 4 SYSTEMPATH\CodeIgniter.php(934): App\Controllers\Return_book->index()
 5 SYSTEMPATH\CodeIgniter.php(499): CodeIgniter\CodeIgniter->runController(Object(App\Controllers\Return_book))
 6 SYSTEMPATH\CodeIgniter.php(368): CodeIgniter\CodeIgniter->handleRequest(null, Object(Config\Cache), false)
 7 FCPATH\index.php(64): CodeIgniter\CodeIgniter->run()
CRITICAL - 2023-06-15 10:24:27 --> Unclosed '{' on line 46 does not match ')'
in APPPATH\Views\admin_mod\return_book\return_book.php on line 100.
 1 SYSTEMPATH\View\View.php(216): CodeIgniter\View\View->CodeIgniter\View\{closure}()
 2 SYSTEMPATH\Common.php(1184): CodeIgniter\View\View->render('admin_mod/return_book/return_book', [], true)
 3 APPPATH\Controllers\Return_book.php(5): view('admin_mod/return_book/return_book')
 4 SYSTEMPATH\CodeIgniter.php(934): App\Controllers\Return_book->index()
 5 SYSTEMPATH\CodeIgniter.php(499): CodeIgniter\CodeIgniter->runController(Object(App\Controllers\Return_book))
 6 SYSTEMPATH\CodeIgniter.php(368): CodeIgniter\CodeIgniter->handleRequest(null, Object(Config\Cache), false)
 7 FCPATH\index.php(64): CodeIgniter\CodeIgniter->run()
CRITICAL - 2023-06-15 10:24:36 --> Unclosed '{' on line 46 does not match ')'
in APPPATH\Views\admin_mod\return_book\return_book.php on line 100.
 1 SYSTEMPATH\View\View.php(216): CodeIgniter\View\View->CodeIgniter\View\{closure}()
 2 SYSTEMPATH\Common.php(1184): CodeIgniter\View\View->render('admin_mod/return_book/return_book', [], true)
 3 APPPATH\Controllers\Return_book.php(5): view('admin_mod/return_book/return_book')
 4 SYSTEMPATH\CodeIgniter.php(934): App\Controllers\Return_book->index()
 5 SYSTEMPATH\CodeIgniter.php(499): CodeIgniter\CodeIgniter->runController(Object(App\Controllers\Return_book))
 6 SYSTEMPATH\CodeIgniter.php(368): CodeIgniter\CodeIgniter->handleRequest(null, Object(Config\Cache), false)
 7 FCPATH\index.php(64): CodeIgniter\CodeIgniter->run()
CRITICAL - 2023-06-15 10:24:41 --> Unclosed '{' on line 46 does not match ')'
in APPPATH\Views\admin_mod\return_book\return_book.php on line 100.
 1 SYSTEMPATH\View\View.php(216): CodeIgniter\View\View->CodeIgniter\View\{closure}()
 2 SYSTEMPATH\Common.php(1184): CodeIgniter\View\View->render('admin_mod/return_book/return_book', [], true)
 3 APPPATH\Controllers\Return_book.php(5): view('admin_mod/return_book/return_book')
 4 SYSTEMPATH\CodeIgniter.php(934): App\Controllers\Return_book->index()
 5 SYSTEMPATH\CodeIgniter.php(499): CodeIgniter\CodeIgniter->runController(Object(App\Controllers\Return_book))
 6 SYSTEMPATH\CodeIgniter.php(368): CodeIgniter\CodeIgniter->handleRequest(null, Object(Config\Cache), false)
 7 FCPATH\index.php(64): CodeIgniter\CodeIgniter->run()
CRITICAL - 2023-06-15 10:24:47 --> Unclosed '{' on line 46 does not match ')'
in APPPATH\Views\admin_mod\return_book\return_book.php on line 100.
 1 SYSTEMPATH\View\View.php(216): CodeIgniter\View\View->CodeIgniter\View\{closure}()
 2 SYSTEMPATH\Common.php(1184): CodeIgniter\View\View->render('admin_mod/return_book/return_book', [], true)
 3 APPPATH\Controllers\Return_book.php(5): view('admin_mod/return_book/return_book')
 4 SYSTEMPATH\CodeIgniter.php(934): App\Controllers\Return_book->index()
 5 SYSTEMPATH\CodeIgniter.php(499): CodeIgniter\CodeIgniter->runController(Object(App\Controllers\Return_book))
 6 SYSTEMPATH\CodeIgniter.php(368): CodeIgniter\CodeIgniter->handleRequest(null, Object(Config\Cache), false)
 7 FCPATH\index.php(64): CodeIgniter\CodeIgniter->run()
CRITICAL - 2023-06-15 10:25:16 --> Unclosed '{' on line 5
in APPPATH\Views\admin_mod\return_book\return_book.php on line 224.
 1 SYSTEMPATH\View\View.php(216): CodeIgniter\View\View->CodeIgniter\View\{closure}()
 2 SYSTEMPATH\Common.php(1184): CodeIgniter\View\View->render('admin_mod/return_book/return_book', [], true)
 3 APPPATH\Controllers\Return_book.php(5): view('admin_mod/return_book/return_book')
 4 SYSTEMPATH\CodeIgniter.php(934): App\Controllers\Return_book->index()
 5 SYSTEMPATH\CodeIgniter.php(499): CodeIgniter\CodeIgniter->runController(Object(App\Controllers\Return_book))
 6 SYSTEMPATH\CodeIgniter.php(368): CodeIgniter\CodeIgniter->handleRequest(null, Object(Config\Cache), false)
 7 FCPATH\index.php(64): CodeIgniter\CodeIgniter->run()
CRITICAL - 2023-06-15 17:30:48 --> Class "set_reurn_book" not found
in APPPATH\Views\admin_mod\return_book\return_book.php on line 63.
 1 SYSTEMPATH\View\View.php(213): include()
 2 SYSTEMPATH\View\View.php(216): CodeIgniter\View\View->CodeIgniter\View\{closure}()
 3 SYSTEMPATH\Common.php(1184): CodeIgniter\View\View->render('admin_mod/return_book/return_book', [], true)
 4 APPPATH\Controllers\Return_book.php(5): view('admin_mod/return_book/return_book')
 5 SYSTEMPATH\CodeIgniter.php(934): App\Controllers\Return_book->index()
 6 SYSTEMPATH\CodeIgniter.php(499): CodeIgniter\CodeIgniter->runController(Object(App\Controllers\Return_book))
 7 SYSTEMPATH\CodeIgniter.php(368): CodeIgniter\CodeIgniter->handleRequest(null, Object(Config\Cache), false)
 8 FCPATH\index.php(64): CodeIgniter\CodeIgniter->run()
CRITICAL - 2023-06-15 17:33:34 --> Class "set_reurn_book" not found
in APPPATH\Views\admin_mod\return_book\return_book.php on line 63.
 1 SYSTEMPATH\View\View.php(213): include()
 2 SYSTEMPATH\View\View.php(216): CodeIgniter\View\View->CodeIgniter\View\{closure}()
 3 SYSTEMPATH\Common.php(1184): CodeIgniter\View\View->render('admin_mod/return_book/return_book', [], true)
 4 APPPATH\Controllers\Return_book.php(5): view('admin_mod/return_book/return_book')
 5 SYSTEMPATH\CodeIgniter.php(934): App\Controllers\Return_book->index()
 6 SYSTEMPATH\CodeIgniter.php(499): CodeIgniter\CodeIgniter->runController(Object(App\Controllers\Return_book))
 7 SYSTEMPATH\CodeIgniter.php(368): CodeIgniter\CodeIgniter->handleRequest(null, Object(Config\Cache), false)
 8 FCPATH\index.php(64): CodeIgniter\CodeIgniter->run()
CRITICAL - 2023-06-15 17:34:31 --> Class "set_reurn_book" not found
in APPPATH\Views\admin_mod\return_book\return_book.php on line 63.
 1 SYSTEMPATH\View\View.php(213): include()
 2 SYSTEMPATH\View\View.php(216): CodeIgniter\View\View->CodeIgniter\View\{closure}()
 3 SYSTEMPATH\Common.php(1184): CodeIgniter\View\View->render('admin_mod/return_book/return_book', [], true)
 4 APPPATH\Controllers\Return_book.php(5): view('admin_mod/return_book/return_book')
 5 SYSTEMPATH\CodeIgniter.php(934): App\Controllers\Return_book->index()
 6 SYSTEMPATH\CodeIgniter.php(499): CodeIgniter\CodeIgniter->runController(Object(App\Controllers\Return_book))
 7 SYSTEMPATH\CodeIgniter.php(368): CodeIgniter\CodeIgniter->handleRequest(null, Object(Config\Cache), false)
 8 FCPATH\index.php(64): CodeIgniter\CodeIgniter->run()
